-------------------------------------------------------------------------------
Test set: com.api.automation.postrequest.TestSchemaRunner
-------------------------------------------------------------------------------
Tests run: 2, Failures: 1, Errors: 0, Skipped: 0, Time elapsed: 0.345 s <<< FAILURE! - in com.api.automation.postrequest.TestSchemaRunner
com/api/automation/postrequest/schemaValidation.[2:17] Schema Validation for GET end point  Time elapsed: 0.282 s  <<< FAILURE!
org.opentest4j.AssertionFailedError: 
match failed: EQUALS
  $ | all array elements matched (LIST:STRING)
  [{"jobId":1,"jobTitle":"Software Engg","jobDescription":"To develop andriod application","experience":["Google","Apple","Mobile Iron"],"project":[{"projectName":"Movie App","technology":["Kotlin","SQL Lite","Gradle"]}]},{"jobId":3,"jobTitle":"Data Engg","jobDescription":"Create machine learning apps","experience":["IBM","INTEL"],"project":[{"projectName":"SCASE","technology":["Python","R"]}]},{"jobId":4,"jobTitle":"Software Engg - 2","jobDescription":"To develop andriod application and web application","experience":["RRD","ApD","MobileIron"],"project":[{"projectName":"Eccc","technology":["Selenium","Robot"]}]},{"jobId":640,"jobTitle":"Data Engg","jobDescription":"Create machine learning apps","experience":["IBM","INTEL"],"project":[{"projectName":"SCASE","technology":["Python","R"]}]},{"jobId":430,"jobTitle":"QA Tester","jobDescription":"To develop andriod application","experience":["RRD","ApD","MobileIron"],"project":[{"projectName":"Eccc","technology":["Selenium","Robot"]}]},{"jobId":3,"jobTitle":"Data Engg","jobDescription":"Create machine learning apps","experience":["IBM","INTEL"],"project":[{"projectName":"SCASE","technology":["Python","R"]}]},{"jobId":3,"jobTitle":"Data Engg","jobDescription":"Create machine learning apps","experience":["IBM","INTEL"],"project":[{"projectName":"SCASE","technology":["Python","R"]}]},{"jobId":4,"jobTitle":"QA Tester","jobDescription":"To develop andriod application","experience":["RRD","ApD","MobileIron"],"project":[{"projectName":"Eccc","technology":["Selenium","Robot"]}]},{"jobId":404,"jobTitle":"Data Engg","jobDescription":"Create machine learning apps","experience":["IBM","INTEL"],"project":[{"projectName":"SCASE","technology":["Python","R"]}]},{"jobId":412,"jobTitle":"QA Tester","jobDescription":"To develop andriod application","experience":["RRD","ApD","MobileIron"],"project":[{"projectName":"Eccc","technology":["Selenium","Robot"]}]},{"jobId":3,"jobTitle":"Data Engg","jobDescription":"Create machine learning apps","experience":["IBM","INTEL"],"project":[{"projectName":"SCASE","technology":["Python","R"]}]},{"jobId":3,"jobTitle":"Data Engg","jobDescription":"Create machine learning apps","experience":["IBM","INTEL"],"project":[{"projectName":"SCASE","technology":["Python","R"]}]},{"jobId":4,"jobTitle":"QA Tester","jobDescription":"To develop andriod application","experience":["RRD","ApD","MobileIron"],"project":[{"projectName":"Eccc","technology":["Selenium","Robot"]}]},{"jobId":612,"jobTitle":"Data Engg","jobDescription":"Create machine learning apps","experience":["IBM","INTEL"],"project":[{"projectName":"SCASE","technology":["Python","R"]}]},{"jobId":124,"jobTitle":"QA Tester","jobDescription":"To develop andriod application","experience":["RRD","ApD","MobileIron"],"project":[{"projectName":"Eccc","technology":["Selenium","Robot"]}]},{"jobId":3,"jobTitle":"Data Engg","jobDescription":"Create machine learning apps","experience":["IBM","INTEL"],"project":[{"projectName":"SCASE","technology":["Python","R"]}]},{"jobId":3,"jobTitle":"Data Engg","jobDescription":"Create machine learning apps","experience":["IBM","INTEL"],"project":[{"projectName":"SCASE","technology":["Python","R"]}]},{"jobId":4,"jobTitle":"QA Tester","jobDescription":"To develop andriod application","experience":["RRD","ApD","MobileIron"],"project":[{"projectName":"Eccc","technology":["Selenium","Robot"]}]},{"jobId":27,"jobTitle":"Data Engg","jobDescription":"Create machine learning apps","experience":["IBM","INTEL"],"project":[{"projectName":"SCASE","technology":["Python","R"]}]},{"jobId":276,"jobTitle":"QA Tester","jobDescription":"To develop andriod application","experience":["RRD","ApD","MobileIron"],"project":[{"projectName":"Eccc","technology":["Selenium","Robot"]}]},{"jobId":3,"jobTitle":"Data Engg","jobDescription":"Create machine learning apps","experience":["IBM","INTEL"],"project":[{"projectName":"SCASE","technology":["Python","R"]}]},{"jobId":47,"jobTitle":"LOS","jobDescription":"SOL","experience":["Nothing"],"project":[]},{"jobId":99,"jobTitle":"LOS","jobDescription":"SOL","experience":["Nothing"],"project":[]},{"jobId":49,"jobTitle":"LOS","jobDescription":"SOL","experience":["Nothing"],"project":[]},{"jobId":99,"jobTitle":"LOS","jobDescription":"SOL","experience":["Nothing"],"project":[]},{"jobId":80,"jobTitle":"LOS","jobDescription":"SOL","experience":["Nothing"],"project":[]},{"jobId":0,"jobTitle":"LOS","jobDescription":"SOL","experience":["Nothing"],"project":[]},{"jobId":0,"jobTitle":"LOS","jobDescription":"SOL","experience":["Nothing"],"project":[]},{"jobId":0,"jobTitle":"LOS","jobDescription":"SOL","experience":["Nothing"],"project":[]},{"jobId":45,"jobTitle":"QA Tester","jobDescription":"Finding bugs","experience":["Nothing"],"project":[]},{"jobId":64,"jobTitle":"QA Tester","jobDescription":"Finding bugs","experience":["Nothing"],"project":[]},{"jobId":38,"jobTitle":"QA Tester","jobDescription":"Finding bugs","experience":["Nothing"],"project":[]},{"jobId":85,"jobTitle":"LOS","jobDescription":"SOL","experience":["Nothing"],"project":[]},{"jobId":9,"jobTitle":"QA Tester","jobDescription":"Finding bugs","experience":["Nothing"],"project":[]},{"jobId":85,"jobTitle":"LOS","jobDescription":"SOL","experience":["Nothing"],"project":[]},{"jobId":36,"jobTitle":"LOS","jobDescription":"SOL","experience":["Nothing"],"project":[]},{"jobId":41,"jobTitle":"QA Tester","jobDescription":"Finding bugs","experience":["Nothing"],"project":[]},{"jobId":42,"jobTitle":"LOS","jobDescription":"SOL","experience":["Nothing"],"project":[]},{"jobId":69,"jobTitle":"LOS","jobDescription":"SOL","experience":["Nothing"],"project":[]},{"jobId":13,"jobTitle":"LOS","jobDescription":"SOL","experience":["Nothing"],"project":[]},{"jobId":15,"jobTitle":"LOS","jobDescription":"To develop andriod application and web application","experience":["Nothing"],"project":[]},{"jobId":19,"jobTitle":"LOS","jobDescription":"SOL","experience":["Nothing"],"project":[]},{"jobId":92,"jobTitle":"Software Engg - 2","jobDescription":"To develop andriod application and web application","experience":["Nothing"],"project":[]},{"jobId":54,"jobTitle":"LOS","jobDescription":"SOL","experience":["Nothing"],"project":[]},{"jobId":90,"jobTitle":"Software Engg - 2","jobDescription":"To develop andriod application and web application","experience":["Nothing"],"project":[]},{"jobId":38,"jobTitle":"LOS","jobDescription":"SOL","experience":["Nothing"],"project":[]},{"jobId":5,"jobTitle":"Software Engg - 2","jobDescription":"To develop andriod application","experience":["Google","Apple","Mobile Iron","Google"],"project":[{"projectName":"Movie App","technology":["Kotlin","SQL Lite","Gradle","Jenkins"]}]},{"jobId":623,"jobTitle":"Data Engg","jobDescription":"Create machine learning apps","experience":["IBM","INTEL"],"project":[{"projectName":"SCASE","technology":["Python","R"]}]},{"jobId":3,"jobTitle":"Data Engg","jobDescription":"Create machine learning apps","experience":["IBM","INTEL"],"project":[{"projectName":"SCASE","technology":["Python","R"]}]},{"jobId":4,"jobTitle":"QA Tester","jobDescription":"To develop andriod application","experience":["RRD","ApD","MobileIron"],"project":[{"projectName":"Eccc","technology":["Selenium","Robot"]}]},{"jobId":345,"jobTitle":"QA Tester","jobDescription":"To develop andriod application","experience":["RRD","ApD","MobileIron"],"project":[{"projectName":"Eccc","technology":["Selenium","Robot"]}]},{"jobId":7,"jobTitle":"Software Engg","jobDescription":"To develop andriod application","experience":["Google","Apple","Mobile Iron","Subex"],"project":[{"projectName":"Movie App","technology":["Kotlin","SQL Lite","Gradle","Jenkins"]}]},{"jobId":7,"jobTitle":"Software Engg","jobDescription":"To develop andriod application","experience":["Google","Apple","Mobile Iron","Subex"],"project":[{"projectName":"Movie App","technology":["Kotlin","SQL Lite","Gradle","Jenkins"]}]},{"jobId":50,"jobTitle":"Software Engg - 2","jobDescription":"To develop andriod application","experience":["Google","Apple","Mobile Iron","Google"],"project":[{"projectName":"Movie App","technology":["Kotlin","SQL Lite","Gradle","Jenkins"]}]},{"jobId":43,"jobTitle":"Software Engg","jobDescription":"To develop andriod application","experience":["Google","Apple","Mobile Iron","Subex"],"project":[{"projectName":"Movie App","technology":["Kotlin","SQL Lite","Gradle","Jenkins"]}]},{"jobId":19,"jobTitle":"LOS","jobDescription":"SOL","experience":["Nothing"],"project":[]},{"jobId":7,"jobTitle":"LOS","jobDescription":"SOL","experience":["Nothing"],"project":[]},{"jobId":3,"jobTitle":"Data Engg","jobDescription":"Create machine learning apps","experience":["IBM","INTEL"],"project":[{"projectName":"SCASE","technology":["Python","R"]}]},{"jobId":5,"jobTitle":"Software Engg - 2","jobDescription":"To develop andriod application","experience":["Google","Apple","Mobile Iron","Google"],"project":[{"projectName":"Movie App","technology":["Kotlin","SQL Lite","Gradle","Jenkins"]}]},{"jobId":4,"jobTitle":"QA Tester","jobDescription":"To develop andriod application","experience":["RRD","ApD","MobileIron"],"project":[{"projectName":"Eccc","technology":["Selenium","Robot"]}]},{"jobId":135,"jobTitle":"Data Engg","jobDescription":"Create machine learning apps","experience":["IBM","INTEL"],"project":[{"projectName":"SCASE","technology":["Python","R"]}]},{"jobId":647,"jobTitle":"QA Tester","jobDescription":"To develop andriod application","experience":["RRD","ApD","MobileIron"],"project":[{"projectName":"Eccc","technology":["Selenium","Robot"]}]},{"jobId":7,"jobTitle":"Software Engg","jobDescription":"To develop andriod application","experience":["Google","Apple","Mobile Iron","Subex"],"project":[{"projectName":"Movie App","technology":["Kotlin","SQL Lite","Gradle","Jenkins"]}]},{"jobId":7,"jobTitle":"Software Engg","jobDescription":"To develop andriod application","experience":["Google","Apple","Mobile Iron","Subex"],"project":[{"projectName":"Movie App","technology":["Kotlin","SQL Lite","Gradle","Jenkins"]}]},{"jobId":36,"jobTitle":"Software Engg - 2","jobDescription":"To develop andriod application","experience":["Google","Apple","Mobile Iron","Google"],"project":[{"projectName":"Movie App","technology":["Kotlin","SQL Lite","Gradle","Jenkins"]}]},{"jobId":6,"jobTitle":"Software Engg","jobDescription":"To develop andriod application","experience":["Google","Apple","Mobile Iron","Subex"],"project":[{"projectName":"Movie App","technology":["Kotlin","SQL Lite","Gradle","Jenkins"]}]},{"jobId":40,"jobTitle":"LOS","jobDescription":"SOL","experience":["Nothing"],"project":[]},{"jobId":59,"jobTitle":"LOS","jobDescription":"SOL","experience":["Nothing"],"project":[]},{"jobId":80,"jobTitle":"LOS","jobDescription":"SOL","experience":["Nothing"],"project":[]},{"jobId":4,"jobTitle":"LOS","jobDescription":"SOL","experience":["Nothing"],"project":[]},{"jobId":33,"jobTitle":"LOS","jobDescription":"SOL","experience":["Nothing"],"project":[]},{"jobId":70,"jobTitle":"Software Engg - 2","jobDescription":"To develop andriod application and web application","experience":["Nothing"],"project":[]},{"jobId":40,"jobTitle":"LOS","jobDescription":"SOL","experience":["Nothing"],"project":[]},{"jobId":32,"jobTitle":"LOS","jobDescription":"SOL","experience":["Nothing"],"project":[]},{"jobId":370,"jobTitle":"IOS","jobDescription":"APPLE","experience":["Nothing"],"project":[]},{"jobId":676,"jobTitle":"IOS","jobDescription":"APPLE","experience":["Nothing"],"project":[]},{"jobId":704,"jobTitle":"IOS","jobDescription":"APPLE","experience":["Nothing"],"project":[]},{"jobId":9980,"jobTitle":"Data Analyst","jobDescription":"Develop machine learning models","experience":["Nothing"],"project":[]},{"jobId":9980,"jobTitle":"Data Analyst","jobDescription":"Develop machine learning models","experience":["Nothing"],"project":[]},{"jobId":3,"jobTitle":"Data Engg","jobDescription":"Create machine learning apps","experience":["IBM","INTEL"],"project":[{"projectName":"SCASE","technology":["Python","R"]}]},{"jobId":4,"jobTitle":"QA Tester","jobDescription":"To develop andriod application","experience":["RRD","ApD","MobileIron"],"project":[{"projectName":"Eccc","technology":["Selenium","Robot"]}]},{"jobId":82,"jobTitle":"Data Engg","jobDescription":"Create machine learning apps","experience":["IBM","INTEL"],"project":[{"projectName":"SCASE","technology":["Python","R"]}]},{"jobId":291,"jobTitle":"QA Tester","jobDescription":"To develop andriod application","experience":["RRD","ApD","MobileIron"],"project":[{"projectName":"Eccc","technology":["Selenium","Robot"]}]},{"jobId":3,"jobTitle":"Data Engg","jobDescription":"Create machine learning apps","experience":["IBM","INTEL"],"project":[{"projectName":"SCASE","technology":["Python","R"]}]},{"jobId":3,"jobTitle":"Data Engg","jobDescription":"Create machine learning apps","experience":["IBM","INTEL"],"project":[{"projectName":"SCASE","technology":["Python","R"]}]}]
  '#[] ##(mainSchema)'

    $[21] | not equal | match failed for name: 'project' (MAP:MAP)
    {"jobId":47,"jobTitle":"LOS","jobDescription":"SOL","experience":["Nothing"],"project":[]}
    {"jobId":"#number","jobTitle":"#string","jobDescription":"#string","experience":"#[] #string","project":"#[] ##(projectSchema)"}

      $[21].project | all array elements matched (LIST:STRING)
      []
      '#[] ##(projectSchema)'


classpath:com/api/automation/postrequest/schemaValidation.feature:26
	at org.junit.jupiter.api.AssertionUtils.fail(AssertionUtils.java:38)
	at org.junit.jupiter.api.Assertions.fail(Assertions.java:135)
	at com.intuit.karate.junit5.FeatureNode.lambda$next$1(FeatureNode.java:86)
	at org.junit.jupiter.engine.descriptor.DynamicTestTestDescriptor.lambda$execute$0(DynamicTestTestDescriptor.java:53)
	at org.junit.jupiter.engine.execution.InvocationInterceptorChain$ValidatingInvocation.proceed(InvocationInterceptorChain.java:131)
	at org.junit.jupiter.api.extension.InvocationInterceptor.interceptDynamicTest(InvocationInterceptor.java:167)
	at org.junit.jupiter.api.extension.InvocationInterceptor.interceptDynamicTest(InvocationInterceptor.java:184)
	at org.junit.jupiter.engine.descriptor.DynamicTestTestDescriptor.lambda$execute$1(DynamicTestTestDescriptor.java:61)
	at org.junit.jupiter.engine.execution.InvocationInterceptorChain$InterceptorCall.lambda$ofVoid$0(InvocationInterceptorChain.java:78)
	at org.junit.jupiter.engine.execution.InvocationInterceptorChain$InterceptedInvocation.proceed(InvocationInterceptorChain.java:106)
	at org.junit.jupiter.engine.execution.InvocationInterceptorChain.proceed(InvocationInterceptorChain.java:64)
	at org.junit.jupiter.engine.execution.InvocationInterceptorChain.chainAndInvoke(InvocationInterceptorChain.java:45)
	at org.junit.jupiter.engine.execution.InvocationInterceptorChain.invoke(InvocationInterceptorChain.java:37)
	at org.junit.jupiter.engine.descriptor.DynamicTestTestDescriptor.execute(DynamicTestTestDescriptor.java:60)
	at org.junit.jupiter.engine.descriptor.DynamicTestTestDescriptor.execute(DynamicTestTestDescriptor.java:32)
	at org.junit.platform.engine.support.hierarchical.NodeTestTask.lambda$executeRecursively$6(NodeTestTask.java:151)
	at org.junit.platform.engine.support.hierarchical.ThrowableCollector.execute(ThrowableCollector.java:73)
	at org.junit.platform.engine.support.hierarchical.NodeTestTask.lambda$executeRecursively$8(NodeTestTask.java:141)
	at org.junit.platform.engine.support.hierarchical.Node.around(Node.java:137)
	at org.junit.platform.engine.support.hierarchical.NodeTestTask.lambda$executeRecursively$9(NodeTestTask.java:139)
	at org.junit.platform.engine.support.hierarchical.ThrowableCollector.execute(ThrowableCollector.java:73)
	at org.junit.platform.engine.support.hierarchical.NodeTestTask.executeRecursively(NodeTestTask.java:138)
	at org.junit.platform.engine.support.hierarchical.NodeTestTask.execute(NodeTestTask.java:95)
	at org.junit.platform.engine.support.hierarchical.SameThreadHierarchicalTestExecutorService.submit(SameThreadHierarchicalTestExecutorService.java:35)
	at org.junit.platform.engine.support.hierarchical.NodeTestTask$DefaultDynamicTestExecutor.execute(NodeTestTask.java:226)
	at org.junit.platform.engine.support.hierarchical.NodeTestTask$DefaultDynamicTestExecutor.execute(NodeTestTask.java:204)
	at java.base/java.util.stream.ForEachOps$ForEachOp$OfRef.accept(ForEachOps.java:183)
	at java.base/java.util.stream.ReferencePipeline$3$1.accept(ReferencePipeline.java:197)
	at java.base/java.util.stream.ReferencePipeline$2$1.accept(ReferencePipeline.java:179)
	at java.base/java.util.stream.ReferencePipeline$3$1.accept(ReferencePipeline.java:197)
	at java.base/java.util.Iterator.forEachRemaining(Iterator.java:133)
	at java.base/java.util.Spliterators$IteratorSpliterator.forEachRemaining(Spliterators.java:1801)
	at java.base/java.util.stream.AbstractPipeline.copyInto(AbstractPipeline.java:484)
	at java.base/java.util.stream.AbstractPipeline.wrapAndCopyInto(AbstractPipeline.java:474)
	at java.base/java.util.stream.ForEachOps$ForEachOp.evaluateSequential(ForEachOps.java:150)
	at java.base/java.util.stream.ForEachOps$ForEachOp$OfRef.evaluateSequential(ForEachOps.java:173)
	at java.base/java.util.stream.AbstractPipeline.evaluate(AbstractPipeline.java:234)
	at java.base/java.util.stream.ReferencePipeline.forEachOrdered(ReferencePipeline.java:601)
	at org.junit.jupiter.engine.descriptor.DynamicContainerTestDescriptor.execute(DynamicContainerTestDescriptor.java:67)
	at org.junit.jupiter.engine.descriptor.DynamicContainerTestDescriptor.execute(DynamicContainerTestDescriptor.java:33)
	at org.junit.platform.engine.support.hierarchical.NodeTestTask.lambda$executeRecursively$6(NodeTestTask.java:151)
	at org.junit.platform.engine.support.hierarchical.ThrowableCollector.execute(ThrowableCollector.java:73)
	at org.junit.platform.engine.support.hierarchical.NodeTestTask.lambda$executeRecursively$8(NodeTestTask.java:141)
	at org.junit.platform.engine.support.hierarchical.Node.around(Node.java:137)
	at org.junit.platform.engine.support.hierarchical.NodeTestTask.lambda$executeRecursively$9(NodeTestTask.java:139)
	at org.junit.platform.engine.support.hierarchical.ThrowableCollector.execute(ThrowableCollector.java:73)
	at org.junit.platform.engine.support.hierarchical.NodeTestTask.executeRecursively(NodeTestTask.java:138)
	at org.junit.platform.engine.support.hierarchical.NodeTestTask.execute(NodeTestTask.java:95)
	at org.junit.platform.engine.support.hierarchical.SameThreadHierarchicalTestExecutorService.submit(SameThreadHierarchicalTestExecutorService.java:35)
	at org.junit.platform.engine.support.hierarchical.NodeTestTask$DefaultDynamicTestExecutor.execute(NodeTestTask.java:226)
	at org.junit.platform.engine.support.hierarchical.NodeTestTask$DefaultDynamicTestExecutor.execute(NodeTestTask.java:204)
	at java.base/java.util.Optional.ifPresent(Optional.java:178)
	at org.junit.jupiter.engine.descriptor.TestFactoryTestDescriptor.lambda$invokeTestMethod$1(TestFactoryTestDescriptor.java:108)
	at org.junit.platform.engine.support.hierarchical.ThrowableCollector.execute(ThrowableCollector.java:73)
	at org.junit.jupiter.engine.descriptor.TestFactoryTestDescriptor.invokeTestMethod(TestFactoryTestDescriptor.java:95)
	at org.junit.jupiter.engine.descriptor.TestMethodTestDescriptor.execute(TestMethodTestDescriptor.java:138)
	at org.junit.jupiter.engine.descriptor.TestMethodTestDescriptor.execute(TestMethodTestDescriptor.java:68)
	at org.junit.platform.engine.support.hierarchical.NodeTestTask.lambda$executeRecursively$6(NodeTestTask.java:151)
	at org.junit.platform.engine.support.hierarchical.ThrowableCollector.execute(ThrowableCollector.java:73)
	at org.junit.platform.engine.support.hierarchical.NodeTestTask.lambda$executeRecursively$8(NodeTestTask.java:141)
	at org.junit.platform.engine.support.hierarchical.Node.around(Node.java:137)
	at org.junit.platform.engine.support.hierarchical.NodeTestTask.lambda$executeRecursively$9(NodeTestTask.java:139)
	at org.junit.platform.engine.support.hierarchical.ThrowableCollector.execute(ThrowableCollector.java:73)
	at org.junit.platform.engine.support.hierarchical.NodeTestTask.executeRecursively(NodeTestTask.java:138)
	at org.junit.platform.engine.support.hierarchical.NodeTestTask.execute(NodeTestTask.java:95)
	at java.base/java.util.ArrayList.forEach(ArrayList.java:1511)
	at org.junit.platform.engine.support.hierarchical.SameThreadHierarchicalTestExecutorService.invokeAll(SameThreadHierarchicalTestExecutorService.java:41)
	at org.junit.platform.engine.support.hierarchical.NodeTestTask.lambda$executeRecursively$6(NodeTestTask.java:155)
	at org.junit.platform.engine.support.hierarchical.ThrowableCollector.execute(ThrowableCollector.java:73)
	at org.junit.platform.engine.support.hierarchical.NodeTestTask.lambda$executeRecursively$8(NodeTestTask.java:141)
	at org.junit.platform.engine.support.hierarchical.Node.around(Node.java:137)
	at org.junit.platform.engine.support.hierarchical.NodeTestTask.lambda$executeRecursively$9(NodeTestTask.java:139)
	at org.junit.platform.engine.support.hierarchical.ThrowableCollector.execute(ThrowableCollector.java:73)
	at org.junit.platform.engine.support.hierarchical.NodeTestTask.executeRecursively(NodeTestTask.java:138)
	at org.junit.platform.engine.support.hierarchical.NodeTestTask.execute(NodeTestTask.java:95)
	at java.base/java.util.ArrayList.forEach(ArrayList.java:1511)
	at org.junit.platform.engine.support.hierarchical.SameThreadHierarchicalTestExecutorService.invokeAll(SameThreadHierarchicalTestExecutorService.java:41)
	at org.junit.platform.engine.support.hierarchical.NodeTestTask.lambda$executeRecursively$6(NodeTestTask.java:155)
	at org.junit.platform.engine.support.hierarchical.ThrowableCollector.execute(ThrowableCollector.java:73)
	at org.junit.platform.engine.support.hierarchical.NodeTestTask.lambda$executeRecursively$8(NodeTestTask.java:141)
	at org.junit.platform.engine.support.hierarchical.Node.around(Node.java:137)
	at org.junit.platform.engine.support.hierarchical.NodeTestTask.lambda$executeRecursively$9(NodeTestTask.java:139)
	at org.junit.platform.engine.support.hierarchical.ThrowableCollector.execute(ThrowableCollector.java:73)
	at org.junit.platform.engine.support.hierarchical.NodeTestTask.executeRecursively(NodeTestTask.java:138)
	at org.junit.platform.engine.support.hierarchical.NodeTestTask.execute(NodeTestTask.java:95)
	at org.junit.platform.engine.support.hierarchical.SameThreadHierarchicalTestExecutorService.submit(SameThreadHierarchicalTestExecutorService.java:35)
	at org.junit.platform.engine.support.hierarchical.HierarchicalTestExecutor.execute(HierarchicalTestExecutor.java:57)
	at org.junit.platform.engine.support.hierarchical.HierarchicalTestEngine.execute(HierarchicalTestEngine.java:54)
	at org.junit.platform.launcher.core.EngineExecutionOrchestrator.execute(EngineExecutionOrchestrator.java:147)
	at org.junit.platform.launcher.core.EngineExecutionOrchestrator.execute(EngineExecutionOrchestrator.java:127)
	at org.junit.platform.launcher.core.EngineExecutionOrchestrator.execute(EngineExecutionOrchestrator.java:90)
	at org.junit.platform.launcher.core.EngineExecutionOrchestrator.lambda$execute$0(EngineExecutionOrchestrator.java:55)
	at org.junit.platform.launcher.core.EngineExecutionOrchestrator.withInterceptedStreams(EngineExecutionOrchestrator.java:102)
	at org.junit.platform.launcher.core.EngineExecutionOrchestrator.execute(EngineExecutionOrchestrator.java:54)
	at org.junit.platform.launcher.core.DefaultLauncher.execute(DefaultLauncher.java:114)
	at org.junit.platform.launcher.core.DefaultLauncher.execute(DefaultLauncher.java:86)
	at org.junit.platform.launcher.core.DefaultLauncherSession$DelegatingLauncher.execute(DefaultLauncherSession.java:86)
	at org.apache.maven.surefire.junitplatform.LazyLauncher.execute(LazyLauncher.java:50)
	at org.apache.maven.surefire.junitplatform.JUnitPlatformProvider.execute(JUnitPlatformProvider.java:184)
	at org.apache.maven.surefire.junitplatform.JUnitPlatformProvider.invokeAllTests(JUnitPlatformProvider.java:148)
	at org.apache.maven.surefire.junitplatform.JUnitPlatformProvider.invoke(JUnitPlatformProvider.java:122)
	at org.apache.maven.surefire.booter.ForkedBooter.runSuitesInProcess(ForkedBooter.java:385)
	at org.apache.maven.surefire.booter.ForkedBooter.execute(ForkedBooter.java:162)
	at org.apache.maven.surefire.booter.ForkedBooter.run(ForkedBooter.java:507)
	at org.apache.maven.surefire.booter.ForkedBooter.main(ForkedBooter.java:495)

