<?xml version="1.0" encoding="UTF-8"?>
<testsuite xmlns:xsi="http://www.w3.org/2001/XMLSchema-instance" xsi:noNamespaceSchemaLocation="https://maven.apache.org/surefire/maven-surefire-plugin/xsd/surefire-test-report-3.0.xsd" version="3.0" name="com.api.automation.getrequest.TestReadExernalFileRunner" time="0.66" tests="2" errors="0" skipped="0" failures="2">
  <properties>
[...]
</properties>
  <testcase name="[1:9] To get data in JSON format and read the expected result in a json file" classname="com/api/automation/getrequest/ReadExternalFiles" time="0.098">
    <failure message="match failed: EQUALS&#10;  $ | not equal | actual array length is not equal to expected - 73:1 (LIST:LIST)&#10;  [{&quot;jobId&quot;:1,&quot;jobTitle&quot;:&quot;Software Engg&quot;,&quot;jobDescription&quot;:&quot;To develop andriod application&quot;,&quot;experience&quot;:[&quot;Google&quot;,&quot;Apple&quot;,&quot;Mobile Iron&quot;],&quot;project&quot;:[{&quot;projectName&quot;:&quot;Movie App&quot;,&quot;technology&quot;:[&quot;Kotlin&quot;,&quot;SQL Lite&quot;,&quot;Gradle&quot;]}]},{&quot;jobId&quot;:3,&quot;jobTitle&quot;:&quot;Data Engg&quot;,&quot;jobDescription&quot;:&quot;Create machine learning apps&quot;,&quot;experience&quot;:[&quot;IBM&quot;,&quot;INTEL&quot;],&quot;project&quot;:[{&quot;projectName&quot;:&quot;SCASE&quot;,&quot;technology&quot;:[&quot;Python&quot;,&quot;R&quot;]}]},{&quot;jobId&quot;:4,&quot;jobTitle&quot;:&quot;Software Engg - 2&quot;,&quot;jobDescription&quot;:&quot;To develop andriod application and web application&quot;,&quot;experience&quot;:[&quot;RRD&quot;,&quot;ApD&quot;,&quot;MobileIron&quot;],&quot;project&quot;:[{&quot;projectName&quot;:&quot;Eccc&quot;,&quot;technology&quot;:[&quot;Selenium&quot;,&quot;Robot&quot;]}]},{&quot;jobId&quot;:640,&quot;jobTitle&quot;:&quot;Data Engg&quot;,&quot;jobDescription&quot;:&quot;Create machine learning apps&quot;,&quot;experience&quot;:[&quot;IBM&quot;,&quot;INTEL&quot;],&quot;project&quot;:[{&quot;projectName&quot;:&quot;SCASE&quot;,&quot;technology&quot;:[&quot;Python&quot;,&quot;R&quot;]}]},{&quot;jobId&quot;:430,&quot;jobTitle&quot;:&quot;QA Tester&quot;,&quot;jobDescription&quot;:&quot;To develop andriod application&quot;,&quot;experience&quot;:[&quot;RRD&quot;,&quot;ApD&quot;,&quot;MobileIron&quot;],&quot;project&quot;:[{&quot;projectName&quot;:&quot;Eccc&quot;,&quot;technology&quot;:[&quot;Selenium&quot;,&quot;Robot&quot;]}]},{&quot;jobId&quot;:3,&quot;jobTitle&quot;:&quot;Data Engg&quot;,&quot;jobDescription&quot;:&quot;Create machine learning apps&quot;,&quot;experience&quot;:[&quot;IBM&quot;,&quot;INTEL&quot;],&quot;project&quot;:[{&quot;projectName&quot;:&quot;SCASE&quot;,&quot;technology&quot;:[&quot;Python&quot;,&quot;R&quot;]}]},{&quot;jobId&quot;:3,&quot;jobTitle&quot;:&quot;Data Engg&quot;,&quot;jobDescription&quot;:&quot;Create machine learning apps&quot;,&quot;experience&quot;:[&quot;IBM&quot;,&quot;INTEL&quot;],&quot;project&quot;:[{&quot;projectName&quot;:&quot;SCASE&quot;,&quot;technology&quot;:[&quot;Python&quot;,&quot;R&quot;]}]},{&quot;jobId&quot;:4,&quot;jobTitle&quot;:&quot;QA Tester&quot;,&quot;jobDescription&quot;:&quot;To develop andriod application&quot;,&quot;experience&quot;:[&quot;RRD&quot;,&quot;ApD&quot;,&quot;MobileIron&quot;],&quot;project&quot;:[{&quot;projectName&quot;:&quot;Eccc&quot;,&quot;technology&quot;:[&quot;Selenium&quot;,&quot;Robot&quot;]}]},{&quot;jobId&quot;:404,&quot;jobTitle&quot;:&quot;Data Engg&quot;,&quot;jobDescription&quot;:&quot;Create machine learning apps&quot;,&quot;experience&quot;:[&quot;IBM&quot;,&quot;INTEL&quot;],&quot;project&quot;:[{&quot;projectName&quot;:&quot;SCASE&quot;,&quot;technology&quot;:[&quot;Python&quot;,&quot;R&quot;]}]},{&quot;jobId&quot;:412,&quot;jobTitle&quot;:&quot;QA Tester&quot;,&quot;jobDescription&quot;:&quot;To develop andriod application&quot;,&quot;experience&quot;:[&quot;RRD&quot;,&quot;ApD&quot;,&quot;MobileIron&quot;],&quot;project&quot;:[{&quot;projectName&quot;:&quot;Eccc&quot;,&quot;technology&quot;:[&quot;Selenium&quot;,&quot;Robot&quot;]}]},{&quot;jobId&quot;:3,&quot;jobTitle&quot;:&quot;Data Engg&quot;,&quot;jobDescription&quot;:&quot;Create machine learning apps&quot;,&quot;experience&quot;:[&quot;IBM&quot;,&quot;INTEL&quot;],&quot;project&quot;:[{&quot;projectName&quot;:&quot;SCASE&quot;,&quot;technology&quot;:[&quot;Python&quot;,&quot;R&quot;]}]},{&quot;jobId&quot;:3,&quot;jobTitle&quot;:&quot;Data Engg&quot;,&quot;jobDescription&quot;:&quot;Create machine learning apps&quot;,&quot;experience&quot;:[&quot;IBM&quot;,&quot;INTEL&quot;],&quot;project&quot;:[{&quot;projectName&quot;:&quot;SCASE&quot;,&quot;technology&quot;:[&quot;Python&quot;,&quot;R&quot;]}]},{&quot;jobId&quot;:4,&quot;jobTitle&quot;:&quot;QA Tester&quot;,&quot;jobDescription&quot;:&quot;To develop andriod application&quot;,&quot;experience&quot;:[&quot;RRD&quot;,&quot;ApD&quot;,&quot;MobileIron&quot;],&quot;project&quot;:[{&quot;projectName&quot;:&quot;Eccc&quot;,&quot;technology&quot;:[&quot;Selenium&quot;,&quot;Robot&quot;]}]},{&quot;jobId&quot;:612,&quot;jobTitle&quot;:&quot;Data Engg&quot;,&quot;jobDescription&quot;:&quot;Create machine learning apps&quot;,&quot;experience&quot;:[&quot;IBM&quot;,&quot;INTEL&quot;],&quot;project&quot;:[{&quot;projectName&quot;:&quot;SCASE&quot;,&quot;technology&quot;:[&quot;Python&quot;,&quot;R&quot;]}]},{&quot;jobId&quot;:124,&quot;jobTitle&quot;:&quot;QA Tester&quot;,&quot;jobDescription&quot;:&quot;To develop andriod application&quot;,&quot;experience&quot;:[&quot;RRD&quot;,&quot;ApD&quot;,&quot;MobileIron&quot;],&quot;project&quot;:[{&quot;projectName&quot;:&quot;Eccc&quot;,&quot;technology&quot;:[&quot;Selenium&quot;,&quot;Robot&quot;]}]},{&quot;jobId&quot;:3,&quot;jobTitle&quot;:&quot;Data Engg&quot;,&quot;jobDescription&quot;:&quot;Create machine learning apps&quot;,&quot;experience&quot;:[&quot;IBM&quot;,&quot;INTEL&quot;],&quot;project&quot;:[{&quot;projectName&quot;:&quot;SCASE&quot;,&quot;technology&quot;:[&quot;Python&quot;,&quot;R&quot;]}]},{&quot;jobId&quot;:3,&quot;jobTitle&quot;:&quot;Data Engg&quot;,&quot;jobDescription&quot;:&quot;Create machine learning apps&quot;,&quot;experience&quot;:[&quot;IBM&quot;,&quot;INTEL&quot;],&quot;project&quot;:[{&quot;projectName&quot;:&quot;SCASE&quot;,&quot;technology&quot;:[&quot;Python&quot;,&quot;R&quot;]}]},{&quot;jobId&quot;:4,&quot;jobTitle&quot;:&quot;QA Tester&quot;,&quot;jobDescription&quot;:&quot;To develop andriod application&quot;,&quot;experience&quot;:[&quot;RRD&quot;,&quot;ApD&quot;,&quot;MobileIron&quot;],&quot;project&quot;:[{&quot;projectName&quot;:&quot;Eccc&quot;,&quot;technology&quot;:[&quot;Selenium&quot;,&quot;Robot&quot;]}]},{&quot;jobId&quot;:27,&quot;jobTitle&quot;:&quot;Data Engg&quot;,&quot;jobDescription&quot;:&quot;Create machine learning apps&quot;,&quot;experience&quot;:[&quot;IBM&quot;,&quot;INTEL&quot;],&quot;project&quot;:[{&quot;projectName&quot;:&quot;SCASE&quot;,&quot;technology&quot;:[&quot;Python&quot;,&quot;R&quot;]}]},{&quot;jobId&quot;:276,&quot;jobTitle&quot;:&quot;QA Tester&quot;,&quot;jobDescription&quot;:&quot;To develop andriod application&quot;,&quot;experience&quot;:[&quot;RRD&quot;,&quot;ApD&quot;,&quot;MobileIron&quot;],&quot;project&quot;:[{&quot;projectName&quot;:&quot;Eccc&quot;,&quot;technology&quot;:[&quot;Selenium&quot;,&quot;Robot&quot;]}]},{&quot;jobId&quot;:3,&quot;jobTitle&quot;:&quot;Data Engg&quot;,&quot;jobDescription&quot;:&quot;Create machine learning apps&quot;,&quot;experience&quot;:[&quot;IBM&quot;,&quot;INTEL&quot;],&quot;project&quot;:[{&quot;projectName&quot;:&quot;SCASE&quot;,&quot;technology&quot;:[&quot;Python&quot;,&quot;R&quot;]}]},{&quot;jobId&quot;:47,&quot;jobTitle&quot;:&quot;LOS&quot;,&quot;jobDescription&quot;:&quot;SOL&quot;,&quot;experience&quot;:[&quot;Nothing&quot;],&quot;project&quot;:[]},{&quot;jobId&quot;:99,&quot;jobTitle&quot;:&quot;LOS&quot;,&quot;jobDescription&quot;:&quot;SOL&quot;,&quot;experience&quot;:[&quot;Nothing&quot;],&quot;project&quot;:[]},{&quot;jobId&quot;:49,&quot;jobTitle&quot;:&quot;LOS&quot;,&quot;jobDescription&quot;:&quot;SOL&quot;,&quot;experience&quot;:[&quot;Nothing&quot;],&quot;project&quot;:[]},{&quot;jobId&quot;:99,&quot;jobTitle&quot;:&quot;LOS&quot;,&quot;jobDescription&quot;:&quot;SOL&quot;,&quot;experience&quot;:[&quot;Nothing&quot;],&quot;project&quot;:[]},{&quot;jobId&quot;:80,&quot;jobTitle&quot;:&quot;LOS&quot;,&quot;jobDescription&quot;:&quot;SOL&quot;,&quot;experience&quot;:[&quot;Nothing&quot;],&quot;project&quot;:[]},{&quot;jobId&quot;:0,&quot;jobTitle&quot;:&quot;LOS&quot;,&quot;jobDescription&quot;:&quot;SOL&quot;,&quot;experience&quot;:[&quot;Nothing&quot;],&quot;project&quot;:[]},{&quot;jobId&quot;:0,&quot;jobTitle&quot;:&quot;LOS&quot;,&quot;jobDescription&quot;:&quot;SOL&quot;,&quot;experience&quot;:[&quot;Nothing&quot;],&quot;project&quot;:[]},{&quot;jobId&quot;:0,&quot;jobTitle&quot;:&quot;LOS&quot;,&quot;jobDescription&quot;:&quot;SOL&quot;,&quot;experience&quot;:[&quot;Nothing&quot;],&quot;project&quot;:[]},{&quot;jobId&quot;:45,&quot;jobTitle&quot;:&quot;QA Tester&quot;,&quot;jobDescription&quot;:&quot;Finding bugs&quot;,&quot;experience&quot;:[&quot;Nothing&quot;],&quot;project&quot;:[]},{&quot;jobId&quot;:64,&quot;jobTitle&quot;:&quot;QA Tester&quot;,&quot;jobDescription&quot;:&quot;Finding bugs&quot;,&quot;experience&quot;:[&quot;Nothing&quot;],&quot;project&quot;:[]},{&quot;jobId&quot;:38,&quot;jobTitle&quot;:&quot;QA Tester&quot;,&quot;jobDescription&quot;:&quot;Finding bugs&quot;,&quot;experience&quot;:[&quot;Nothing&quot;],&quot;project&quot;:[]},{&quot;jobId&quot;:85,&quot;jobTitle&quot;:&quot;LOS&quot;,&quot;jobDescription&quot;:&quot;SOL&quot;,&quot;experience&quot;:[&quot;Nothing&quot;],&quot;project&quot;:[]},{&quot;jobId&quot;:9,&quot;jobTitle&quot;:&quot;QA Tester&quot;,&quot;jobDescription&quot;:&quot;Finding bugs&quot;,&quot;experience&quot;:[&quot;Nothing&quot;],&quot;project&quot;:[]},{&quot;jobId&quot;:85,&quot;jobTitle&quot;:&quot;LOS&quot;,&quot;jobDescription&quot;:&quot;SOL&quot;,&quot;experience&quot;:[&quot;Nothing&quot;],&quot;project&quot;:[]},{&quot;jobId&quot;:36,&quot;jobTitle&quot;:&quot;LOS&quot;,&quot;jobDescription&quot;:&quot;SOL&quot;,&quot;experience&quot;:[&quot;Nothing&quot;],&quot;project&quot;:[]},{&quot;jobId&quot;:41,&quot;jobTitle&quot;:&quot;QA Tester&quot;,&quot;jobDescription&quot;:&quot;Finding bugs&quot;,&quot;experience&quot;:[&quot;Nothing&quot;],&quot;project&quot;:[]},{&quot;jobId&quot;:42,&quot;jobTitle&quot;:&quot;LOS&quot;,&quot;jobDescription&quot;:&quot;SOL&quot;,&quot;experience&quot;:[&quot;Nothing&quot;],&quot;project&quot;:[]},{&quot;jobId&quot;:69,&quot;jobTitle&quot;:&quot;LOS&quot;,&quot;jobDescription&quot;:&quot;SOL&quot;,&quot;experience&quot;:[&quot;Nothing&quot;],&quot;project&quot;:[]},{&quot;jobId&quot;:13,&quot;jobTitle&quot;:&quot;LOS&quot;,&quot;jobDescription&quot;:&quot;SOL&quot;,&quot;experience&quot;:[&quot;Nothing&quot;],&quot;project&quot;:[]},{&quot;jobId&quot;:15,&quot;jobTitle&quot;:&quot;LOS&quot;,&quot;jobDescription&quot;:&quot;To develop andriod application and web application&quot;,&quot;experience&quot;:[&quot;Nothing&quot;],&quot;project&quot;:[]},{&quot;jobId&quot;:19,&quot;jobTitle&quot;:&quot;LOS&quot;,&quot;jobDescription&quot;:&quot;SOL&quot;,&quot;experience&quot;:[&quot;Nothing&quot;],&quot;project&quot;:[]},{&quot;jobId&quot;:92,&quot;jobTitle&quot;:&quot;Software Engg - 2&quot;,&quot;jobDescription&quot;:&quot;To develop andriod application and web application&quot;,&quot;experience&quot;:[&quot;Nothing&quot;],&quot;project&quot;:[]},{&quot;jobId&quot;:54,&quot;jobTitle&quot;:&quot;LOS&quot;,&quot;jobDescription&quot;:&quot;SOL&quot;,&quot;experience&quot;:[&quot;Nothing&quot;],&quot;project&quot;:[]},{&quot;jobId&quot;:90,&quot;jobTitle&quot;:&quot;Software Engg - 2&quot;,&quot;jobDescription&quot;:&quot;To develop andriod application and web application&quot;,&quot;experience&quot;:[&quot;Nothing&quot;],&quot;project&quot;:[]},{&quot;jobId&quot;:38,&quot;jobTitle&quot;:&quot;LOS&quot;,&quot;jobDescription&quot;:&quot;SOL&quot;,&quot;experience&quot;:[&quot;Nothing&quot;],&quot;project&quot;:[]},{&quot;jobId&quot;:5,&quot;jobTitle&quot;:&quot;Software Engg - 2&quot;,&quot;jobDescription&quot;:&quot;To develop andriod application&quot;,&quot;experience&quot;:[&quot;Google&quot;,&quot;Apple&quot;,&quot;Mobile Iron&quot;,&quot;Google&quot;],&quot;project&quot;:[{&quot;projectName&quot;:&quot;Movie App&quot;,&quot;technology&quot;:[&quot;Kotlin&quot;,&quot;SQL Lite&quot;,&quot;Gradle&quot;,&quot;Jenkins&quot;]}]},{&quot;jobId&quot;:623,&quot;jobTitle&quot;:&quot;Data Engg&quot;,&quot;jobDescription&quot;:&quot;Create machine learning apps&quot;,&quot;experience&quot;:[&quot;IBM&quot;,&quot;INTEL&quot;],&quot;project&quot;:[{&quot;projectName&quot;:&quot;SCASE&quot;,&quot;technology&quot;:[&quot;Python&quot;,&quot;R&quot;]}]},{&quot;jobId&quot;:3,&quot;jobTitle&quot;:&quot;Data Engg&quot;,&quot;jobDescription&quot;:&quot;Create machine learning apps&quot;,&quot;experience&quot;:[&quot;IBM&quot;,&quot;INTEL&quot;],&quot;project&quot;:[{&quot;projectName&quot;:&quot;SCASE&quot;,&quot;technology&quot;:[&quot;Python&quot;,&quot;R&quot;]}]},{&quot;jobId&quot;:4,&quot;jobTitle&quot;:&quot;QA Tester&quot;,&quot;jobDescription&quot;:&quot;To develop andriod application&quot;,&quot;experience&quot;:[&quot;RRD&quot;,&quot;ApD&quot;,&quot;MobileIron&quot;],&quot;project&quot;:[{&quot;projectName&quot;:&quot;Eccc&quot;,&quot;technology&quot;:[&quot;Selenium&quot;,&quot;Robot&quot;]}]},{&quot;jobId&quot;:345,&quot;jobTitle&quot;:&quot;QA Tester&quot;,&quot;jobDescription&quot;:&quot;To develop andriod application&quot;,&quot;experience&quot;:[&quot;RRD&quot;,&quot;ApD&quot;,&quot;MobileIron&quot;],&quot;project&quot;:[{&quot;projectName&quot;:&quot;Eccc&quot;,&quot;technology&quot;:[&quot;Selenium&quot;,&quot;Robot&quot;]}]},{&quot;jobId&quot;:7,&quot;jobTitle&quot;:&quot;Software Engg&quot;,&quot;jobDescription&quot;:&quot;To develop andriod application&quot;,&quot;experience&quot;:[&quot;Google&quot;,&quot;Apple&quot;,&quot;Mobile Iron&quot;,&quot;Subex&quot;],&quot;project&quot;:[{&quot;projectName&quot;:&quot;Movie App&quot;,&quot;technology&quot;:[&quot;Kotlin&quot;,&quot;SQL Lite&quot;,&quot;Gradle&quot;,&quot;Jenkins&quot;]}]},{&quot;jobId&quot;:7,&quot;jobTitle&quot;:&quot;Software Engg&quot;,&quot;jobDescription&quot;:&quot;To develop andriod application&quot;,&quot;experience&quot;:[&quot;Google&quot;,&quot;Apple&quot;,&quot;Mobile Iron&quot;,&quot;Subex&quot;],&quot;project&quot;:[{&quot;projectName&quot;:&quot;Movie App&quot;,&quot;technology&quot;:[&quot;Kotlin&quot;,&quot;SQL Lite&quot;,&quot;Gradle&quot;,&quot;Jenkins&quot;]}]},{&quot;jobId&quot;:50,&quot;jobTitle&quot;:&quot;Software Engg - 2&quot;,&quot;jobDescription&quot;:&quot;To develop andriod application&quot;,&quot;experience&quot;:[&quot;Google&quot;,&quot;Apple&quot;,&quot;Mobile Iron&quot;,&quot;Google&quot;],&quot;project&quot;:[{&quot;projectName&quot;:&quot;Movie App&quot;,&quot;technology&quot;:[&quot;Kotlin&quot;,&quot;SQL Lite&quot;,&quot;Gradle&quot;,&quot;Jenkins&quot;]}]},{&quot;jobId&quot;:43,&quot;jobTitle&quot;:&quot;Software Engg&quot;,&quot;jobDescription&quot;:&quot;To develop andriod application&quot;,&quot;experience&quot;:[&quot;Google&quot;,&quot;Apple&quot;,&quot;Mobile Iron&quot;,&quot;Subex&quot;],&quot;project&quot;:[{&quot;projectName&quot;:&quot;Movie App&quot;,&quot;technology&quot;:[&quot;Kotlin&quot;,&quot;SQL Lite&quot;,&quot;Gradle&quot;,&quot;Jenkins&quot;]}]},{&quot;jobId&quot;:19,&quot;jobTitle&quot;:&quot;LOS&quot;,&quot;jobDescription&quot;:&quot;SOL&quot;,&quot;experience&quot;:[&quot;Nothing&quot;],&quot;project&quot;:[]},{&quot;jobId&quot;:7,&quot;jobTitle&quot;:&quot;LOS&quot;,&quot;jobDescription&quot;:&quot;SOL&quot;,&quot;experience&quot;:[&quot;Nothing&quot;],&quot;project&quot;:[]},{&quot;jobId&quot;:3,&quot;jobTitle&quot;:&quot;Data Engg&quot;,&quot;jobDescription&quot;:&quot;Create machine learning apps&quot;,&quot;experience&quot;:[&quot;IBM&quot;,&quot;INTEL&quot;],&quot;project&quot;:[{&quot;projectName&quot;:&quot;SCASE&quot;,&quot;technology&quot;:[&quot;Python&quot;,&quot;R&quot;]}]},{&quot;jobId&quot;:5,&quot;jobTitle&quot;:&quot;Software Engg - 2&quot;,&quot;jobDescription&quot;:&quot;To develop andriod application&quot;,&quot;experience&quot;:[&quot;Google&quot;,&quot;Apple&quot;,&quot;Mobile Iron&quot;,&quot;Google&quot;],&quot;project&quot;:[{&quot;projectName&quot;:&quot;Movie App&quot;,&quot;technology&quot;:[&quot;Kotlin&quot;,&quot;SQL Lite&quot;,&quot;Gradle&quot;,&quot;Jenkins&quot;]}]},{&quot;jobId&quot;:4,&quot;jobTitle&quot;:&quot;QA Tester&quot;,&quot;jobDescription&quot;:&quot;To develop andriod application&quot;,&quot;experience&quot;:[&quot;RRD&quot;,&quot;ApD&quot;,&quot;MobileIron&quot;],&quot;project&quot;:[{&quot;projectName&quot;:&quot;Eccc&quot;,&quot;technology&quot;:[&quot;Selenium&quot;,&quot;Robot&quot;]}]},{&quot;jobId&quot;:135,&quot;jobTitle&quot;:&quot;Data Engg&quot;,&quot;jobDescription&quot;:&quot;Create machine learning apps&quot;,&quot;experience&quot;:[&quot;IBM&quot;,&quot;INTEL&quot;],&quot;project&quot;:[{&quot;projectName&quot;:&quot;SCASE&quot;,&quot;technology&quot;:[&quot;Python&quot;,&quot;R&quot;]}]},{&quot;jobId&quot;:647,&quot;jobTitle&quot;:&quot;QA Tester&quot;,&quot;jobDescription&quot;:&quot;To develop andriod application&quot;,&quot;experience&quot;:[&quot;RRD&quot;,&quot;ApD&quot;,&quot;MobileIron&quot;],&quot;project&quot;:[{&quot;projectName&quot;:&quot;Eccc&quot;,&quot;technology&quot;:[&quot;Selenium&quot;,&quot;Robot&quot;]}]},{&quot;jobId&quot;:7,&quot;jobTitle&quot;:&quot;Software Engg&quot;,&quot;jobDescription&quot;:&quot;To develop andriod application&quot;,&quot;experience&quot;:[&quot;Google&quot;,&quot;Apple&quot;,&quot;Mobile Iron&quot;,&quot;Subex&quot;],&quot;project&quot;:[{&quot;projectName&quot;:&quot;Movie App&quot;,&quot;technology&quot;:[&quot;Kotlin&quot;,&quot;SQL Lite&quot;,&quot;Gradle&quot;,&quot;Jenkins&quot;]}]},{&quot;jobId&quot;:7,&quot;jobTitle&quot;:&quot;Software Engg&quot;,&quot;jobDescription&quot;:&quot;To develop andriod application&quot;,&quot;experience&quot;:[&quot;Google&quot;,&quot;Apple&quot;,&quot;Mobile Iron&quot;,&quot;Subex&quot;],&quot;project&quot;:[{&quot;projectName&quot;:&quot;Movie App&quot;,&quot;technology&quot;:[&quot;Kotlin&quot;,&quot;SQL Lite&quot;,&quot;Gradle&quot;,&quot;Jenkins&quot;]}]},{&quot;jobId&quot;:36,&quot;jobTitle&quot;:&quot;Software Engg - 2&quot;,&quot;jobDescription&quot;:&quot;To develop andriod application&quot;,&quot;experience&quot;:[&quot;Google&quot;,&quot;Apple&quot;,&quot;Mobile Iron&quot;,&quot;Google&quot;],&quot;project&quot;:[{&quot;projectName&quot;:&quot;Movie App&quot;,&quot;technology&quot;:[&quot;Kotlin&quot;,&quot;SQL Lite&quot;,&quot;Gradle&quot;,&quot;Jenkins&quot;]}]},{&quot;jobId&quot;:6,&quot;jobTitle&quot;:&quot;Software Engg&quot;,&quot;jobDescription&quot;:&quot;To develop andriod application&quot;,&quot;experience&quot;:[&quot;Google&quot;,&quot;Apple&quot;,&quot;Mobile Iron&quot;,&quot;Subex&quot;],&quot;project&quot;:[{&quot;projectName&quot;:&quot;Movie App&quot;,&quot;technology&quot;:[&quot;Kotlin&quot;,&quot;SQL Lite&quot;,&quot;Gradle&quot;,&quot;Jenkins&quot;]}]},{&quot;jobId&quot;:40,&quot;jobTitle&quot;:&quot;LOS&quot;,&quot;jobDescription&quot;:&quot;SOL&quot;,&quot;experience&quot;:[&quot;Nothing&quot;],&quot;project&quot;:[]},{&quot;jobId&quot;:59,&quot;jobTitle&quot;:&quot;LOS&quot;,&quot;jobDescription&quot;:&quot;SOL&quot;,&quot;experience&quot;:[&quot;Nothing&quot;],&quot;project&quot;:[]},{&quot;jobId&quot;:80,&quot;jobTitle&quot;:&quot;LOS&quot;,&quot;jobDescription&quot;:&quot;SOL&quot;,&quot;experience&quot;:[&quot;Nothing&quot;],&quot;project&quot;:[]},{&quot;jobId&quot;:4,&quot;jobTitle&quot;:&quot;LOS&quot;,&quot;jobDescription&quot;:&quot;SOL&quot;,&quot;experience&quot;:[&quot;Nothing&quot;],&quot;project&quot;:[]},{&quot;jobId&quot;:33,&quot;jobTitle&quot;:&quot;LOS&quot;,&quot;jobDescription&quot;:&quot;SOL&quot;,&quot;experience&quot;:[&quot;Nothing&quot;],&quot;project&quot;:[]},{&quot;jobId&quot;:70,&quot;jobTitle&quot;:&quot;Software Engg - 2&quot;,&quot;jobDescription&quot;:&quot;To develop andriod application and web application&quot;,&quot;experience&quot;:[&quot;Nothing&quot;],&quot;project&quot;:[]},{&quot;jobId&quot;:40,&quot;jobTitle&quot;:&quot;LOS&quot;,&quot;jobDescription&quot;:&quot;SOL&quot;,&quot;experience&quot;:[&quot;Nothing&quot;],&quot;project&quot;:[]}]&#10;  [{&quot;jobId&quot;:1,&quot;jobTitle&quot;:&quot;Software Engg&quot;,&quot;jobDescription&quot;:&quot;To develop andriod application&quot;,&quot;experience&quot;:[&quot;Google&quot;,&quot;Apple&quot;,&quot;Mobile Iron&quot;],&quot;project&quot;:[{&quot;projectName&quot;:&quot;Movie App&quot;,&quot;technology&quot;:[&quot;Kotlin&quot;,&quot;SQL Lite&quot;,&quot;Gradle&quot;]}]}]&#10;&#10;&#10;classpath:com/api/automation/getrequest/ReadExternalFiles.feature:15" type="org.opentest4j.AssertionFailedError"><![CDATA[org.opentest4j.AssertionFailedError: 
match failed: EQUALS
  $ | not equal | actual array length is not equal to expected - 73:1 (LIST:LIST)
  [{"jobId":1,"jobTitle":"Software Engg","jobDescription":"To develop andriod application","experience":["Google","Apple","Mobile Iron"],"project":[{"projectName":"Movie App","technology":["Kotlin","SQL Lite","Gradle"]}]},{"jobId":3,"jobTitle":"Data Engg","jobDescription":"Create machine learning apps","experience":["IBM","INTEL"],"project":[{"projectName":"SCASE","technology":["Python","R"]}]},{"jobId":4,"jobTitle":"Software Engg - 2","jobDescription":"To develop andriod application and web application","experience":["RRD","ApD","MobileIron"],"project":[{"projectName":"Eccc","technology":["Selenium","Robot"]}]},{"jobId":640,"jobTitle":"Data Engg","jobDescription":"Create machine learning apps","experience":["IBM","INTEL"],"project":[{"projectName":"SCASE","technology":["Python","R"]}]},{"jobId":430,"jobTitle":"QA Tester","jobDescription":"To develop andriod application","experience":["RRD","ApD","MobileIron"],"project":[{"projectName":"Eccc","technology":["Selenium","Robot"]}]},{"jobId":3,"jobTitle":"Data Engg","jobDescription":"Create machine learning apps","experience":["IBM","INTEL"],"project":[{"projectName":"SCASE","technology":["Python","R"]}]},{"jobId":3,"jobTitle":"Data Engg","jobDescription":"Create machine learning apps","experience":["IBM","INTEL"],"project":[{"projectName":"SCASE","technology":["Python","R"]}]},{"jobId":4,"jobTitle":"QA Tester","jobDescription":"To develop andriod application","experience":["RRD","ApD","MobileIron"],"project":[{"projectName":"Eccc","technology":["Selenium","Robot"]}]},{"jobId":404,"jobTitle":"Data Engg","jobDescription":"Create machine learning apps","experience":["IBM","INTEL"],"project":[{"projectName":"SCASE","technology":["Python","R"]}]},{"jobId":412,"jobTitle":"QA Tester","jobDescription":"To develop andriod application","experience":["RRD","ApD","MobileIron"],"project":[{"projectName":"Eccc","technology":["Selenium","Robot"]}]},{"jobId":3,"jobTitle":"Data Engg","jobDescription":"Create machine learning apps","experience":["IBM","INTEL"],"project":[{"projectName":"SCASE","technology":["Python","R"]}]},{"jobId":3,"jobTitle":"Data Engg","jobDescription":"Create machine learning apps","experience":["IBM","INTEL"],"project":[{"projectName":"SCASE","technology":["Python","R"]}]},{"jobId":4,"jobTitle":"QA Tester","jobDescription":"To develop andriod application","experience":["RRD","ApD","MobileIron"],"project":[{"projectName":"Eccc","technology":["Selenium","Robot"]}]},{"jobId":612,"jobTitle":"Data Engg","jobDescription":"Create machine learning apps","experience":["IBM","INTEL"],"project":[{"projectName":"SCASE","technology":["Python","R"]}]},{"jobId":124,"jobTitle":"QA Tester","jobDescription":"To develop andriod application","experience":["RRD","ApD","MobileIron"],"project":[{"projectName":"Eccc","technology":["Selenium","Robot"]}]},{"jobId":3,"jobTitle":"Data Engg","jobDescription":"Create machine learning apps","experience":["IBM","INTEL"],"project":[{"projectName":"SCASE","technology":["Python","R"]}]},{"jobId":3,"jobTitle":"Data Engg","jobDescription":"Create machine learning apps","experience":["IBM","INTEL"],"project":[{"projectName":"SCASE","technology":["Python","R"]}]},{"jobId":4,"jobTitle":"QA Tester","jobDescription":"To develop andriod application","experience":["RRD","ApD","MobileIron"],"project":[{"projectName":"Eccc","technology":["Selenium","Robot"]}]},{"jobId":27,"jobTitle":"Data Engg","jobDescription":"Create machine learning apps","experience":["IBM","INTEL"],"project":[{"projectName":"SCASE","technology":["Python","R"]}]},{"jobId":276,"jobTitle":"QA Tester","jobDescription":"To develop andriod application","experience":["RRD","ApD","MobileIron"],"project":[{"projectName":"Eccc","technology":["Selenium","Robot"]}]},{"jobId":3,"jobTitle":"Data Engg","jobDescription":"Create machine learning apps","experience":["IBM","INTEL"],"project":[{"projectName":"SCASE","technology":["Python","R"]}]},{"jobId":47,"jobTitle":"LOS","jobDescription":"SOL","experience":["Nothing"],"project":[]},{"jobId":99,"jobTitle":"LOS","jobDescription":"SOL","experience":["Nothing"],"project":[]},{"jobId":49,"jobTitle":"LOS","jobDescription":"SOL","experience":["Nothing"],"project":[]},{"jobId":99,"jobTitle":"LOS","jobDescription":"SOL","experience":["Nothing"],"project":[]},{"jobId":80,"jobTitle":"LOS","jobDescription":"SOL","experience":["Nothing"],"project":[]},{"jobId":0,"jobTitle":"LOS","jobDescription":"SOL","experience":["Nothing"],"project":[]},{"jobId":0,"jobTitle":"LOS","jobDescription":"SOL","experience":["Nothing"],"project":[]},{"jobId":0,"jobTitle":"LOS","jobDescription":"SOL","experience":["Nothing"],"project":[]},{"jobId":45,"jobTitle":"QA Tester","jobDescription":"Finding bugs","experience":["Nothing"],"project":[]},{"jobId":64,"jobTitle":"QA Tester","jobDescription":"Finding bugs","experience":["Nothing"],"project":[]},{"jobId":38,"jobTitle":"QA Tester","jobDescription":"Finding bugs","experience":["Nothing"],"project":[]},{"jobId":85,"jobTitle":"LOS","jobDescription":"SOL","experience":["Nothing"],"project":[]},{"jobId":9,"jobTitle":"QA Tester","jobDescription":"Finding bugs","experience":["Nothing"],"project":[]},{"jobId":85,"jobTitle":"LOS","jobDescription":"SOL","experience":["Nothing"],"project":[]},{"jobId":36,"jobTitle":"LOS","jobDescription":"SOL","experience":["Nothing"],"project":[]},{"jobId":41,"jobTitle":"QA Tester","jobDescription":"Finding bugs","experience":["Nothing"],"project":[]},{"jobId":42,"jobTitle":"LOS","jobDescription":"SOL","experience":["Nothing"],"project":[]},{"jobId":69,"jobTitle":"LOS","jobDescription":"SOL","experience":["Nothing"],"project":[]},{"jobId":13,"jobTitle":"LOS","jobDescription":"SOL","experience":["Nothing"],"project":[]},{"jobId":15,"jobTitle":"LOS","jobDescription":"To develop andriod application and web application","experience":["Nothing"],"project":[]},{"jobId":19,"jobTitle":"LOS","jobDescription":"SOL","experience":["Nothing"],"project":[]},{"jobId":92,"jobTitle":"Software Engg - 2","jobDescription":"To develop andriod application and web application","experience":["Nothing"],"project":[]},{"jobId":54,"jobTitle":"LOS","jobDescription":"SOL","experience":["Nothing"],"project":[]},{"jobId":90,"jobTitle":"Software Engg - 2","jobDescription":"To develop andriod application and web application","experience":["Nothing"],"project":[]},{"jobId":38,"jobTitle":"LOS","jobDescription":"SOL","experience":["Nothing"],"project":[]},{"jobId":5,"jobTitle":"Software Engg - 2","jobDescription":"To develop andriod application","experience":["Google","Apple","Mobile Iron","Google"],"project":[{"projectName":"Movie App","technology":["Kotlin","SQL Lite","Gradle","Jenkins"]}]},{"jobId":623,"jobTitle":"Data Engg","jobDescription":"Create machine learning apps","experience":["IBM","INTEL"],"project":[{"projectName":"SCASE","technology":["Python","R"]}]},{"jobId":3,"jobTitle":"Data Engg","jobDescription":"Create machine learning apps","experience":["IBM","INTEL"],"project":[{"projectName":"SCASE","technology":["Python","R"]}]},{"jobId":4,"jobTitle":"QA Tester","jobDescription":"To develop andriod application","experience":["RRD","ApD","MobileIron"],"project":[{"projectName":"Eccc","technology":["Selenium","Robot"]}]},{"jobId":345,"jobTitle":"QA Tester","jobDescription":"To develop andriod application","experience":["RRD","ApD","MobileIron"],"project":[{"projectName":"Eccc","technology":["Selenium","Robot"]}]},{"jobId":7,"jobTitle":"Software Engg","jobDescription":"To develop andriod application","experience":["Google","Apple","Mobile Iron","Subex"],"project":[{"projectName":"Movie App","technology":["Kotlin","SQL Lite","Gradle","Jenkins"]}]},{"jobId":7,"jobTitle":"Software Engg","jobDescription":"To develop andriod application","experience":["Google","Apple","Mobile Iron","Subex"],"project":[{"projectName":"Movie App","technology":["Kotlin","SQL Lite","Gradle","Jenkins"]}]},{"jobId":50,"jobTitle":"Software Engg - 2","jobDescription":"To develop andriod application","experience":["Google","Apple","Mobile Iron","Google"],"project":[{"projectName":"Movie App","technology":["Kotlin","SQL Lite","Gradle","Jenkins"]}]},{"jobId":43,"jobTitle":"Software Engg","jobDescription":"To develop andriod application","experience":["Google","Apple","Mobile Iron","Subex"],"project":[{"projectName":"Movie App","technology":["Kotlin","SQL Lite","Gradle","Jenkins"]}]},{"jobId":19,"jobTitle":"LOS","jobDescription":"SOL","experience":["Nothing"],"project":[]},{"jobId":7,"jobTitle":"LOS","jobDescription":"SOL","experience":["Nothing"],"project":[]},{"jobId":3,"jobTitle":"Data Engg","jobDescription":"Create machine learning apps","experience":["IBM","INTEL"],"project":[{"projectName":"SCASE","technology":["Python","R"]}]},{"jobId":5,"jobTitle":"Software Engg - 2","jobDescription":"To develop andriod application","experience":["Google","Apple","Mobile Iron","Google"],"project":[{"projectName":"Movie App","technology":["Kotlin","SQL Lite","Gradle","Jenkins"]}]},{"jobId":4,"jobTitle":"QA Tester","jobDescription":"To develop andriod application","experience":["RRD","ApD","MobileIron"],"project":[{"projectName":"Eccc","technology":["Selenium","Robot"]}]},{"jobId":135,"jobTitle":"Data Engg","jobDescription":"Create machine learning apps","experience":["IBM","INTEL"],"project":[{"projectName":"SCASE","technology":["Python","R"]}]},{"jobId":647,"jobTitle":"QA Tester","jobDescription":"To develop andriod application","experience":["RRD","ApD","MobileIron"],"project":[{"projectName":"Eccc","technology":["Selenium","Robot"]}]},{"jobId":7,"jobTitle":"Software Engg","jobDescription":"To develop andriod application","experience":["Google","Apple","Mobile Iron","Subex"],"project":[{"projectName":"Movie App","technology":["Kotlin","SQL Lite","Gradle","Jenkins"]}]},{"jobId":7,"jobTitle":"Software Engg","jobDescription":"To develop andriod application","experience":["Google","Apple","Mobile Iron","Subex"],"project":[{"projectName":"Movie App","technology":["Kotlin","SQL Lite","Gradle","Jenkins"]}]},{"jobId":36,"jobTitle":"Software Engg - 2","jobDescription":"To develop andriod application","experience":["Google","Apple","Mobile Iron","Google"],"project":[{"projectName":"Movie App","technology":["Kotlin","SQL Lite","Gradle","Jenkins"]}]},{"jobId":6,"jobTitle":"Software Engg","jobDescription":"To develop andriod application","experience":["Google","Apple","Mobile Iron","Subex"],"project":[{"projectName":"Movie App","technology":["Kotlin","SQL Lite","Gradle","Jenkins"]}]},{"jobId":40,"jobTitle":"LOS","jobDescription":"SOL","experience":["Nothing"],"project":[]},{"jobId":59,"jobTitle":"LOS","jobDescription":"SOL","experience":["Nothing"],"project":[]},{"jobId":80,"jobTitle":"LOS","jobDescription":"SOL","experience":["Nothing"],"project":[]},{"jobId":4,"jobTitle":"LOS","jobDescription":"SOL","experience":["Nothing"],"project":[]},{"jobId":33,"jobTitle":"LOS","jobDescription":"SOL","experience":["Nothing"],"project":[]},{"jobId":70,"jobTitle":"Software Engg - 2","jobDescription":"To develop andriod application and web application","experience":["Nothing"],"project":[]},{"jobId":40,"jobTitle":"LOS","jobDescription":"SOL","experience":["Nothing"],"project":[]}]
  [{"jobId":1,"jobTitle":"Software Engg","jobDescription":"To develop andriod application","experience":["Google","Apple","Mobile Iron"],"project":[{"projectName":"Movie App","technology":["Kotlin","SQL Lite","Gradle"]}]}]


classpath:com/api/automation/getrequest/ReadExternalFiles.feature:15
	at org.junit.jupiter.api.AssertionUtils.fail(AssertionUtils.java:38)
	at org.junit.jupiter.api.Assertions.fail(Assertions.java:135)
	at com.intuit.karate.junit5.FeatureNode.lambda$next$1(FeatureNode.java:86)
	at org.junit.jupiter.engine.descriptor.DynamicTestTestDescriptor.lambda$execute$0(DynamicTestTestDescriptor.java:53)
	at org.junit.jupiter.engine.execution.InvocationInterceptorChain$ValidatingInvocation.proceed(InvocationInterceptorChain.java:131)
	at org.junit.jupiter.api.extension.InvocationInterceptor.interceptDynamicTest(InvocationInterceptor.java:167)
	at org.junit.jupiter.api.extension.InvocationInterceptor.interceptDynamicTest(InvocationInterceptor.java:184)
	at org.junit.jupiter.engine.descriptor.DynamicTestTestDescriptor.lambda$execute$1(DynamicTestTestDescriptor.java:61)
	at org.junit.jupiter.engine.execution.InvocationInterceptorChain$InterceptorCall.lambda$ofVoid$0(InvocationInterceptorChain.java:78)
	at org.junit.jupiter.engine.execution.InvocationInterceptorChain$InterceptedInvocation.proceed(InvocationInterceptorChain.java:106)
	at org.junit.jupiter.engine.execution.InvocationInterceptorChain.proceed(InvocationInterceptorChain.java:64)
	at org.junit.jupiter.engine.execution.InvocationInterceptorChain.chainAndInvoke(InvocationInterceptorChain.java:45)
	at org.junit.jupiter.engine.execution.InvocationInterceptorChain.invoke(InvocationInterceptorChain.java:37)
	at org.junit.jupiter.engine.descriptor.DynamicTestTestDescriptor.execute(DynamicTestTestDescriptor.java:60)
	at org.junit.jupiter.engine.descriptor.DynamicTestTestDescriptor.execute(DynamicTestTestDescriptor.java:32)
	at org.junit.platform.engine.support.hierarchical.NodeTestTask.lambda$executeRecursively$6(NodeTestTask.java:151)
	at org.junit.platform.engine.support.hierarchical.ThrowableCollector.execute(ThrowableCollector.java:73)
	at org.junit.platform.engine.support.hierarchical.NodeTestTask.lambda$executeRecursively$8(NodeTestTask.java:141)
	at org.junit.platform.engine.support.hierarchical.Node.around(Node.java:137)
	at org.junit.platform.engine.support.hierarchical.NodeTestTask.lambda$executeRecursively$9(NodeTestTask.java:139)
	at org.junit.platform.engine.support.hierarchical.ThrowableCollector.execute(ThrowableCollector.java:73)
	at org.junit.platform.engine.support.hierarchical.NodeTestTask.executeRecursively(NodeTestTask.java:138)
	at org.junit.platform.engine.support.hierarchical.NodeTestTask.execute(NodeTestTask.java:95)
	at org.junit.platform.engine.support.hierarchical.SameThreadHierarchicalTestExecutorService.submit(SameThreadHierarchicalTestExecutorService.java:35)
	at org.junit.platform.engine.support.hierarchical.NodeTestTask$DefaultDynamicTestExecutor.execute(NodeTestTask.java:226)
	at org.junit.platform.engine.support.hierarchical.NodeTestTask$DefaultDynamicTestExecutor.execute(NodeTestTask.java:204)
	at java.base/java.util.stream.ForEachOps$ForEachOp$OfRef.accept(ForEachOps.java:183)
	at java.base/java.util.stream.ReferencePipeline$3$1.accept(ReferencePipeline.java:197)
	at java.base/java.util.stream.ReferencePipeline$2$1.accept(ReferencePipeline.java:179)
	at java.base/java.util.stream.ReferencePipeline$3$1.accept(ReferencePipeline.java:197)
	at java.base/java.util.Iterator.forEachRemaining(Iterator.java:133)
	at java.base/java.util.Spliterators$IteratorSpliterator.forEachRemaining(Spliterators.java:1801)
	at java.base/java.util.stream.AbstractPipeline.copyInto(AbstractPipeline.java:484)
	at java.base/java.util.stream.AbstractPipeline.wrapAndCopyInto(AbstractPipeline.java:474)
	at java.base/java.util.stream.ForEachOps$ForEachOp.evaluateSequential(ForEachOps.java:150)
	at java.base/java.util.stream.ForEachOps$ForEachOp$OfRef.evaluateSequential(ForEachOps.java:173)
	at java.base/java.util.stream.AbstractPipeline.evaluate(AbstractPipeline.java:234)
	at java.base/java.util.stream.ReferencePipeline.forEachOrdered(ReferencePipeline.java:601)
	at org.junit.jupiter.engine.descriptor.DynamicContainerTestDescriptor.execute(DynamicContainerTestDescriptor.java:67)
	at org.junit.jupiter.engine.descriptor.DynamicContainerTestDescriptor.execute(DynamicContainerTestDescriptor.java:33)
	at org.junit.platform.engine.support.hierarchical.NodeTestTask.lambda$executeRecursively$6(NodeTestTask.java:151)
	at org.junit.platform.engine.support.hierarchical.ThrowableCollector.execute(ThrowableCollector.java:73)
	at org.junit.platform.engine.support.hierarchical.NodeTestTask.lambda$executeRecursively$8(NodeTestTask.java:141)
	at org.junit.platform.engine.support.hierarchical.Node.around(Node.java:137)
	at org.junit.platform.engine.support.hierarchical.NodeTestTask.lambda$executeRecursively$9(NodeTestTask.java:139)
	at org.junit.platform.engine.support.hierarchical.ThrowableCollector.execute(ThrowableCollector.java:73)
	at org.junit.platform.engine.support.hierarchical.NodeTestTask.executeRecursively(NodeTestTask.java:138)
	at org.junit.platform.engine.support.hierarchical.NodeTestTask.execute(NodeTestTask.java:95)
	at org.junit.platform.engine.support.hierarchical.SameThreadHierarchicalTestExecutorService.submit(SameThreadHierarchicalTestExecutorService.java:35)
	at org.junit.platform.engine.support.hierarchical.NodeTestTask$DefaultDynamicTestExecutor.execute(NodeTestTask.java:226)
	at org.junit.platform.engine.support.hierarchical.NodeTestTask$DefaultDynamicTestExecutor.execute(NodeTestTask.java:204)
	at java.base/java.util.Optional.ifPresent(Optional.java:178)
	at org.junit.jupiter.engine.descriptor.TestFactoryTestDescriptor.lambda$invokeTestMethod$1(TestFactoryTestDescriptor.java:108)
	at org.junit.platform.engine.support.hierarchical.ThrowableCollector.execute(ThrowableCollector.java:73)
	at org.junit.jupiter.engine.descriptor.TestFactoryTestDescriptor.invokeTestMethod(TestFactoryTestDescriptor.java:95)
	at org.junit.jupiter.engine.descriptor.TestMethodTestDescriptor.execute(TestMethodTestDescriptor.java:138)
	at org.junit.jupiter.engine.descriptor.TestMethodTestDescriptor.execute(TestMethodTestDescriptor.java:68)
	at org.junit.platform.engine.support.hierarchical.NodeTestTask.lambda$executeRecursively$6(NodeTestTask.java:151)
	at org.junit.platform.engine.support.hierarchical.ThrowableCollector.execute(ThrowableCollector.java:73)
	at org.junit.platform.engine.support.hierarchical.NodeTestTask.lambda$executeRecursively$8(NodeTestTask.java:141)
	at org.junit.platform.engine.support.hierarchical.Node.around(Node.java:137)
	at org.junit.platform.engine.support.hierarchical.NodeTestTask.lambda$executeRecursively$9(NodeTestTask.java:139)
	at org.junit.platform.engine.support.hierarchical.ThrowableCollector.execute(ThrowableCollector.java:73)
	at org.junit.platform.engine.support.hierarchical.NodeTestTask.executeRecursively(NodeTestTask.java:138)
	at org.junit.platform.engine.support.hierarchical.NodeTestTask.execute(NodeTestTask.java:95)
	at java.base/java.util.ArrayList.forEach(ArrayList.java:1511)
	at org.junit.platform.engine.support.hierarchical.SameThreadHierarchicalTestExecutorService.invokeAll(SameThreadHierarchicalTestExecutorService.java:41)
	at org.junit.platform.engine.support.hierarchical.NodeTestTask.lambda$executeRecursively$6(NodeTestTask.java:155)
	at org.junit.platform.engine.support.hierarchical.ThrowableCollector.execute(ThrowableCollector.java:73)
	at org.junit.platform.engine.support.hierarchical.NodeTestTask.lambda$executeRecursively$8(NodeTestTask.java:141)
	at org.junit.platform.engine.support.hierarchical.Node.around(Node.java:137)
	at org.junit.platform.engine.support.hierarchical.NodeTestTask.lambda$executeRecursively$9(NodeTestTask.java:139)
	at org.junit.platform.engine.support.hierarchical.ThrowableCollector.execute(ThrowableCollector.java:73)
	at org.junit.platform.engine.support.hierarchical.NodeTestTask.executeRecursively(NodeTestTask.java:138)
	at org.junit.platform.engine.support.hierarchical.NodeTestTask.execute(NodeTestTask.java:95)
	at java.base/java.util.ArrayList.forEach(ArrayList.java:1511)
	at org.junit.platform.engine.support.hierarchical.SameThreadHierarchicalTestExecutorService.invokeAll(SameThreadHierarchicalTestExecutorService.java:41)
	at org.junit.platform.engine.support.hierarchical.NodeTestTask.lambda$executeRecursively$6(NodeTestTask.java:155)
	at org.junit.platform.engine.support.hierarchical.ThrowableCollector.execute(ThrowableCollector.java:73)
	at org.junit.platform.engine.support.hierarchical.NodeTestTask.lambda$executeRecursively$8(NodeTestTask.java:141)
	at org.junit.platform.engine.support.hierarchical.Node.around(Node.java:137)
	at org.junit.platform.engine.support.hierarchical.NodeTestTask.lambda$executeRecursively$9(NodeTestTask.java:139)
	at org.junit.platform.engine.support.hierarchical.ThrowableCollector.execute(ThrowableCollector.java:73)
	at org.junit.platform.engine.support.hierarchical.NodeTestTask.executeRecursively(NodeTestTask.java:138)
	at org.junit.platform.engine.support.hierarchical.NodeTestTask.execute(NodeTestTask.java:95)
	at org.junit.platform.engine.support.hierarchical.SameThreadHierarchicalTestExecutorService.submit(SameThreadHierarchicalTestExecutorService.java:35)
	at org.junit.platform.engine.support.hierarchical.HierarchicalTestExecutor.execute(HierarchicalTestExecutor.java:57)
	at org.junit.platform.engine.support.hierarchical.HierarchicalTestEngine.execute(HierarchicalTestEngine.java:54)
	at org.junit.platform.launcher.core.EngineExecutionOrchestrator.execute(EngineExecutionOrchestrator.java:147)
	at org.junit.platform.launcher.core.EngineExecutionOrchestrator.execute(EngineExecutionOrchestrator.java:127)
	at org.junit.platform.launcher.core.EngineExecutionOrchestrator.execute(EngineExecutionOrchestrator.java:90)
	at org.junit.platform.launcher.core.EngineExecutionOrchestrator.lambda$execute$0(EngineExecutionOrchestrator.java:55)
	at org.junit.platform.launcher.core.EngineExecutionOrchestrator.withInterceptedStreams(EngineExecutionOrchestrator.java:102)
	at org.junit.platform.launcher.core.EngineExecutionOrchestrator.execute(EngineExecutionOrchestrator.java:54)
	at org.junit.platform.launcher.core.DefaultLauncher.execute(DefaultLauncher.java:114)
	at org.junit.platform.launcher.core.DefaultLauncher.execute(DefaultLauncher.java:86)
	at org.junit.platform.launcher.core.DefaultLauncherSession$DelegatingLauncher.execute(DefaultLauncherSession.java:86)
	at org.apache.maven.surefire.junitplatform.LazyLauncher.execute(LazyLauncher.java:50)
	at org.apache.maven.surefire.junitplatform.JUnitPlatformProvider.execute(JUnitPlatformProvider.java:184)
	at org.apache.maven.surefire.junitplatform.JUnitPlatformProvider.invokeAllTests(JUnitPlatformProvider.java:148)
	at org.apache.maven.surefire.junitplatform.JUnitPlatformProvider.invoke(JUnitPlatformProvider.java:122)
	at org.apache.maven.surefire.booter.ForkedBooter.runSuitesInProcess(ForkedBooter.java:385)
	at org.apache.maven.surefire.booter.ForkedBooter.execute(ForkedBooter.java:162)
	at org.apache.maven.surefire.booter.ForkedBooter.run(ForkedBooter.java:507)
	at org.apache.maven.surefire.booter.ForkedBooter.main(ForkedBooter.java:495)
]]></failure>
    <system-out><![CDATA[14:19:43.694 [main] DEBUG com.intuit.karate.Suite - [config] classpath:karate-config.js
14:19:43.710 [main] INFO  com.intuit.karate - karate.env system property was: null 
14:19:43.759 [main] DEBUG com.intuit.karate - request:
1 > GET http://localhost:9897/normal/webapi/all
1 > Accept: application/json
1 > Host: localhost:9897
1 > Connection: Keep-Alive
1 > User-Agent: Apache-HttpClient/4.5.14 (Java/16.0.1)
1 > Accept-Encoding: gzip,deflate


14:19:43.771 [main] DEBUG com.intuit.karate - response time in milliseconds: 11
1 < 200
1 < X-Content-Type-Options: nosniff
1 < X-XSS-Protection: 1; mode=block
1 < Cache-Control: no-cache, no-store, max-age=0, must-revalidate
1 < Pragma: no-cache
1 < Expires: 0
1 < X-Frame-Options: DENY
1 < Content-Type: application/json
1 < Transfer-Encoding: chunked
1 < Date: Thu, 27 Jun 2024 19:19:43 GMT
1 < Keep-Alive: timeout=60
1 < Connection: keep-alive
[{"jobId":1,"jobTitle":"Software Engg","jobDescription":"To develop andriod application","experience":["Google","Apple","Mobile Iron"],"project":[{"projectName":"Movie App","technology":["Kotlin","SQL Lite","Gradle"]}]},{"jobId":3,"jobTitle":"Data Engg","jobDescription":"Create machine learning apps","experience":["IBM","INTEL"],"project":[{"projectName":"SCASE","technology":["Python","R"]}]},{"jobId":4,"jobTitle":"Software Engg - 2","jobDescription":"To develop andriod application and web application","experience":["RRD","ApD","MobileIron"],"project":[{"projectName":"Eccc","technology":["Selenium","Robot"]}]},{"jobId":640,"jobTitle":"Data Engg","jobDescription":"Create machine learning apps","experience":["IBM","INTEL"],"project":[{"projectName":"SCASE","technology":["Python","R"]}]},{"jobId":430,"jobTitle":"QA Tester","jobDescription":"To develop andriod application","experience":["RRD","ApD","MobileIron"],"project":[{"projectName":"Eccc","technology":["Selenium","Robot"]}]},{"jobId":3,"jobTitle":"Data Engg","jobDescription":"Create machine learning apps","experience":["IBM","INTEL"],"project":[{"projectName":"SCASE","technology":["Python","R"]}]},{"jobId":3,"jobTitle":"Data Engg","jobDescription":"Create machine learning apps","experience":["IBM","INTEL"],"project":[{"projectName":"SCASE","technology":["Python","R"]}]},{"jobId":4,"jobTitle":"QA Tester","jobDescription":"To develop andriod application","experience":["RRD","ApD","MobileIron"],"project":[{"projectName":"Eccc","technology":["Selenium","Robot"]}]},{"jobId":404,"jobTitle":"Data Engg","jobDescription":"Create machine learning apps","experience":["IBM","INTEL"],"project":[{"projectName":"SCASE","technology":["Python","R"]}]},{"jobId":412,"jobTitle":"QA Tester","jobDescription":"To develop andriod application","experience":["RRD","ApD","MobileIron"],"project":[{"projectName":"Eccc","technology":["Selenium","Robot"]}]},{"jobId":3,"jobTitle":"Data Engg","jobDescription":"Create machine learning apps","experience":["IBM","INTEL"],"project":[{"projectName":"SCASE","technology":["Python","R"]}]},{"jobId":3,"jobTitle":"Data Engg","jobDescription":"Create machine learning apps","experience":["IBM","INTEL"],"project":[{"projectName":"SCASE","technology":["Python","R"]}]},{"jobId":4,"jobTitle":"QA Tester","jobDescription":"To develop andriod application","experience":["RRD","ApD","MobileIron"],"project":[{"projectName":"Eccc","technology":["Selenium","Robot"]}]},{"jobId":612,"jobTitle":"Data Engg","jobDescription":"Create machine learning apps","experience":["IBM","INTEL"],"project":[{"projectName":"SCASE","technology":["Python","R"]}]},{"jobId":124,"jobTitle":"QA Tester","jobDescription":"To develop andriod application","experience":["RRD","ApD","MobileIron"],"project":[{"projectName":"Eccc","technology":["Selenium","Robot"]}]},{"jobId":3,"jobTitle":"Data Engg","jobDescription":"Create machine learning apps","experience":["IBM","INTEL"],"project":[{"projectName":"SCASE","technology":["Python","R"]}]},{"jobId":3,"jobTitle":"Data Engg","jobDescription":"Create machine learning apps","experience":["IBM","INTEL"],"project":[{"projectName":"SCASE","technology":["Python","R"]}]},{"jobId":4,"jobTitle":"QA Tester","jobDescription":"To develop andriod application","experience":["RRD","ApD","MobileIron"],"project":[{"projectName":"Eccc","technology":["Selenium","Robot"]}]},{"jobId":27,"jobTitle":"Data Engg","jobDescription":"Create machine learning apps","experience":["IBM","INTEL"],"project":[{"projectName":"SCASE","technology":["Python","R"]}]},{"jobId":276,"jobTitle":"QA Tester","jobDescription":"To develop andriod application","experience":["RRD","ApD","MobileIron"],"project":[{"projectName":"Eccc","technology":["Selenium","Robot"]}]},{"jobId":3,"jobTitle":"Data Engg","jobDescription":"Create machine learning apps","experience":["IBM","INTEL"],"project":[{"projectName":"SCASE","technology":["Python","R"]}]},{"jobId":47,"jobTitle":"LOS","jobDescription":"SOL","experience":["Nothing"],"project":[]},{"jobId":99,"jobTitle":"LOS","jobDescription":"SOL","experience":["Nothing"],"project":[]},{"jobId":49,"jobTitle":"LOS","jobDescription":"SOL","experience":["Nothing"],"project":[]},{"jobId":99,"jobTitle":"LOS","jobDescription":"SOL","experience":["Nothing"],"project":[]},{"jobId":80,"jobTitle":"LOS","jobDescription":"SOL","experience":["Nothing"],"project":[]},{"jobId":0,"jobTitle":"LOS","jobDescription":"SOL","experience":["Nothing"],"project":[]},{"jobId":0,"jobTitle":"LOS","jobDescription":"SOL","experience":["Nothing"],"project":[]},{"jobId":0,"jobTitle":"LOS","jobDescription":"SOL","experience":["Nothing"],"project":[]},{"jobId":45,"jobTitle":"QA Tester","jobDescription":"Finding bugs","experience":["Nothing"],"project":[]},{"jobId":64,"jobTitle":"QA Tester","jobDescription":"Finding bugs","experience":["Nothing"],"project":[]},{"jobId":38,"jobTitle":"QA Tester","jobDescription":"Finding bugs","experience":["Nothing"],"project":[]},{"jobId":85,"jobTitle":"LOS","jobDescription":"SOL","experience":["Nothing"],"project":[]},{"jobId":9,"jobTitle":"QA Tester","jobDescription":"Finding bugs","experience":["Nothing"],"project":[]},{"jobId":85,"jobTitle":"LOS","jobDescription":"SOL","experience":["Nothing"],"project":[]},{"jobId":36,"jobTitle":"LOS","jobDescription":"SOL","experience":["Nothing"],"project":[]},{"jobId":41,"jobTitle":"QA Tester","jobDescription":"Finding bugs","experience":["Nothing"],"project":[]},{"jobId":42,"jobTitle":"LOS","jobDescription":"SOL","experience":["Nothing"],"project":[]},{"jobId":69,"jobTitle":"LOS","jobDescription":"SOL","experience":["Nothing"],"project":[]},{"jobId":13,"jobTitle":"LOS","jobDescription":"SOL","experience":["Nothing"],"project":[]},{"jobId":15,"jobTitle":"LOS","jobDescription":"To develop andriod application and web application","experience":["Nothing"],"project":[]},{"jobId":19,"jobTitle":"LOS","jobDescription":"SOL","experience":["Nothing"],"project":[]},{"jobId":92,"jobTitle":"Software Engg - 2","jobDescription":"To develop andriod application and web application","experience":["Nothing"],"project":[]},{"jobId":54,"jobTitle":"LOS","jobDescription":"SOL","experience":["Nothing"],"project":[]},{"jobId":90,"jobTitle":"Software Engg - 2","jobDescription":"To develop andriod application and web application","experience":["Nothing"],"project":[]},{"jobId":38,"jobTitle":"LOS","jobDescription":"SOL","experience":["Nothing"],"project":[]},{"jobId":5,"jobTitle":"Software Engg - 2","jobDescription":"To develop andriod application","experience":["Google","Apple","Mobile Iron","Google"],"project":[{"projectName":"Movie App","technology":["Kotlin","SQL Lite","Gradle","Jenkins"]}]},{"jobId":623,"jobTitle":"Data Engg","jobDescription":"Create machine learning apps","experience":["IBM","INTEL"],"project":[{"projectName":"SCASE","technology":["Python","R"]}]},{"jobId":3,"jobTitle":"Data Engg","jobDescription":"Create machine learning apps","experience":["IBM","INTEL"],"project":[{"projectName":"SCASE","technology":["Python","R"]}]},{"jobId":4,"jobTitle":"QA Tester","jobDescription":"To develop andriod application","experience":["RRD","ApD","MobileIron"],"project":[{"projectName":"Eccc","technology":["Selenium","Robot"]}]},{"jobId":345,"jobTitle":"QA Tester","jobDescription":"To develop andriod application","experience":["RRD","ApD","MobileIron"],"project":[{"projectName":"Eccc","technology":["Selenium","Robot"]}]},{"jobId":7,"jobTitle":"Software Engg","jobDescription":"To develop andriod application","experience":["Google","Apple","Mobile Iron","Subex"],"project":[{"projectName":"Movie App","technology":["Kotlin","SQL Lite","Gradle","Jenkins"]}]},{"jobId":7,"jobTitle":"Software Engg","jobDescription":"To develop andriod application","experience":["Google","Apple","Mobile Iron","Subex"],"project":[{"projectName":"Movie App","technology":["Kotlin","SQL Lite","Gradle","Jenkins"]}]},{"jobId":50,"jobTitle":"Software Engg - 2","jobDescription":"To develop andriod application","experience":["Google","Apple","Mobile Iron","Google"],"project":[{"projectName":"Movie App","technology":["Kotlin","SQL Lite","Gradle","Jenkins"]}]},{"jobId":43,"jobTitle":"Software Engg","jobDescription":"To develop andriod application","experience":["Google","Apple","Mobile Iron","Subex"],"project":[{"projectName":"Movie App","technology":["Kotlin","SQL Lite","Gradle","Jenkins"]}]},{"jobId":19,"jobTitle":"LOS","jobDescription":"SOL","experience":["Nothing"],"project":[]},{"jobId":7,"jobTitle":"LOS","jobDescription":"SOL","experience":["Nothing"],"project":[]},{"jobId":3,"jobTitle":"Data Engg","jobDescription":"Create machine learning apps","experience":["IBM","INTEL"],"project":[{"projectName":"SCASE","technology":["Python","R"]}]},{"jobId":5,"jobTitle":"Software Engg - 2","jobDescription":"To develop andriod application","experience":["Google","Apple","Mobile Iron","Google"],"project":[{"projectName":"Movie App","technology":["Kotlin","SQL Lite","Gradle","Jenkins"]}]},{"jobId":4,"jobTitle":"QA Tester","jobDescription":"To develop andriod application","experience":["RRD","ApD","MobileIron"],"project":[{"projectName":"Eccc","technology":["Selenium","Robot"]}]},{"jobId":135,"jobTitle":"Data Engg","jobDescription":"Create machine learning apps","experience":["IBM","INTEL"],"project":[{"projectName":"SCASE","technology":["Python","R"]}]},{"jobId":647,"jobTitle":"QA Tester","jobDescription":"To develop andriod application","experience":["RRD","ApD","MobileIron"],"project":[{"projectName":"Eccc","technology":["Selenium","Robot"]}]},{"jobId":7,"jobTitle":"Software Engg","jobDescription":"To develop andriod application","experience":["Google","Apple","Mobile Iron","Subex"],"project":[{"projectName":"Movie App","technology":["Kotlin","SQL Lite","Gradle","Jenkins"]}]},{"jobId":7,"jobTitle":"Software Engg","jobDescription":"To develop andriod application","experience":["Google","Apple","Mobile Iron","Subex"],"project":[{"projectName":"Movie App","technology":["Kotlin","SQL Lite","Gradle","Jenkins"]}]},{"jobId":36,"jobTitle":"Software Engg - 2","jobDescription":"To develop andriod application","experience":["Google","Apple","Mobile Iron","Google"],"project":[{"projectName":"Movie App","technology":["Kotlin","SQL Lite","Gradle","Jenkins"]}]},{"jobId":6,"jobTitle":"Software Engg","jobDescription":"To develop andriod application","experience":["Google","Apple","Mobile Iron","Subex"],"project":[{"projectName":"Movie App","technology":["Kotlin","SQL Lite","Gradle","Jenkins"]}]},{"jobId":40,"jobTitle":"LOS","jobDescription":"SOL","experience":["Nothing"],"project":[]},{"jobId":59,"jobTitle":"LOS","jobDescription":"SOL","experience":["Nothing"],"project":[]},{"jobId":80,"jobTitle":"LOS","jobDescription":"SOL","experience":["Nothing"],"project":[]},{"jobId":4,"jobTitle":"LOS","jobDescription":"SOL","experience":["Nothing"],"project":[]},{"jobId":33,"jobTitle":"LOS","jobDescription":"SOL","experience":["Nothing"],"project":[]},{"jobId":70,"jobTitle":"Software Engg - 2","jobDescription":"To develop andriod application and web application","experience":["Nothing"],"project":[]},{"jobId":40,"jobTitle":"LOS","jobDescription":"SOL","experience":["Nothing"],"project":[]}]

14:19:43.775 [main] INFO  com.intuit.karate - [print] [
  {
    "jobId": 1,
    "jobTitle": "Software Engg",
    "jobDescription": "To develop andriod application",
    "experience": [
      "Google",
      "Apple",
      "Mobile Iron"
    ],
    "project": [
      {
        "projectName": "Movie App",
        "technology": [
          "Kotlin",
          "SQL Lite",
          "Gradle"
        ]
      }
    ]
  },
  {
    "jobId": 3,
    "jobTitle": "Data Engg",
    "jobDescription": "Create machine learning apps",
    "experience": [
      "IBM",
      "INTEL"
    ],
    "project": [
      {
        "projectName": "SCASE",
        "technology": [
          "Python",
          "R"
        ]
      }
    ]
  },
  {
    "jobId": 4,
    "jobTitle": "Software Engg - 2",
    "jobDescription": "To develop andriod application and web application",
    "experience": [
      "RRD",
      "ApD",
      "MobileIron"
    ],
    "project": [
      {
        "projectName": "Eccc",
        "technology": [
          "Selenium",
          "Robot"
        ]
      }
    ]
  },
  {
    "jobId": 640,
    "jobTitle": "Data Engg",
    "jobDescription": "Create machine learning apps",
    "experience": [
      "IBM",
      "INTEL"
    ],
    "project": [
      {
        "projectName": "SCASE",
        "technology": [
          "Python",
          "R"
        ]
      }
    ]
  },
  {
    "jobId": 430,
    "jobTitle": "QA Tester",
    "jobDescription": "To develop andriod application",
    "experience": [
      "RRD",
      "ApD",
      "MobileIron"
    ],
    "project": [
      {
        "projectName": "Eccc",
        "technology": [
          "Selenium",
          "Robot"
        ]
      }
    ]
  },
  {
    "jobId": 3,
    "jobTitle": "Data Engg",
    "jobDescription": "Create machine learning apps",
    "experience": [
      "IBM",
      "INTEL"
    ],
    "project": [
      {
        "projectName": "SCASE",
        "technology": [
          "Python",
          "R"
        ]
      }
    ]
  },
  {
    "jobId": 3,
    "jobTitle": "Data Engg",
    "jobDescription": "Create machine learning apps",
    "experience": [
      "IBM",
      "INTEL"
    ],
    "project": [
      {
        "projectName": "SCASE",
        "technology": [
          "Python",
          "R"
        ]
      }
    ]
  },
  {
    "jobId": 4,
    "jobTitle": "QA Tester",
    "jobDescription": "To develop andriod application",
    "experience": [
      "RRD",
      "ApD",
      "MobileIron"
    ],
    "project": [
      {
        "projectName": "Eccc",
        "technology": [
          "Selenium",
          "Robot"
        ]
      }
    ]
  },
  {
    "jobId": 404,
    "jobTitle": "Data Engg",
    "jobDescription": "Create machine learning apps",
    "experience": [
      "IBM",
      "INTEL"
    ],
    "project": [
      {
        "projectName": "SCASE",
        "technology": [
          "Python",
          "R"
        ]
      }
    ]
  },
  {
    "jobId": 412,
    "jobTitle": "QA Tester",
    "jobDescription": "To develop andriod application",
    "experience": [
      "RRD",
      "ApD",
      "MobileIron"
    ],
    "project": [
      {
        "projectName": "Eccc",
        "technology": [
          "Selenium",
          "Robot"
        ]
      }
    ]
  },
  {
    "jobId": 3,
    "jobTitle": "Data Engg",
    "jobDescription": "Create machine learning apps",
    "experience": [
      "IBM",
      "INTEL"
    ],
    "project": [
      {
        "projectName": "SCASE",
        "technology": [
          "Python",
          "R"
        ]
      }
    ]
  },
  {
    "jobId": 3,
    "jobTitle": "Data Engg",
    "jobDescription": "Create machine learning apps",
    "experience": [
      "IBM",
      "INTEL"
    ],
    "project": [
      {
        "projectName": "SCASE",
        "technology": [
          "Python",
          "R"
        ]
      }
    ]
  },
  {
    "jobId": 4,
    "jobTitle": "QA Tester",
    "jobDescription": "To develop andriod application",
    "experience": [
      "RRD",
      "ApD",
      "MobileIron"
    ],
    "project": [
      {
        "projectName": "Eccc",
        "technology": [
          "Selenium",
          "Robot"
        ]
      }
    ]
  },
  {
    "jobId": 612,
    "jobTitle": "Data Engg",
    "jobDescription": "Create machine learning apps",
    "experience": [
      "IBM",
      "INTEL"
    ],
    "project": [
      {
        "projectName": "SCASE",
        "technology": [
          "Python",
          "R"
        ]
      }
    ]
  },
  {
    "jobId": 124,
    "jobTitle": "QA Tester",
    "jobDescription": "To develop andriod application",
    "experience": [
      "RRD",
      "ApD",
      "MobileIron"
    ],
    "project": [
      {
        "projectName": "Eccc",
        "technology": [
          "Selenium",
          "Robot"
        ]
      }
    ]
  },
  {
    "jobId": 3,
    "jobTitle": "Data Engg",
    "jobDescription": "Create machine learning apps",
    "experience": [
      "IBM",
      "INTEL"
    ],
    "project": [
      {
        "projectName": "SCASE",
        "technology": [
          "Python",
          "R"
        ]
      }
    ]
  },
  {
    "jobId": 3,
    "jobTitle": "Data Engg",
    "jobDescription": "Create machine learning apps",
    "experience": [
      "IBM",
      "INTEL"
    ],
    "project": [
      {
        "projectName": "SCASE",
        "technology": [
          "Python",
          "R"
        ]
      }
    ]
  },
  {
    "jobId": 4,
    "jobTitle": "QA Tester",
    "jobDescription": "To develop andriod application",
    "experience": [
      "RRD",
      "ApD",
      "MobileIron"
    ],
    "project": [
      {
        "projectName": "Eccc",
        "technology": [
          "Selenium",
          "Robot"
        ]
      }
    ]
  },
  {
    "jobId": 27,
    "jobTitle": "Data Engg",
    "jobDescription": "Create machine learning apps",
    "experience": [
      "IBM",
      "INTEL"
    ],
    "project": [
      {
        "projectName": "SCASE",
        "technology": [
          "Python",
          "R"
        ]
      }
    ]
  },
  {
    "jobId": 276,
    "jobTitle": "QA Tester",
    "jobDescription": "To develop andriod application",
    "experience": [
      "RRD",
      "ApD",
      "MobileIron"
    ],
    "project": [
      {
        "projectName": "Eccc",
        "technology": [
          "Selenium",
          "Robot"
        ]
      }
    ]
  },
  {
    "jobId": 3,
    "jobTitle": "Data Engg",
    "jobDescription": "Create machine learning apps",
    "experience": [
      "IBM",
      "INTEL"
    ],
    "project": [
      {
        "projectName": "SCASE",
        "technology": [
          "Python",
          "R"
        ]
      }
    ]
  },
  {
    "jobId": 47,
    "jobTitle": "LOS",
    "jobDescription": "SOL",
    "experience": [
      "Nothing"
    ],
    "project": [
    ]
  },
  {
    "jobId": 99,
    "jobTitle": "LOS",
    "jobDescription": "SOL",
    "experience": [
      "Nothing"
    ],
    "project": [
    ]
  },
  {
    "jobId": 49,
    "jobTitle": "LOS",
    "jobDescription": "SOL",
    "experience": [
      "Nothing"
    ],
    "project": [
    ]
  },
  {
    "jobId": 99,
    "jobTitle": "LOS",
    "jobDescription": "SOL",
    "experience": [
      "Nothing"
    ],
    "project": [
    ]
  },
  {
    "jobId": 80,
    "jobTitle": "LOS",
    "jobDescription": "SOL",
    "experience": [
      "Nothing"
    ],
    "project": [
    ]
  },
  {
    "jobId": 0,
    "jobTitle": "LOS",
    "jobDescription": "SOL",
    "experience": [
      "Nothing"
    ],
    "project": [
    ]
  },
  {
    "jobId": 0,
    "jobTitle": "LOS",
    "jobDescription": "SOL",
    "experience": [
      "Nothing"
    ],
    "project": [
    ]
  },
  {
    "jobId": 0,
    "jobTitle": "LOS",
    "jobDescription": "SOL",
    "experience": [
      "Nothing"
    ],
    "project": [
    ]
  },
  {
    "jobId": 45,
    "jobTitle": "QA Tester",
    "jobDescription": "Finding bugs",
    "experience": [
      "Nothing"
    ],
    "project": [
    ]
  },
  {
    "jobId": 64,
    "jobTitle": "QA Tester",
    "jobDescription": "Finding bugs",
    "experience": [
      "Nothing"
    ],
    "project": [
    ]
  },
  {
    "jobId": 38,
    "jobTitle": "QA Tester",
    "jobDescription": "Finding bugs",
    "experience": [
      "Nothing"
    ],
    "project": [
    ]
  },
  {
    "jobId": 85,
    "jobTitle": "LOS",
    "jobDescription": "SOL",
    "experience": [
      "Nothing"
    ],
    "project": [
    ]
  },
  {
    "jobId": 9,
    "jobTitle": "QA Tester",
    "jobDescription": "Finding bugs",
    "experience": [
      "Nothing"
    ],
    "project": [
    ]
  },
  {
    "jobId": 85,
    "jobTitle": "LOS",
    "jobDescription": "SOL",
    "experience": [
      "Nothing"
    ],
    "project": [
    ]
  },
  {
    "jobId": 36,
    "jobTitle": "LOS",
    "jobDescription": "SOL",
    "experience": [
      "Nothing"
    ],
    "project": [
    ]
  },
  {
    "jobId": 41,
    "jobTitle": "QA Tester",
    "jobDescription": "Finding bugs",
    "experience": [
      "Nothing"
    ],
    "project": [
    ]
  },
  {
    "jobId": 42,
    "jobTitle": "LOS",
    "jobDescription": "SOL",
    "experience": [
      "Nothing"
    ],
    "project": [
    ]
  },
  {
    "jobId": 69,
    "jobTitle": "LOS",
    "jobDescription": "SOL",
    "experience": [
      "Nothing"
    ],
    "project": [
    ]
  },
  {
    "jobId": 13,
    "jobTitle": "LOS",
    "jobDescription": "SOL",
    "experience": [
      "Nothing"
    ],
    "project": [
    ]
  },
  {
    "jobId": 15,
    "jobTitle": "LOS",
    "jobDescription": "To develop andriod application and web application",
    "experience": [
      "Nothing"
    ],
    "project": [
    ]
  },
  {
    "jobId": 19,
    "jobTitle": "LOS",
    "jobDescription": "SOL",
    "experience": [
      "Nothing"
    ],
    "project": [
    ]
  },
  {
    "jobId": 92,
    "jobTitle": "Software Engg - 2",
    "jobDescription": "To develop andriod application and web application",
    "experience": [
      "Nothing"
    ],
    "project": [
    ]
  },
  {
    "jobId": 54,
    "jobTitle": "LOS",
    "jobDescription": "SOL",
    "experience": [
      "Nothing"
    ],
    "project": [
    ]
  },
  {
    "jobId": 90,
    "jobTitle": "Software Engg - 2",
    "jobDescription": "To develop andriod application and web application",
    "experience": [
      "Nothing"
    ],
    "project": [
    ]
  },
  {
    "jobId": 38,
    "jobTitle": "LOS",
    "jobDescription": "SOL",
    "experience": [
      "Nothing"
    ],
    "project": [
    ]
  },
  {
    "jobId": 5,
    "jobTitle": "Software Engg - 2",
    "jobDescription": "To develop andriod application",
    "experience": [
      "Google",
      "Apple",
      "Mobile Iron",
      "Google"
    ],
    "project": [
      {
        "projectName": "Movie App",
        "technology": [
          "Kotlin",
          "SQL Lite",
          "Gradle",
          "Jenkins"
        ]
      }
    ]
  },
  {
    "jobId": 623,
    "jobTitle": "Data Engg",
    "jobDescription": "Create machine learning apps",
    "experience": [
      "IBM",
      "INTEL"
    ],
    "project": [
      {
        "projectName": "SCASE",
        "technology": [
          "Python",
          "R"
        ]
      }
    ]
  },
  {
    "jobId": 3,
    "jobTitle": "Data Engg",
    "jobDescription": "Create machine learning apps",
    "experience": [
      "IBM",
      "INTEL"
    ],
    "project": [
      {
        "projectName": "SCASE",
        "technology": [
          "Python",
          "R"
        ]
      }
    ]
  },
  {
    "jobId": 4,
    "jobTitle": "QA Tester",
    "jobDescription": "To develop andriod application",
    "experience": [
      "RRD",
      "ApD",
      "MobileIron"
    ],
    "project": [
      {
        "projectName": "Eccc",
        "technology": [
          "Selenium",
          "Robot"
        ]
      }
    ]
  },
  {
    "jobId": 345,
    "jobTitle": "QA Tester",
    "jobDescription": "To develop andriod application",
    "experience": [
      "RRD",
      "ApD",
      "MobileIron"
    ],
    "project": [
      {
        "projectName": "Eccc",
        "technology": [
          "Selenium",
          "Robot"
        ]
      }
    ]
  },
  {
    "jobId": 7,
    "jobTitle": "Software Engg",
    "jobDescription": "To develop andriod application",
    "experience": [
      "Google",
      "Apple",
      "Mobile Iron",
      "Subex"
    ],
    "project": [
      {
        "projectName": "Movie App",
        "technology": [
          "Kotlin",
          "SQL Lite",
          "Gradle",
          "Jenkins"
        ]
      }
    ]
  },
  {
    "jobId": 7,
    "jobTitle": "Software Engg",
    "jobDescription": "To develop andriod application",
    "experience": [
      "Google",
      "Apple",
      "Mobile Iron",
      "Subex"
    ],
    "project": [
      {
        "projectName": "Movie App",
        "technology": [
          "Kotlin",
          "SQL Lite",
          "Gradle",
          "Jenkins"
        ]
      }
    ]
  },
  {
    "jobId": 50,
    "jobTitle": "Software Engg - 2",
    "jobDescription": "To develop andriod application",
    "experience": [
      "Google",
      "Apple",
      "Mobile Iron",
      "Google"
    ],
    "project": [
      {
        "projectName": "Movie App",
        "technology": [
          "Kotlin",
          "SQL Lite",
          "Gradle",
          "Jenkins"
        ]
      }
    ]
  },
  {
    "jobId": 43,
    "jobTitle": "Software Engg",
    "jobDescription": "To develop andriod application",
    "experience": [
      "Google",
      "Apple",
      "Mobile Iron",
      "Subex"
    ],
    "project": [
      {
        "projectName": "Movie App",
        "technology": [
          "Kotlin",
          "SQL Lite",
          "Gradle",
          "Jenkins"
        ]
      }
    ]
  },
  {
    "jobId": 19,
    "jobTitle": "LOS",
    "jobDescription": "SOL",
    "experience": [
      "Nothing"
    ],
    "project": [
    ]
  },
  {
    "jobId": 7,
    "jobTitle": "LOS",
    "jobDescription": "SOL",
    "experience": [
      "Nothing"
    ],
    "project": [
    ]
  },
  {
    "jobId": 3,
    "jobTitle": "Data Engg",
    "jobDescription": "Create machine learning apps",
    "experience": [
      "IBM",
      "INTEL"
    ],
    "project": [
      {
        "projectName": "SCASE",
        "technology": [
          "Python",
          "R"
        ]
      }
    ]
  },
  {
    "jobId": 5,
    "jobTitle": "Software Engg - 2",
    "jobDescription": "To develop andriod application",
    "experience": [
      "Google",
      "Apple",
      "Mobile Iron",
      "Google"
    ],
    "project": [
      {
        "projectName": "Movie App",
        "technology": [
          "Kotlin",
          "SQL Lite",
          "Gradle",
          "Jenkins"
        ]
      }
    ]
  },
  {
    "jobId": 4,
    "jobTitle": "QA Tester",
    "jobDescription": "To develop andriod application",
    "experience": [
      "RRD",
      "ApD",
      "MobileIron"
    ],
    "project": [
      {
        "projectName": "Eccc",
        "technology": [
          "Selenium",
          "Robot"
        ]
      }
    ]
  },
  {
    "jobId": 135,
    "jobTitle": "Data Engg",
    "jobDescription": "Create machine learning apps",
    "experience": [
      "IBM",
      "INTEL"
    ],
    "project": [
      {
        "projectName": "SCASE",
        "technology": [
          "Python",
          "R"
        ]
      }
    ]
  },
  {
    "jobId": 647,
    "jobTitle": "QA Tester",
    "jobDescription": "To develop andriod application",
    "experience": [
      "RRD",
      "ApD",
      "MobileIron"
    ],
    "project": [
      {
        "projectName": "Eccc",
        "technology": [
          "Selenium",
          "Robot"
        ]
      }
    ]
  },
  {
    "jobId": 7,
    "jobTitle": "Software Engg",
    "jobDescription": "To develop andriod application",
    "experience": [
      "Google",
      "Apple",
      "Mobile Iron",
      "Subex"
    ],
    "project": [
      {
        "projectName": "Movie App",
        "technology": [
          "Kotlin",
          "SQL Lite",
          "Gradle",
          "Jenkins"
        ]
      }
    ]
  },
  {
    "jobId": 7,
    "jobTitle": "Software Engg",
    "jobDescription": "To develop andriod application",
    "experience": [
      "Google",
      "Apple",
      "Mobile Iron",
      "Subex"
    ],
    "project": [
      {
        "projectName": "Movie App",
        "technology": [
          "Kotlin",
          "SQL Lite",
          "Gradle",
          "Jenkins"
        ]
      }
    ]
  },
  {
    "jobId": 36,
    "jobTitle": "Software Engg - 2",
    "jobDescription": "To develop andriod application",
    "experience": [
      "Google",
      "Apple",
      "Mobile Iron",
      "Google"
    ],
    "project": [
      {
        "projectName": "Movie App",
        "technology": [
          "Kotlin",
          "SQL Lite",
          "Gradle",
          "Jenkins"
        ]
      }
    ]
  },
  {
    "jobId": 6,
    "jobTitle": "Software Engg",
    "jobDescription": "To develop andriod application",
    "experience": [
      "Google",
      "Apple",
      "Mobile Iron",
      "Subex"
    ],
    "project": [
      {
        "projectName": "Movie App",
        "technology": [
          "Kotlin",
          "SQL Lite",
          "Gradle",
          "Jenkins"
        ]
      }
    ]
  },
  {
    "jobId": 40,
    "jobTitle": "LOS",
    "jobDescription": "SOL",
    "experience": [
      "Nothing"
    ],
    "project": [
    ]
  },
  {
    "jobId": 59,
    "jobTitle": "LOS",
    "jobDescription": "SOL",
    "experience": [
      "Nothing"
    ],
    "project": [
    ]
  },
  {
    "jobId": 80,
    "jobTitle": "LOS",
    "jobDescription": "SOL",
    "experience": [
      "Nothing"
    ],
    "project": [
    ]
  },
  {
    "jobId": 4,
    "jobTitle": "LOS",
    "jobDescription": "SOL",
    "experience": [
      "Nothing"
    ],
    "project": [
    ]
  },
  {
    "jobId": 33,
    "jobTitle": "LOS",
    "jobDescription": "SOL",
    "experience": [
      "Nothing"
    ],
    "project": [
    ]
  },
  {
    "jobId": 70,
    "jobTitle": "Software Engg - 2",
    "jobDescription": "To develop andriod application and web application",
    "experience": [
      "Nothing"
    ],
    "project": [
    ]
  },
  {
    "jobId": 40,
    "jobTitle": "LOS",
    "jobDescription": "SOL",
    "experience": [
      "Nothing"
    ],
    "project": [
    ]
  }
]
 
14:19:43.792 [main] ERROR com.intuit.karate - classpath:com/api/automation/getrequest/ReadExternalFiles.feature:15
And match response == actualResponseJson
match failed: EQUALS
  $ | not equal | actual array length is not equal to expected - 73:1 (LIST:LIST)
  [{"jobId":1,"jobTitle":"Software Engg","jobDescription":"To develop andriod application","experience":["Google","Apple","Mobile Iron"],"project":[{"projectName":"Movie App","technology":["Kotlin","SQL Lite","Gradle"]}]},{"jobId":3,"jobTitle":"Data Engg","jobDescription":"Create machine learning apps","experience":["IBM","INTEL"],"project":[{"projectName":"SCASE","technology":["Python","R"]}]},{"jobId":4,"jobTitle":"Software Engg - 2","jobDescription":"To develop andriod application and web application","experience":["RRD","ApD","MobileIron"],"project":[{"projectName":"Eccc","technology":["Selenium","Robot"]}]},{"jobId":640,"jobTitle":"Data Engg","jobDescription":"Create machine learning apps","experience":["IBM","INTEL"],"project":[{"projectName":"SCASE","technology":["Python","R"]}]},{"jobId":430,"jobTitle":"QA Tester","jobDescription":"To develop andriod application","experience":["RRD","ApD","MobileIron"],"project":[{"projectName":"Eccc","technology":["Selenium","Robot"]}]},{"jobId":3,"jobTitle":"Data Engg","jobDescription":"Create machine learning apps","experience":["IBM","INTEL"],"project":[{"projectName":"SCASE","technology":["Python","R"]}]},{"jobId":3,"jobTitle":"Data Engg","jobDescription":"Create machine learning apps","experience":["IBM","INTEL"],"project":[{"projectName":"SCASE","technology":["Python","R"]}]},{"jobId":4,"jobTitle":"QA Tester","jobDescription":"To develop andriod application","experience":["RRD","ApD","MobileIron"],"project":[{"projectName":"Eccc","technology":["Selenium","Robot"]}]},{"jobId":404,"jobTitle":"Data Engg","jobDescription":"Create machine learning apps","experience":["IBM","INTEL"],"project":[{"projectName":"SCASE","technology":["Python","R"]}]},{"jobId":412,"jobTitle":"QA Tester","jobDescription":"To develop andriod application","experience":["RRD","ApD","MobileIron"],"project":[{"projectName":"Eccc","technology":["Selenium","Robot"]}]},{"jobId":3,"jobTitle":"Data Engg","jobDescription":"Create machine learning apps","experience":["IBM","INTEL"],"project":[{"projectName":"SCASE","technology":["Python","R"]}]},{"jobId":3,"jobTitle":"Data Engg","jobDescription":"Create machine learning apps","experience":["IBM","INTEL"],"project":[{"projectName":"SCASE","technology":["Python","R"]}]},{"jobId":4,"jobTitle":"QA Tester","jobDescription":"To develop andriod application","experience":["RRD","ApD","MobileIron"],"project":[{"projectName":"Eccc","technology":["Selenium","Robot"]}]},{"jobId":612,"jobTitle":"Data Engg","jobDescription":"Create machine learning apps","experience":["IBM","INTEL"],"project":[{"projectName":"SCASE","technology":["Python","R"]}]},{"jobId":124,"jobTitle":"QA Tester","jobDescription":"To develop andriod application","experience":["RRD","ApD","MobileIron"],"project":[{"projectName":"Eccc","technology":["Selenium","Robot"]}]},{"jobId":3,"jobTitle":"Data Engg","jobDescription":"Create machine learning apps","experience":["IBM","INTEL"],"project":[{"projectName":"SCASE","technology":["Python","R"]}]},{"jobId":3,"jobTitle":"Data Engg","jobDescription":"Create machine learning apps","experience":["IBM","INTEL"],"project":[{"projectName":"SCASE","technology":["Python","R"]}]},{"jobId":4,"jobTitle":"QA Tester","jobDescription":"To develop andriod application","experience":["RRD","ApD","MobileIron"],"project":[{"projectName":"Eccc","technology":["Selenium","Robot"]}]},{"jobId":27,"jobTitle":"Data Engg","jobDescription":"Create machine learning apps","experience":["IBM","INTEL"],"project":[{"projectName":"SCASE","technology":["Python","R"]}]},{"jobId":276,"jobTitle":"QA Tester","jobDescription":"To develop andriod application","experience":["RRD","ApD","MobileIron"],"project":[{"projectName":"Eccc","technology":["Selenium","Robot"]}]},{"jobId":3,"jobTitle":"Data Engg","jobDescription":"Create machine learning apps","experience":["IBM","INTEL"],"project":[{"projectName":"SCASE","technology":["Python","R"]}]},{"jobId":47,"jobTitle":"LOS","jobDescription":"SOL","experience":["Nothing"],"project":[]},{"jobId":99,"jobTitle":"LOS","jobDescription":"SOL","experience":["Nothing"],"project":[]},{"jobId":49,"jobTitle":"LOS","jobDescription":"SOL","experience":["Nothing"],"project":[]},{"jobId":99,"jobTitle":"LOS","jobDescription":"SOL","experience":["Nothing"],"project":[]},{"jobId":80,"jobTitle":"LOS","jobDescription":"SOL","experience":["Nothing"],"project":[]},{"jobId":0,"jobTitle":"LOS","jobDescription":"SOL","experience":["Nothing"],"project":[]},{"jobId":0,"jobTitle":"LOS","jobDescription":"SOL","experience":["Nothing"],"project":[]},{"jobId":0,"jobTitle":"LOS","jobDescription":"SOL","experience":["Nothing"],"project":[]},{"jobId":45,"jobTitle":"QA Tester","jobDescription":"Finding bugs","experience":["Nothing"],"project":[]},{"jobId":64,"jobTitle":"QA Tester","jobDescription":"Finding bugs","experience":["Nothing"],"project":[]},{"jobId":38,"jobTitle":"QA Tester","jobDescription":"Finding bugs","experience":["Nothing"],"project":[]},{"jobId":85,"jobTitle":"LOS","jobDescription":"SOL","experience":["Nothing"],"project":[]},{"jobId":9,"jobTitle":"QA Tester","jobDescription":"Finding bugs","experience":["Nothing"],"project":[]},{"jobId":85,"jobTitle":"LOS","jobDescription":"SOL","experience":["Nothing"],"project":[]},{"jobId":36,"jobTitle":"LOS","jobDescription":"SOL","experience":["Nothing"],"project":[]},{"jobId":41,"jobTitle":"QA
[...]
<technology>SQL Lite</technology><technology>Gradle</technology><technology>Jenkins</technology></technology></project></project></item><item><jobId>4</jobId><jobTitle>QA Tester</jobTitle><jobDescription>To develop andriod application</jobDescription><experience><experience>RRD</experience><experience>ApD</experience><experience>MobileIron</experience></experience><project><project><projectName>Eccc</projectName><technology><technology>Selenium</technology><technology>Robot</technology></technology></project></project></item><item><jobId>135</jobId><jobTitle>Data Engg</jobTitle><jobDescription>Create machine learning apps</jobDescription><experience><experience>IBM</experience><experience>INTEL</experience></experience><project><project><projectName>SCASE</projectName><technology><technology>Python</technology><technology>R</technology></technology></project></project></item><item><jobId>647</jobId><jobTitle>QA Tester</jobTitle><jobDescription>To develop andriod application</jobDescription><experience><experience>RRD</experience><experience>ApD</experience><experience>MobileIron</experience></experience><project><project><projectName>Eccc</projectName><technology><technology>Selenium</technology><technology>Robot</technology></technology></project></project></item><item><jobId>7</jobId><jobTitle>Software Engg</jobTitle><jobDescription>To develop andriod application</jobDescription><experience><experience>Google</experience><experience>Apple</experience><experience>Mobile Iron</experience><experience>Subex</experience></experience><project><project><projectName>Movie App</projectName><technology><technology>Kotlin</technology><technology>SQL Lite</technology><technology>Gradle</technology><technology>Jenkins</technology></technology></project></project></item><item><jobId>7</jobId><jobTitle>Software Engg</jobTitle><jobDescription>To develop andriod application</jobDescription><experience><experience>Google</experience><experience>Apple</experience><experience>Mobile Iron</experience><experience>Subex</experience></experience><project><project><projectName>Movie App</projectName><technology><technology>Kotlin</technology><technology>SQL Lite</technology><technology>Gradle</technology><technology>Jenkins</technology></technology></project></project></item><item><jobId>36</jobId><jobTitle>Software Engg - 2</jobTitle><jobDescription>To develop andriod application</jobDescription><experience><experience>Google</experience><experience>Apple</experience><experience>Mobile Iron</experience><experience>Google</experience></experience><project><project><projectName>Movie App</projectName><technology><technology>Kotlin</technology><technology>SQL Lite</technology><technology>Gradle</technology><technology>Jenkins</technology></technology></project></project></item><item><jobId>6</jobId><jobTitle>Software Engg</jobTitle><jobDescription>To develop andriod application</jobDescription><experience><experience>Google</experience><experience>Apple</experience><experience>Mobile Iron</experience><experience>Subex</experience></experience><project><project><projectName>Movie App</projectName><technology><technology>Kotlin</technology><technology>SQL Lite</technology><technology>Gradle</technology><technology>Jenkins</technology></technology></project></project></item><item><jobId>40</jobId><jobTitle>LOS</jobTitle><jobDescription>SOL</jobDescription><experience><experience>Nothing</experience></experience><project/></item><item><jobId>59</jobId><jobTitle>LOS</jobTitle><jobDescription>SOL</jobDescription><experience><experience>Nothing</experience></experience><project/></item><item><jobId>80</jobId><jobTitle>LOS</jobTitle><jobDescription>SOL</jobDescription><experience><experience>Nothing</experience></experience><project/></item><item><jobId>4</jobId><jobTitle>LOS</jobTitle><jobDescription>SOL</jobDescription><experience><experience>Nothing</experience></experience><project/></item><item><jobId>33</jobId><jobTitle>LOS</jobTitle><jobDescription>SOL</jobDescription><experience><experience>Nothing</experience></experience><project/></item><item><jobId>70</jobId><jobTitle>Software Engg - 2</jobTitle><jobDescription>To develop andriod application and web application</jobDescription><experience><experience>Nothing</experience></experience><project/></item><item><jobId>40</jobId><jobTitle>LOS</jobTitle><jobDescription>SOL</jobDescription><experience><experience>Nothing</experience></experience><project/></item></List>
  <List>
    <item>
        <jobId>1</jobId>
        <jobTitle>Software Engg</jobTitle>
        <jobDescription>To develop andriod application</jobDescription>
        <experience>
            <experience>Google</experience>
            <experience>Apple</experience>
            <experience>Mobile Iron</experience>
        </experience>
        <project>
            <project>
                <projectName>Movie App</projectName>
                <technology>
                    <technology>Kotlin</technology>
                    <technology>SQL Lite</technology>
                    <technology>Gradle</technology>
                </technology>
            </project>
        </project>
    </item>
</List>

    /List | not equal | match failed for name: 'item' (MAP:MAP)
    <item><jobId>1</jobId><jobTitle>Software Engg</jobTitle><jobDescription>To develop andriod application</jobDescription><experience><experience>Google</experience><experience>Apple</experience><experience>Mobile Iron</experience></experience><project><project><projectName>Movie App</projectName><technology><technology>Kotlin</technology><technology>SQL Lite</technology><technology>Gradle</technology></technology></project></project></item>
    <item><jobId>1</jobId><jobTitle>Software Engg</jobTitle><jobDescription>To develop andriod application</jobDescription><experience><experience>Google</experience><experience>Apple</experience><experience>Mobile Iron</experience></experience><project><project><projectName>Movie App</projectName><technology><technology>Kotlin</technology><technology>SQL Lite</technology><technology>Gradle</technology></technology></project></project></item>

      /List/item | data types don't match (LIST:MAP)
      [{"jobId":"1","jobTitle":"Software Engg","jobDescription":"To develop andriod application","experience":{"experience":["Google","Apple","Mobile Iron"]},"project":{"project":{"projectName":"Movie App","technology":{"technology":["Kotlin","SQL Lite","Gradle"]}}}},{"jobId":"3","jobTitle":"Data Engg","jobDescription":"Create machine learning apps","experience":{"experience":["IBM","INTEL"]},"project":{"project":{"projectName":"SCASE","technology":{"technology":["Python","R"]}}}},{"jobId":"4","jobTitle":"Software Engg - 2","jobDescription":"To develop andriod application and web application","experience":{"experience":["RRD","ApD","MobileIron"]},"project":{"project":{"projectName":"Eccc","technology":{"technology":["Selenium","Robot"]}}}},{"jobId":"640","jobTitle":"Data Engg","jobDescription":"Create machine learning apps","experience":{"experience":["IBM","INTEL"]},"project":{"project":{"projectName":"SCASE","technology":{"technology":["Python","R"]}}}},{"jobId":"430","jobTitle":"QA Tester","jobDescription":"To develop andriod application","experience":{"experience":["RRD","ApD","MobileIron"]},"project":{"project":{"projectName":"Eccc","technology":{"technology":["Selenium","Robot"]}}}},{"jobId":"3","jobTitle":"Data Engg","jobDescription":"Create machine learning apps","experience":{"experience":["IBM","INTEL"]},"project":{"project":{"projectName":"SCASE","technology":{"technology":["Python","R"]}}}},{"jobId":"3","jobTitle":"Data Engg","jobDescription":"Create machine learning apps","experience":{"experience":["IBM","INTEL"]},"project":{"project":{"projectName":"SCASE","technology":{"technology":["Python","R"]}}}},{"jobId":"4","jobTitle":"QA Tester","jobDescription":"To develop andriod application","experience":{"experience":["RRD","ApD","MobileIron"]},"project":{"project":{"projectName":"Eccc","technology":{"technology":["Selenium","Robot"]}}}},{"jobId":"404","jobTitle":"Data Engg","jobDescription":"Create machine learning apps","experience":{"experience":["IBM","INTEL"]},"project":{"project":{"projectName":"SCASE","technology":{"technology":["Python","R"]}}}},{"jobId":"412","jobTitle":"QA Tester","jobDescription":"To develop andriod application","experience":{"experience":["RRD","ApD","MobileIron"]},"project":{"project":{"projectName":"Eccc","technology":{"technology":["Selenium","Robot"]}}}},{"jobId":"3","jobTitle":"Data Engg","jobDescription":"Create machine learning apps","experience":{"experience":["IBM","INTEL"]},"project":{"project":{"projectName":"SCASE","technology":{"technology":["Python","R"]}}}},{"jobId":"3","jobTitle":"Data Engg","jobDescription":"Create machine learning apps","experience":{"experience":["IBM","INTEL"]},"project":{"project":{"projectName":"SCASE","technology":{"technology":["Python","R"]}}}},{"jobId":"4","jobTitle":"QA Tester","jobDescription":"To develop andriod application","experience":{"experience":["RRD","ApD","MobileIron"]},"project":{"project":{"projectName":"Eccc","technology":{"technology":["Selenium","Robot"]}}}},{"jobId":"612","jobTitle":"Data Engg","jobDescription":"Create machine learning apps","experience":{"experience":["IBM","INTEL"]},"project":{"project":{"projectName":"SCASE","technology":{"technology":["Python","R"]}}}},{"jobId":"124","jobTitle":"QA Tester","jobDescription":"To develop andriod application","experience":{"experience":["RRD","ApD","MobileIron"]},"project":{"project":{"projectName":"Eccc","technology":{"technology":["Selenium","Robot"]}}}},{"jobId":"3","jobTitle":"Data Engg","jobDescription":"Create machine learning apps","experience":{"experience":["IBM","INTEL"]},"project":{"project":{"projectName":"SCASE","technology":{"technology":["Python","R"]}}}},{"jobId":"3","jobTitle":"Data Engg","jobDescription":"Create machine learning apps","experience":{"experience":["IBM","INTEL"]},"project":{"project":{"projectName":"SCASE","technology":{"technology":["Python","R"]}}}},{"jobId":"4","jobTitle":"QA Tester","jobDescription":"To develop andriod application","experience":{"experience":["RRD","ApD","MobileIron"]},"project":{"project":{"projectName":"Eccc","technology":{"technology":["Selenium","Robot"]}}}},{"jobId":"27","jobTitle":"Data Engg","jobDescription":"Create machine learning apps","experience":{"experience":["IBM","INTEL"]},"project":{"project":{"projectName":"SCASE","technology":{"technology":["Python","R"]}}}},{"jobId":"276","jobTitle":"QA Tester","jobDescription":"To develop andriod application","experience":{"experience":["RRD","ApD","MobileIron"]},"project":{"project":{"projectName":"Eccc","technology":{"technology":["Selenium","Robot"]}}}},{"jobId":"3","jobTitle":"Data Engg","jobDescription":"Create machine learning apps","experience":{"experience":["IBM","INTEL"]},"project":{"project":{"projectName":"SCASE","technology":{"technology":["Python","R"]}}}},{"jobId":"47","jobTitle":"LOS","jobDescription":"SOL","experience":{"experience":"Nothing"},"project":null},{"jobId":"99","jobTitle":"LOS","jobDescription":"SOL","experience":{"experience":"Nothing"},"project":null},{"jobId":"49","jobTitle":"LOS","jobDescription":"SOL","experience":{"experience":"Nothing"},"project":null},{"jobId":"99","jobTitle":"LOS","jobDescription":"SOL","experience":{"experience":"Nothing"},"project":null},{"jobId":"80","jobTitle":"LOS","jobDescription":"SOL","experience":{"experience":"Nothing"},"project":null},{"jobId":"0","jobTitle":"LOS","jobDescription":"SOL","experience":{"experience":"Nothing"},"project":null},{"jobId":"0","jobTitle":"LOS","jobDescription":"SOL","experience":{"experience":"Nothing"},"project":null},{"jobId":"0","jobTitle":"LOS","jobDescription":"SOL","experience":{"experience":"Nothing"},"project":null},{"jobId":"45","jobTitle":"QA Tester","jobDescription":"Finding bugs","experience":{"experience":"Nothing"},"project":null},{"jobId":"64","jobTitle":"QA Tester","jobDescription":"Finding bugs","experience":{"experience":"Nothing"},"project":null},{"jobId":"38","jobTitle":"QA Tester","jobDescription":"Finding bugs","experience":{"experience":"Nothing"},"project":null},{"jobId":"85","jobTitle":"LOS","jobDescription":"SOL","experience":{"experience":"Nothing"},"project":null},{"jobId":"9","jobTitle":"QA Tester","jobDescription":"Finding bugs","experience":{"experience":"Nothing"},"project":null},{"jobId":"85","jobTitle":"LOS","jobDescription":"SOL","experience":{"experience":"Nothing"},"project":null},{"jobId":"36","jobTitle":"LOS","jobDescription":"SOL","experience":{"experience":"Nothing"},"project":null},{"jobId":"41","jobTitle":"QA Tester","jobDescription":"Finding bugs","experience":{"experience":"Nothing"},"project":null},{"jobId":"42","jobTitle":"LOS","jobDescription":"SOL","experience":{"experience":"Nothing"},"project":null},{"jobId":"69","jobTitle":"LOS","jobDescription":"SOL","experience":{"experience":"Nothing"},"project":null},{"jobId":"13","jobTitle":"LOS","jobDescription":"SOL","experience":{"experience":"Nothing"},"project":null},{"jobId":"15","jobTitle":"LOS","jobDescription":"To develop andriod application and web application","experience":{"experience":"Nothing"},"project":null},{"jobId":"19","jobTitle":"LOS","jobDescription":"SOL","experience":{"experience":"Nothing"},"project":null},{"jobId":"92","jobTitle":"Software Engg - 2","jobDescription":"To develop andriod application and web application","experience":{"experience":"Nothing"},"project":null},{"jobId":"54","jobTitle":"LOS","jobDescription":"SOL","experience":{"experience":"Nothing"},"project":null},{"jobId":"90","jobTitle":"Software Engg - 2","jobDescription":"To develop andriod application and web application","experience":{"experience":"Nothing"},"project":null},{"jobId":"38","jobTitle":"LOS","jobDescription":"SOL","experience":{"experience":"Nothing"},"project":null},{"jobId":"5","jobTitle":"Software Engg - 2","jobDescription":"To develop andriod application","experience":{"experience":["Google","Apple","Mobile Iron","Google"]},"project":{"project":{"projectName":"Movie App","technology":{"technology":["Kotlin","SQL Lite","Gradle","Jenkins"]}}}},{"jobId":"623","jobTitle":"Data Engg","jobDescription":"Create machine learning apps","experience":{"experience":["IBM","INTEL"]},"project":{"project":{"projectName":"SCASE","technology":{"technology":["Python","R"]}}}},{"jobId":"3","jobTitle":"Data Engg","jobDescription":"Create machine learning apps","experience":{"experience":["IBM","INTEL"]},"project":{"project":{"projectName":"SCASE","technology":{"technology":["Python","R"]}}}},{"jobId":"4","jobTitle":"QA Tester","jobDescription":"To develop andriod application","experience":{"experience":["RRD","ApD","MobileIron"]},"project":{"project":{"projectName":"Eccc","technology":{"technology":["Selenium","Robot"]}}}},{"jobId":"345","jobTitle":"QA Tester","jobDescription":"To develop andriod application","experience":{"experience":["RRD","ApD","MobileIron"]},"project":{"project":{"projectName":"Eccc","technology":{"technology":["Selenium","Robot"]}}}},{"jobId":"7","jobTitle":"Software Engg","jobDescription":"To develop andriod application","experience":{"experience":["Google","Apple","Mobile Iron","Subex"]},"project":{"project":{"projectName":"Movie App","technology":{"technology":["Kotlin","SQL Lite","Gradle","Jenkins"]}}}},{"jobId":"7","jobTitle":"Software Engg","jobDescription":"To develop andriod application","experience":{"experience":["Google","Apple","Mobile Iron","Subex"]},"project":{"project":{"projectName":"Movie App","technology":{"technology":["Kotlin","SQL Lite","Gradle","Jenkins"]}}}},{"jobId":"50","jobTitle":"Software Engg - 2","jobDescription":"To develop andriod application","experience":{"experience":["Google","Apple","Mobile Iron","Google"]},"project":{"project":{"projectName":"Movie App","technology":{"technology":["Kotlin","SQL Lite","Gradle","Jenkins"]}}}},{"jobId":"43","jobTitle":"Software Engg","jobDescription":"To develop andriod application","experience":{"experience":["Google","Apple","Mobile Iron","Subex"]},"project":{"project":{"projectName":"Movie App","technology":{"technology":["Kotlin","SQL Lite","Gradle","Jenkins"]}}}},{"jobId":"19","jobTitle":"LOS","jobDescription":"SOL","experience":{"experience":"Nothing"},"project":null},{"jobId":"7","jobTitle":"LOS","jobDescription":"SOL","experience":{"experience":"Nothing"},"project":null},{"jobId":"3","jobTitle":"Data Engg","jobDescription":"Create machine learning apps","experience":{"experience":["IBM","INTEL"]},"project":{"project":{"projectName":"SCASE","technology":{"technology":["Python","R"]}}}},{"jobId":"5","jobTitle":"Software Engg - 2","jobDescription":"To develop andriod application","experience":{"experience":["Google","Apple","Mobile Iron","Google"]},"project":{"project":{"projectName":"Movie App","technology":{"technology":["Kotlin","SQL Lite","Gradle","Jenkins"]}}}},{"jobId":"4","jobTitle":"QA Tester","jobDescription":"To develop andriod application","experience":{"experience":["RRD","ApD","MobileIron"]},"project":{"project":{"projectName":"Eccc","technology":{"technology":["Selenium","Robot"]}}}},{"jobId":"135","jobTitle":"Data Engg","jobDescription":"Create machine learning apps","experience":{"experience":["IBM","INTEL"]},"project":{"project":{"projectName":"SCASE","technology":{"technology":["Python","R"]}}}},{"jobId":"647","jobTitle":"QA Tester","jobDescription":"To develop andriod application","experience":{"experience":["RRD","ApD","MobileIron"]},"project":{"project":{"projectName":"Eccc","technology":{"technology":["Selenium","Robot"]}}}},{"jobId":"7","jobTitle":"Software Engg","jobDescription":"To develop andriod application","experience":{"experience":["Google","Apple","Mobile Iron","Subex"]},"project":{"project":{"projectName":"Movie App","technology":{"technology":["Kotlin","SQL Lite","Gradle","Jenkins"]}}}},{"jobId":"7","jobTitle":"Software Engg","jobDescription":"To develop andriod application","experience":{"experience":["Google","Apple","Mobile Iron","Subex"]},"project":{"project":{"projectName":"Movie App","technology":{"technology":["Kotlin","SQL Lite","Gradle","Jenkins"]}}}},{"jobId":"36","jobTitle":"Software Engg - 2","jobDescription":"To develop andriod application","experience":{"experience":["Google","Apple","Mobile Iron","Google"]},"project":{"project":{"projectName":"Movie App","technology":{"technology":["Kotlin","SQL Lite","Gradle","Jenkins"]}}}},{"jobId":"6","jobTitle":"Software Engg","jobDescription":"To develop andriod application","experience":{"experience":["Google","Apple","Mobile Iron","Subex"]},"project":{"project":{"projectName":"Movie App","technology":{"technology":["Kotlin","SQL Lite","Gradle","Jenkins"]}}}},{"jobId":"40","jobTitle":"LOS","jobDescription":"SOL","experience":{"experience":"Nothing"},"project":null},{"jobId":"59","jobTitle":"LOS","jobDescription":"SOL","experience":{"experience":"Nothing"},"project":null},{"jobId":"80","jobTitle":"LOS","jobDescription":"SOL","experience":{"experience":"Nothing"},"project":null},{"jobId":"4","jobTitle":"LOS","jobDescription":"SOL","experience":{"experience":"Nothing"},"project":null},{"jobId":"33","jobTitle":"LOS","jobDescription":"SOL","experience":{"experience":"Nothing"},"project":null},{"jobId":"70","jobTitle":"Software Engg - 2","jobDescription":"To develop andriod application and web application","experience":{"experience":"Nothing"},"project":null},{"jobId":"40","jobTitle":"LOS","jobDescription":"SOL","experience":{"experience":"Nothing"},"project":null}]
      <jobId>1</jobId>

classpath:com/api/automation/getrequest/ReadExternalFiles.feature:24
<<<

HTML report: (paste into browser to view) | Karate version: 1.4.1
file:///Users/jaredsalinas/IdeaProjects/KarateFrameworkTest/target/karate-reports/karate-summary.html
===================================================================

]]></system-out>
  </testcase>
</testsuite>