<?xml version="1.0" encoding="UTF-8"?>
<testsuite xmlns:xsi="http://www.w3.org/2001/XMLSchema-instance" xsi:noNamespaceSchemaLocation="https://maven.apache.org/surefire/maven-surefire-plugin/xsd/surefire-test-report-3.0.xsd" version="3.0" name="com.api.automation.putrequest.TestPutRunner" time="0.819" tests="3" errors="0" skipped="0" failures="0">
  <properties>
[...]
</properties>
  <testcase name="[1:7] To update the job entry for existing job in JSON format" classname="com/api/automation/putrequest/updateJobEntry" time="0.077">
    <system-out><![CDATA[14:19:45.280 [main] DEBUG com.intuit.karate.Suite - [config] classpath:karate-config.js
14:19:45.289 [main] INFO  com.intuit.karate - karate.env system property was: null 
14:19:45.297 [main] DEBUG com.intuit.karate - request:
1 > POST http://localhost:9897/normal/webapi/add
1 > Accept: application/json
1 > Content-Type: application/json; charset=UTF-8
1 > Content-Length: 78
1 > Host: localhost:9897
1 > Connection: Keep-Alive
1 > User-Agent: Apache-HttpClient/4.5.14 (Java/16.0.1)
1 > Accept-Encoding: gzip,deflate
{"jobId":370,"jobTitle":"LOS","jobDescription":"SOL","experience":["Nothing"]}

14:19:45.306 [main] DEBUG com.intuit.karate - response time in milliseconds: 7
1 < 201
1 < X-Content-Type-Options: nosniff
1 < X-XSS-Protection: 1; mode=block
1 < Cache-Control: no-cache, no-store, max-age=0, must-revalidate
1 < Pragma: no-cache
1 < Expires: 0
1 < X-Frame-Options: DENY
1 < Content-Type: application/json
1 < Transfer-Encoding: chunked
1 < Date: Thu, 27 Jun 2024 19:19:44 GMT
1 < Keep-Alive: timeout=60
1 < Connection: keep-alive
{"jobId":370,"jobTitle":"LOS","jobDescription":"SOL","experience":["Nothing"],"project":[]}

14:19:45.308 [main] INFO  com.intuit.karate - [print] {
  "jobId": 370,
  "jobTitle": "LOS",
  "jobDescription": "SOL",
  "experience": [
    "Nothing"
  ],
  "project": [
  ]
}
 
14:19:45.312 [main] DEBUG com.intuit.karate - request:
2 > PUT http://localhost:9897/normal/webapi/update
2 > Accept: application/json
2 > Content-Type: application/json; charset=UTF-8
2 > Content-Length: 80
2 > Host: localhost:9897
2 > Connection: Keep-Alive
2 > User-Agent: Apache-HttpClient/4.5.14 (Java/16.0.1)
2 > Accept-Encoding: gzip,deflate
{"jobId":370,"jobTitle":"IOS","jobDescription":"APPLE","experience":["Nothing"]}

14:19:45.336 [main] DEBUG com.intuit.karate - response time in milliseconds: 23
2 < 200
2 < X-Content-Type-Options: nosniff
2 < X-XSS-Protection: 1; mode=block
2 < Cache-Control: no-cache, no-store, max-age=0, must-revalidate
2 < Pragma: no-cache
2 < Expires: 0
2 < X-Frame-Options: DENY
2 < Content-Type: application/json
2 < Transfer-Encoding: chunked
2 < Date: Thu, 27 Jun 2024 19:19:44 GMT
2 < Keep-Alive: timeout=60
2 < Connection: keep-alive
{"jobId":370,"jobTitle":"IOS","jobDescription":"APPLE","experience":["Nothing"],"project":[]}

]]></system-out>
  </testcase>
  <testcase name="[2:26] To update the job entry for existing job in JSON format by calling another feature file" classname="com/api/automation/putrequest/updateJobEntry" time="0.078">
    <system-out><![CDATA[14:19:45.385 [main] INFO  com.intuit.karate - karate.env system property was: null 
14:19:45.400 [main] DEBUG com.intuit.karate - request:
1 > POST http://localhost:9897/normal/webapi/add
1 > Accept: application/json
1 > Content-Type: application/json; charset=UTF-8
1 > Content-Length: 78
1 > Host: localhost:9897
1 > Connection: Keep-Alive
1 > User-Agent: Apache-HttpClient/4.5.14 (Java/16.0.1)
1 > Accept-Encoding: gzip,deflate
{"jobId":676,"jobTitle":"LOS","jobDescription":"SOL","experience":["Nothing"]}

14:19:45.408 [main] DEBUG com.intuit.karate - response time in milliseconds: 8
1 < 201
1 < X-Content-Type-Options: nosniff
1 < X-XSS-Protection: 1; mode=block
1 < Cache-Control: no-cache, no-store, max-age=0, must-revalidate
1 < Pragma: no-cache
1 < Expires: 0
1 < X-Frame-Options: DENY
1 < Content-Type: application/json
1 < Transfer-Encoding: chunked
1 < Date: Thu, 27 Jun 2024 19:19:44 GMT
1 < Keep-Alive: timeout=60
1 < Connection: keep-alive
{"jobId":676,"jobTitle":"LOS","jobDescription":"SOL","experience":["Nothing"],"project":[]}

14:19:45.414 [main] INFO  com.intuit.karate - [print] Calling :  676 
14:19:45.420 [main] DEBUG com.intuit.karate - request:
1 > PUT http://localhost:9897/normal/webapi/update
1 > Accept: application/json
1 > Content-Type: application/json; charset=UTF-8
1 > Content-Length: 80
1 > Host: localhost:9897
1 > Connection: Keep-Alive
1 > User-Agent: Apache-HttpClient/4.5.14 (Java/16.0.1)
1 > Accept-Encoding: gzip,deflate
{"jobId":676,"jobTitle":"IOS","jobDescription":"APPLE","experience":["Nothing"]}

14:19:45.426 [main] DEBUG com.intuit.karate - response time in milliseconds: 6
1 < 200
1 < X-Content-Type-Options: nosniff
1 < X-XSS-Protection: 1; mode=block
1 < Cache-Control: no-cache, no-store, max-age=0, must-revalidate
1 < Pragma: no-cache
1 < Expires: 0
1 < X-Frame-Options: DENY
1 < Content-Type: application/json
1 < Transfer-Encoding: chunked
1 < Date: Thu, 27 Jun 2024 19:19:44 GMT
1 < Keep-Alive: timeout=60
1 < Connection: keep-alive
{"jobId":676,"jobTitle":"IOS","jobDescription":"APPLE","experience":["Nothing"],"project":[]}

]]></system-out>
  </testcase>
  <testcase name="[3:41] To update the job entry for existing job in JSON format by calling another feature with vars" classname="com/api/automation/putrequest/updateJobEntry" time="0.647">
    <system-out><![CDATA[14:19:45.444 [main] INFO  com.intuit.karate - karate.env system property was: null 
14:19:45.461 [main] DEBUG com.intuit.karate - request:
1 > POST http://localhost:9897/normal/webapi/add
1 > Accept: application/json
1 > Content-Type: application/json; charset=UTF-8
1 > Content-Length: 78
1 > Host: localhost:9897
1 > Connection: Keep-Alive
1 > User-Agent: Apache-HttpClient/4.5.14 (Java/16.0.1)
1 > Accept-Encoding: gzip,deflate
{"jobId":704,"jobTitle":"LOS","jobDescription":"SOL","experience":["Nothing"]}

14:19:45.468 [main] DEBUG com.intuit.karate - response time in milliseconds: 6
1 < 201
1 < X-Content-Type-Options: nosniff
1 < X-XSS-Protection: 1; mode=block
1 < Cache-Control: no-cache, no-store, max-age=0, must-revalidate
1 < Pragma: no-cache
1 < Expires: 0
1 < X-Frame-Options: DENY
1 < Content-Type: application/json
1 < Transfer-Encoding: chunked
1 < Date: Thu, 27 Jun 2024 19:19:44 GMT
1 < Keep-Alive: timeout=60
1 < Connection: keep-alive
{"jobId":704,"jobTitle":"LOS","jobDescription":"SOL","experience":["Nothing"],"project":[]}

14:19:45.474 [main] DEBUG com.intuit.karate - request:
1 > PUT http://localhost:9897/normal/webapi/update
1 > Accept: application/json
1 > Content-Type: application/json; charset=UTF-8
1 > Content-Length: 80
1 > Host: localhost:9897
1 > Connection: Keep-Alive
1 > User-Agent: Apache-HttpClient/4.5.14 (Java/16.0.1)
1 > Accept-Encoding: gzip,deflate
{"jobId":704,"jobTitle":"IOS","jobDescription":"APPLE","experience":["Nothing"]}

14:19:45.484 [main] DEBUG com.intuit.karate - response time in milliseconds: 10
1 < 200
1 < X-Content-Type-Options: nosniff
1 < X-XSS-Protection: 1; mode=block
1 < Cache-Control: no-cache, no-store, max-age=0, must-revalidate
1 < Pragma: no-cache
1 < Expires: 0
1 < X-Frame-Options: DENY
1 < Content-Type: application/json
1 < Transfer-Encoding: chunked
1 < Date: Thu, 27 Jun 2024 19:19:44 GMT
1 < Keep-Alive: timeout=60
1 < Connection: keep-alive
{"jobId":704,"jobTitle":"IOS","jobDescription":"APPLE","experience":["Nothing"],"project":[]}

---------------------------------------------------------
feature: classpath:com/api/automation/putrequest/updateJobEntry.feature
scenarios:  3 | passed:  3 | failed:  0 | time: 0.1593
---------------------------------------------------------

Karate version: 1.4.1
======================================================
elapsed:   0.61 | threads:    1 | thread time: 0.16 
features:     1 | skipped:    0 | efficiency: 0.26
scenarios:    3 | passed:     3 | failed: 0
======================================================

HTML report: (paste into browser to view) | Karate version: 1.4.1
file:///Users/jaredsalinas/IdeaProjects/KarateFrameworkTest/target/karate-reports/karate-summary.html
===================================================================

]]></system-out>
  </testcase>
</testsuite>