<?xml version="1.0" encoding="UTF-8"?>
<testsuite xmlns:xsi="http://www.w3.org/2001/XMLSchema-instance" xsi:noNamespaceSchemaLocation="https://maven.apache.org/surefire/maven-surefire-plugin/xsd/surefire-test-report-3.0.xsd" version="3.0" name="com.api.automation.ParallelBuilder" time="18.191" tests="1" errors="0" skipped="0" failures="0">
  <properties>
[...]
</properties>
  <testcase name="executeKarateTest" classname="com.api.automation.ParallelBuilder" time="18.156">
    <system-out><![CDATA[14:22:53.118 [main] DEBUG com.intuit.karate.Suite - [config] classpath:karate-config.js
14:22:53.152 [main] INFO  com.intuit.karate.Suite - backed up existing 'target/karate-reports' dir to: target/karate-reports_1719516173132
14:22:53.165 [main] DEBUG com.intuit.karate.Suite - waiting for 23 features to complete
14:22:56.173 [pool-2-thread-1] INFO  com.intuit.karate - karate.env system property was: null 
14:22:56.173 [pool-2-thread-5] INFO  com.intuit.karate - karate.env system property was: null 
14:22:56.173 [pool-2-thread-4] INFO  com.intuit.karate - karate.env system property was: null 
14:22:56.174 [pool-2-thread-3] INFO  com.intuit.karate - karate.env system property was: null 
14:22:56.173 [pool-2-thread-2] INFO  com.intuit.karate - karate.env system property was: null 
14:22:56.533 [pool-2-thread-3] INFO  com.intuit.karate - [print] 2 
14:22:56.563 [pool-2-thread-2] ERROR com.intuit.karate - classpath:com/api/automation/createJobEntryWithVariables.feature:5
Given url _url
js failed:
>>>>
01: _url
<<<<
org.graalvm.polyglot.PolyglotException: ReferenceError: "_url" is not defined
- <js>.:program(Unnamed:1)

classpath:com/api/automation/createJobEntryWithVariables.feature:5
14:22:56.758 [pool-2-thread-2] INFO  com.intuit.karate - karate.env system property was: null 
14:22:57.236 [pool-2-thread-1] DEBUG com.intuit.karate - request:
1 > POST http://localhost:9897/normal/webapi/add
1 > Accept: application/json
1 > Content-Type: application/json; charset=UTF-8
1 > Content-Length: 78
1 > Host: localhost:9897
1 > Connection: Keep-Alive
1 > User-Agent: Apache-HttpClient/4.5.14 (Java/16.0.1)
1 > Accept-Encoding: gzip,deflate
{"jobId":251,"jobTitle":"LOS","jobDescription":"SOL","experience":["Nothing"]}

14:22:57.236 [pool-2-thread-3] DEBUG com.intuit.karate - request:
1 > POST http://localhost:9897/normal/webapi/add
1 > Accept: application/json
1 > Content-Type: application/json; charset=UTF-8
1 > Content-Length: 76
1 > Host: localhost:9897
1 > Connection: Keep-Alive
1 > User-Agent: Apache-HttpClient/4.5.14 (Java/16.0.1)
1 > Accept-Encoding: gzip,deflate
{"jobId":2,"jobTitle":"LOS","jobDescription":"SOL","experience":["Nothing"]}

14:22:57.236 [pool-2-thread-5] DEBUG com.intuit.karate - request:
1 > GET http://localhost:9897/normal/webapi/all
1 > Accept: application/json
1 > Host: localhost:9897
1 > Connection: Keep-Alive
1 > User-Agent: Apache-HttpClient/4.5.14 (Java/16.0.1)
1 > Accept-Encoding: gzip,deflate


14:22:57.236 [pool-2-thread-2] DEBUG com.intuit.karate - request:
1 > GET http://localhost:9897/normal/webapi/all
1 > Accept: application/xml
1 > Host: localhost:9897
1 > Connection: Keep-Alive
1 > User-Agent: Apache-HttpClient/4.5.14 (Java/16.0.1)
1 > Accept-Encoding: gzip,deflate


14:22:57.236 [pool-2-thread-4] DEBUG com.intuit.karate - request:
1 > POST http://localhost:9897/normal/webapi/add
1 > Accept: application/json
1 > Content-Type: application/json; charset=UTF-8
1 > Content-Length: 77
1 > Host: localhost:9897
1 > Connection: Keep-Alive
1 > User-Agent: Apache-HttpClient/4.5.14 (Java/16.0.1)
1 > Accept-Encoding: gzip,deflate
{"jobId":19,"jobTitle":"LOS","jobDescription":"SOL","experience":["Nothing"]}

14:22:57.338 [pool-2-thread-1] DEBUG com.intuit.karate - response time in milliseconds: 91
1 < 201
1 < X-Content-Type-Options: nosniff
1 < X-XSS-Protection: 1; mode=block
1 < Cache-Control: no-cache, no-store, max-age=0, must-revalidate
1 < Pragma: no-cache
1 < Expires: 0
1 < X-Frame-Options: DENY
1 < Content-Type: application/json
1 < Transfer-Encoding: chunked
1 < Date: Thu, 27 Jun 2024 19:22:57 GMT
1 < Keep-Alive: timeout=60
1 < Connection: keep-alive
{"jobId":251,"jobTitle":"LOS","jobDescription":"SOL","experience":["Nothing"],"project":[]}

14:22:57.340 [pool-2-thread-5] DEBUG com.intuit.karate - response time in milliseconds: 91
1 < 200
1 < X-Content-Type-Options: nosniff
1 < X-XSS-Protection: 1; mode=block
1 < Cache-Control: no-cache, no-store, max-age=0, must-revalidate
1 < Pragma: no-cache
1 < Expires: 0
1 < X-Frame-Options: DENY
1 < Content-Type: application/json
1 < Transfer-Encoding: chunked
1 < Date: Thu, 27 Jun 2024 19:22:57 GMT
1 < Keep-Alive: timeout=60
1 < Connection: keep-alive
[{"jobId":1,"jobTitle":"Software Engg","jobDescription":"To develop andriod application","experience":["Google","Apple","Mobile Iron"],"project":[{"projectName":"Movie App","technology":["Kotlin","SQL Lite","Gradle"]}]},{"jobId":3,"jobTitle":"Data Engg","jobDescription":"Create machine learning apps","experience":["IBM","INTEL"],"project":[{"projectName":"SCASE","technology":["Python","R"]}]},{"jobId":4,"jobTitle":"Software Engg - 2","jobDescription":"To develop andriod application and web application","experience":["RRD","ApD","MobileIron"],"project":[{"projectName":"Eccc","technology":["Selenium","Robot"]}]},{"jobId":640,"jobTitle":"Data Engg","jobDescription":"Create machine learning apps","experience":["IBM","INTEL"],"project":[{"projectName":"SCASE","technology":["Python","R"]}]},{"jobId":430,"jobTitle":"QA Tester","jobDescription":"To develop andriod application","experience":["RRD","ApD","MobileIron"],"project":[{"projectName":"Eccc","technology":["Selenium","Robot"]}]},{"jobId":3,"jobTitle":"Data Engg","jobDescription":"Create machine learning apps","experience":["IBM","INTEL"],"project":[{"projectName":"SCASE","technology":["Python","R"]}]},{"jobId":3,"jobTitle":"Data Engg","jobDescription":"Create machine learning apps","experience":["IBM","INTEL"],"project":[{"projectName":"SCASE","technology":["Python","R"]}]},{"jobId":4,"jobTitle":"QA Tester","jobDescription":"To develop andriod application","experience":["RRD","ApD","MobileIron"],"project":[{"projectName":"Eccc","technology":["Selenium","Robot"]}]},{"jobId":404,"jobTitle":"Data Engg","jobDescription":"Create machine learning apps","experience":["IBM","INTEL"],"project":[{"projectName":"SCASE","technology":["Python","R"]}]},{"jobId":412,"jobTitle":"QA Tester","jobDescription":"To develop andriod application","experience":["RRD","ApD","MobileIron"],"project":[{"projectName":"Eccc","technology":["Selenium","Robot"]}]},{"jobId":3,"jobTitle":"Data Engg","jobDescription":"Create machine learning apps","experience":["IBM","INTEL"],"project":[{"projectName":"SCASE","technology":["Python","R"]}]},{"jobId":3,"jobTitle":"Data Engg","jobDescription":"Create machine learning apps","experience":["IBM","INTEL"],"project":[{"projectName":"SCASE","technology":["Python","R"]}]},{"jobId":4,"jobTitle":"QA Tester","jobDescription":"To develop andriod application","experience":["RRD","ApD","MobileIron"],"project":[{"projectName":"Eccc","technology":["Selenium","Robot"]}]},{"jobId":612,"jobTitle":"Data Engg","jobDescription":"Create machine learning apps","experience":["IBM","INTEL"],"project":[{"projectName":"SCASE","technology":["Python","R"]}]},{"jobId":124,"jobTitle":"QA Tester","jobDescription":"To develop andriod application","experience":["RRD","ApD","MobileIron"],"project":[{"projectName":"Eccc","technology":["Selenium","Robot"]}]},{"jobId":3,"jobTitle":"Data Engg","jobDescription":"Create machine learning apps","experience":["IBM","INTEL"],"project":[{"projectName":"SCASE","technology":["Python","R"]}]},{"jobId":3,"jobTitle":"Data Engg","jobDescription":"Create machine learning apps","experience":["IBM","INTEL"],"project":[{"projectName":"SCASE","technology":["Python","R"]}]},{"jobId":4,"jobTitle":"QA Tester","jobDescription":"To develop andriod application","experience":["RRD","ApD","MobileIron"],"project":[{"projectName":"Eccc","technology":["Selenium","Robot"]}]},{"jobId":27,"jobTitle":"Data Engg","jobDescription":"Create machine learning apps","experience":["IBM","INTEL"],"project":[{"projectName":"SCASE","technology":["Python","R"]}]},{"jobId":276,"jobTitle":"QA Tester","jobDescription":"To develop andriod application","experience":["RRD","ApD","MobileIron"],"project":[{"projectName":"Eccc","technology":["Selenium","Robot"]}]},{"jobId":3,"jobTitle":"Data Engg","jobDescription":"Create machine learning apps","experience":["IBM","INTEL"],"project":[{"projectName":"SCASE","technology":["Python","R"]}]},{"jobId":47,"jobTitle":"LOS","jobDescription":"SOL","experience":["Nothing"],"project":[]},{"jobId":99,"jobTitle":"LOS","jobDescription":"SOL","experience":["Nothing"],"project":[]},{"jobId":49,"jobTitle":"LOS","jobDescription":"SOL","experience":["Nothing"],"project":[]},{"jobId":99,"jobTitle":"LOS","jobDescription":"SOL","experience":["Nothing"],"project":[]},{"jobId":80,"jobTitle":"LOS","jobDescription":"SOL","experience":["Nothing"],"project":[]},{"jobId":0,"jobTitle":"LOS","jobDescription":"SOL","experience":["Nothing"],"project":[]},{"jobId":0,"jobTitle":"LOS","jobDescription":"SOL","experience":["Nothing"],"project":[]},{"jobId":0,"jobTitle":"LOS","jobDescription":"SOL","experience":["Nothing"],"project":[]},{"jobId":45,"jobTitle":"QA Tester","jobDescription":"Finding bugs","experience":["Nothing"],"project":[]},{"jobId":64,"jobTitle":"QA Tester","jobDescription":"Finding bugs","experience":["Nothing"],"project":[]},{"jobId":38,"jobTitle":"QA Tester","jobDescription":"Finding bugs","experience":["Nothing"],"project":[]},{"jobId":85,"jobTitle":"LOS","jobDescription":"SOL","experience":["Nothing"],"project":[]},{"jobId":9,"jobTitle":"QA Tester","jobDescription":"Finding bugs","experience":["Nothing"],"project":[]},{"jobId":85,"jobTitle":"LOS","jobDescription":"SOL","experience":["Nothing"],"project":[]},{"jobId":36,"jobTitle":"LOS","jobDescription":"SOL","experience":["Nothing"],"project":[]},{"jobId":41,"jobTitle":"QA Tester","jobDescription":"Finding bugs","experience":["Nothing"],"project":[]},{"jobId":42,"jobTitle":"LOS","jobDescription":"SOL","experience":["Nothing"],"project":[]},{"jobId":69,"jobTitle":"LOS","jobDescription":"SOL","experience":["Nothing"],"project":[]},{"jobId":13,"jobTitle":"LOS","jobDescription":"SOL","experience":["Nothing"],"project":[]},{"jobId":15,"jobTitle":"LOS","jobDescription":"To develop andriod application and web application","experience":["Nothing"],"project":[]},{"jobId":19,"jobTitle":"LOS","jobDescription":"SOL","experience":["Nothing"],"project":[]},{"jobId":92,"jobTitle":"Software Engg - 2","jobDescription":"To develop andriod application and web application","experience":["Nothing"],"project":[]},{"jobId":54,"jobTitle":"LOS","jobDescription":"SOL","experience":["Nothing"],"project":[]},{"jobId":90,"jobTitle":"Software Engg - 2","jobDescription":"To develop andriod application and web application","experience":["Nothing"],"project":[]},{"jobId":38,"jobTitle":"LOS","jobDescription":"SOL","experience":["Nothing"],"project":[]},{"jobId":5,"jobTitle":"Software Engg - 2","jobDescription":"To develop andriod application","experience":["Google","Apple","Mobile Iron","Google"],"project":[{"projectName":"Movie App","technology":["Kotlin","SQL Lite","Gradle","Jenkins"]}]},{"jobId":623,"jobTitle":"Data Engg","jobDescription":"Create machine learning apps","experience":["IBM","INTEL"],"project":[{"projectName":"SCASE","technology":["Python","R"]}]},{"jobId":3,"jobTitle":"Data Engg","jobDescription":"Create machine learning apps","experience":["IBM","INTEL"],"project":[{"projectName":"SCASE","technology":["Python","R"]}]},{"jobId":4,"jobTitle":"QA Tester","jobDescription":"To develop andriod application","experience":["RRD","ApD","MobileIron"],"project":[{"projectName":"Eccc","technology":["Selenium","Robot"]}]},{"jobId":345,"jobTitle":"QA Tester","jobDescription":"To develop andriod application","experience":["RRD","ApD","MobileIron"],"project":[{"projectName":"Eccc","technology":["Selenium","Robot"]}]},{"jobId":7,"jobTitle":"Software Engg","jobDescription":"To develop andriod application","experience":["Google","Apple","Mobile Iron","Subex"],"project":[{"projectName":"Movie App","technology":["Kotlin","SQL Lite","Gradle","Jenkins"]}]},{"jobId":7,"jobTitle":"Software Engg","jobDescription":"To develop andriod application","experience":["Google","Apple","Mobile Iron","Subex"],"project":[{"projectName":"Movie App","technology":["Kotlin","SQL Lite","Gradle","Jenkins"]}]},{"jobId":50,"jobTitle":"Software Engg - 2","jobDescription":"To develop andriod application","experience":["Google","Apple","Mobile Iron","Google"],"project":[{"projectName":"Movie App","technology":["Kotlin","SQL Lite","Gradle","Jenkins"]}]},{"jobId":43,"jobTitle":"Software Engg","jobDescription":"To develop andriod application","experience":["Google","Apple","Mobile Iron","Subex"],"project":[{"projectName":"Movie App","technology":["Kotlin","SQL Lite","Gradle","Jenkins"]}]},{"jobId":19,"jobTitle":"LOS","jobDescription":"SOL","experience":["Nothing"],"project":[]},{"jobId":7,"jobTitle":"LOS","jobDescription":"SOL","experience":["Nothing"],"project":[]},{"jobId":3,"jobTitle":"Data Engg","jobDescription":"Create machine learning apps","experience":["IBM","INTEL"],"project":[{"projectName":"SCASE","technology":["Python","R"]}]},{"jobId":5,"jobTitle":"Software Engg - 2","jobDescription":"To develop andriod application","experience":["Google","Apple","Mobile Iron","Google"],"project":[{"projectName":"Movie App","technology":["Kotlin","SQL Lite","Gradle","Jenkins"]}]},{"jobId":4,"jobTitle":"QA Tester","jobDescription":"To develop andriod application","experience":["RRD","ApD","MobileIron"],"project":[{"projectName":"Eccc","technology":["Selenium","Robot"]}]},{"jobId":135,"jobTitle":"Data Engg","jobDescription":"Create machine learning apps","experience":["IBM","INTEL"],"project":[{"projectName":"SCASE","technology":["Python","R"]}]},{"jobId":647,"jobTitle":"QA Tester","jobDescription":"To develop andriod application","experience":["RRD","ApD","MobileIron"],"project":[{"projectName":"Eccc","technology":["Selenium","Robot"]}]},{"jobId":7,"jobTitle":"Software Engg","jobDescription":"To develop andriod application","experience":["Google","Apple","Mobile Iron","Subex"],"project":[{"projectName":"Movie App","technology":["Kotlin","SQL Lite","Gradle","Jenkins"]}]},{"jobId":7,"jobTitle":"Software Engg","jobDescription":"To develop andriod application","experience":["Google","Apple","Mobile Iron","Subex"],"project":[{"projectName":"Movie App","technology":["Kotlin","SQL Lite","Gradle","Jenkins"]}]},{"jobId":36,"jobTitle":"Software Engg - 2","jobDescription":"To develop andriod application","experience":["Google","Apple","Mobile Iron","Google"],"project":[{"projectName":"Movie App","technology":["Kotlin","SQL Lite","Gradle","Jenkins"]}]},{"jobId":6,"jobTitle":"Software Engg","jobDescription":"To develop andriod application","experience":["Google","Apple","Mobile Iron","Subex"],"project":[{"projectName":"Movie App","technology":["Kotlin","SQL Lite","Gradle","Jenkins"]}]},{"jobId":40,"jobTitle":"LOS","jobDescription":"SOL","experience":["Nothing"],"project":[]},{"jobId":59,"jobTitle":"LOS","jobDescription":"SOL","experience":["Nothing"],"project":[]},{"jobId":80,"jobTitle":"LOS","jobDescription":"SOL","experience":["Nothing"],"project":[]},{"jobId":4,"jobTitle":"LOS","jobDescription":"SOL","experience":["Nothing"],"project":[]},{"jobId":33,"jobTitle":"LOS","jobDescription":"SOL","experience":["Nothing"],"project":[]},{"jobId":70,"jobTitle":"Software Engg - 2","jobDescription":"To develop andriod application and web application","experience":["Nothing"],"project":[]},{"jobId":40,"jobTitle":"LOS","jobDescription":"SOL","experience":["Nothing"],"project":[]},{"jobId":32,"jobTitle":"LOS","jobDescription":"SOL","experience":["Nothing"],"project":[]},{"jobId":370,"jobTitle":"IOS","jobDescription":"APPLE","experience":["Nothing"],"project":[]},{"jobId":676,"jobTitle":"IOS","jobDescription":"APPLE","experience":["Nothing"],"project":[]},{"jobId":704,"jobTitle":"IOS","jobDescription":"APPLE","experience":["Nothing"],"project":[]},{"jobId":9980,"jobTitle":"Data Analyst","jobDescription":"Develop machine learning models","experience":["Nothing"],"project":[]},{"jobId":9980,"jobTitle":"Data Analyst","jobDescription":"Develop machine learning models","experience":["Nothing"],"project":[]},{"jobId":3,"jobTitle":"Data Engg","jobDescription":"Create machine learning apps","experience":["IBM","INTEL"],"project":[{"projectName":"SCASE","technology":["Python","R"]}]},{"jobId":4,"jobTitle":"QA Tester","jobDescription":"To develop andriod application","experience":["RRD","ApD","MobileIron"],"project":[{"projectName":"Eccc","technology":["Selenium","Robot"]}]},{"jobId":82,"jobTitle":"Data Engg","jobDescription":"Create machine learning apps","experience":["IBM","INTEL"],"project":[{"projectName":"SCASE","technology":["Python","R"]}]},{"jobId":291,"jobTitle":"QA Tester","jobDescription":"To develop andriod application","experience":["RRD","ApD","MobileIron"],"project":[{"projectName":"Eccc","technology":["Selenium","Robot"]}]},{"jobId":3,"jobTitle":"Data Engg","jobDescription":"Create machine learning apps","experience":["IBM","INTEL"],"project":[{"projectName":"SCASE","technology":["Python","R"]}]},{"jobId":3,"jobTitle":"Data Engg","jobDescription":"Create machine learning apps","experience":["IBM","INTEL"],"project":[{"projectName":"SCASE","technology":["Python","R"]}]},{"jobId":251,"jobTitle":"LOS","jobDescription":"SOL","experience":["Nothing"],"project":[]}]

14:22:57.341 [pool-2-thread-3] DEBUG com.intuit.karate - response time in milliseconds: 91
1 < 201
1 < X-Content-Type-Options: nosniff
1 < X-XSS-Protection: 1; mode=block
1 < Cache-Control: no-cache, no-store, max-age=0, must-revalidate
1 < Pragma: no-cache
1 < Expires: 0
1 < X-Frame-Options: DENY
1 < Content-Type: application/json
1 < Transfer-Encoding: chunked
1 < Date: Thu, 27 Jun 2024 19:22:57 GMT
1 < Keep-Alive: timeout=60
1 < Connection: keep-alive
{"jobId":2,"jobTitle":"LOS","jobDescription":"SOL","experience":["Nothing"],"project":[]}

14:22:57.341 [pool-2-thread-2] DEBUG com.intuit.karate - response time in milliseconds: 91
1 < 200
1 < X-Content-Type-Options: nosniff
1 < X-XSS-Protection: 1; mode=block
1 < Cache-Control: no-cache, no-store, max-age=0, must-revalidate
1 < Pragma: no-cache
1 < Expires: 0
1 < X-Frame-Options: DENY
1 < Content-Type: application/xml
1 < Transfer-Encoding: chunked
1 < Date: Thu, 27 Jun 2024 19:22:57 GMT
1 < Keep-Alive: timeout=60
1 < Connection: keep-alive
<List><item><jobId>1</jobId><jobTitle>Software Engg</jobTitle><jobDescription>To develop andriod application</jobDescription><experience><experience>Google</experience><experience>Apple</experience><experience>Mobile Iron</experience></experience><project><project><projectName>Movie App</projectName><technology><technology>Kotlin</technology><technology>SQL Lite</technology><technology>Gradle</technology></technology></project></project></item><item><jobId>3</jobId><jobTitle>Data Engg</jobTitle><jobDescription>Create machine learning apps</jobDescription><experience><experience>IBM</experience><experience>INTEL</experience></experience><project><project><projectName>SCASE</projectName><technology><technology>Python</technology><technology>R</technology></technology></project></project></item><item><jobId>4</jobId><jobTitle>Software Engg - 2</jobTitle><jobDescription>To develop andriod application and web application</jobDescription><experience><experience>RRD</experience><experience>ApD</experience><experience>MobileIron</experience></experience><project><project><projectName>Eccc</projectName><technology><technology>Selenium</technology><technology>Robot</technology></technology></project></project></item><item><jobId>640</jobId><jobTitle>Data Engg</jobTitle><jobDescription>Create machine learning apps</jobDescription><experience><experience>IBM</experience><experience>INTEL</experience></experience><project><project><projectName>SCASE</projectName><technology><technology>Python</technology><technology>R</technology></technology></project></project></item><item><jobId>430</jobId><jobTitle>QA Tester</jobTitle><jobDescription>To develop andriod application</jobDescription><experience><experience>RRD</experience><experience>ApD</experience><experience>MobileIron</experience></experience><project><project><projectName>Eccc</projectName><technology><technology>Selenium</technology><technology>Robot</technology></technology></project></project></item><item><jobId>3</jobId><jobTitle>Data Engg</jobTitle><jobDescription>Create machine learning apps</jobDescription><experience><experience>IBM</experience><experience>INTEL</experience></experience><project><project><projectName>SCASE</projectName><technology><technology>Python</technology><technology>R</technology></technology></project></project></item><item><jobId>3</jobId><jobTitle>Data Engg</jobTitle><jobDescription>Create machine learning apps</jobDescription><experience><experience>IBM</experience><experience>INTEL</experience></experience><project><project><projectName>SCASE</projectName><technology><technology>Python</technology><technology>R</technology></technology></project></project></item><item><jobId>4</jobId><jobTitle>QA Tester</jobTitle><jobDescription>To develop andriod application</jobDescription><experience><experience>RRD</experience><experience>ApD</experience><experience>MobileIron</experience></experience><project><project><projectName>Eccc</projectName><technology><technology>Selenium</technology><technology>Robot</technology></technology></project></project></item><item><jobId>404</jobId><jobTitle>Data Engg</jobTitle><jobDescription>Create machine learning apps</jobDescription><experience><experience>IBM</experience><experience>INTEL</experience></experience><project><project><projectName>SCASE</projectName><technology><technology>Python</technology><technology>R</technology></technology></project></project></item><item><jobId>412</jobId><jobTitle>QA Tester</jobTitle><jobDescription>To develop andriod application</jobDescription><experience><experience>RRD</experience><experience>ApD</experience><experience>MobileIron</experience></experience><project><project><projectName>Eccc</projectName><technology><technology>Selenium</technology><technology>Robot</technology></technology></project></project></item><item><jobId>3</jobId><jobTitle>Data Engg</jobTitle><jobDescription>Create machine learning apps</jobDescription><experience><experience>IBM</experience><experience>INTEL</experience></experience><project><project><projectName>SCASE</projectName><technology><technology>Python</technology><technology>R</technology></technology></project></project></item><item><jobId>3</jobId><jobTitle>Data Engg</jobTitle><jobDescription>Create machine learning apps</jobDescription><experience><experience>IBM</experience><experience>INTEL</experience></experience><project><project><projectName>SCASE</projectName><technology><technology>Python</technology><technology>R</technology></technology></project></project></item><item><jobId>4</jobId><jobTitle>QA Tester</jobTitle><jobDescription>To develop andriod application</jobDescription><experience><experience>RRD</experience><experience>ApD</experience><experience>MobileIron</experience></experience><project><project><projectName>Eccc</projectName><technology><technology>Selenium</technology><technology>Robot</technology></technology></project></project></item><item><jobId>612</jobId><jobTitle>Data Engg</jobTitle><jobDescription>Create machine learning apps</jobDescription><experience><experience>IBM</experience><experience>INTEL</experience></experience><project><project><projectName>SCASE</projectName><technology><technology>Python</technology><technology>R</technology></technology></project></project></item><item><jobId>124</jobId><jobTitle>QA Tester</jobTitle><jobDescription>To develop andriod application</jobDescription><experience><experience>RRD</experience><experience>ApD</experience><experience>MobileIron</experience></experience><project><project><projectName>Eccc</projectName><technology><technology>Selenium</technology><technology>Robot</technology></technology></project></project></item><item><jobId>3</jobId><jobTitle>Data Engg</jobTitle><jobDescription>Create machine learning apps</jobDescription><experience><experience>IBM</experience><experience>INTEL</experience></experience><project><project><projectName>SCASE</projectName><technology><technology>Python</technology><technology>R</technology></technology></project></project></item><item><jobId>3</jobId><jobTitle>Data Engg</jobTitle><jobDescription>Create machine learning apps</jobDescription><experience><experience>IBM</experience><experience>INTEL</experience></experience><project><project><projectName>SCASE</projectName><technology><technology>Python</technology><technology>R</technology></technology></project></project></item><item><jobId>4</jobId><jobTitle>QA Tester</jobTitle><jobDescription>To develop andriod application</jobDescription><experience><experience>RRD</experience><experience>ApD</experience><experience>MobileIron</experience></experience><project><project><projectName>Eccc</projectName><technology><technology>Selenium</technology><technology>Robot</technology></technology></project></project></item><item><jobId>27</jobId><jobTitle>Data Engg</jobTitle><jobDescription>Create machine learning apps</jobDescription><experience><experience>IBM</experience><experience>INTEL</experience></experience><project><project><projectName>SCASE</projectName><technology><technology>Python</technology><technology>R</technology></technology></project></project></item><item><jobId>276</jobId><jobTitle>QA Tester</jobTitle><jobDescription>To develop andriod application</jobDescription><experience><experience>RRD</experience><experience>ApD</experience><experience>MobileIron</experience></experience><project><project><projectName>Eccc</projectName><technology><technology>Selenium</technology><technology>Robot</technology></technology></project></project></item><item><jobId>3</jobId><jobTitle>Data Engg</jobTitle><jobDescription>Create machine learning apps</jobDescription><experience><experience>IBM</experience><experience>INTEL</experience></experience><project><project><projectName>SCASE</projectName><technology><technology>Python</technology><technology>R</technology></technology></project></project></item><item><jobId>47</jobId><jobTitle>LOS</jobTitle><jobDescription>SOL</jobDescription><experience><experience>Nothing</experience></experience><project/></item><item><jobId>99</jobId><jobTitle>LOS</jobTitle><jobDescription>SOL</jobDescription><experience><experience>Nothing</experience></experience><project/></item><item><jobId>49</jobId><jobTitle>LOS</jobTitle><jobDescription>SOL</jobDescription><experience><experience>Nothing</experience></experience><project/></item><item><jobId>99</jobId><jobTitle>LOS</jobTitle><jobDescription>SOL</jobDescription><experience><experience>Nothing</experience></experience><project/></item><item><jobId>80</jobId><jobTitle>LOS</jobTitle><jobDescription>SOL</jobDescription><experience><experience>Nothing</experience></experience><project/></item><item><jobId>0</jobId><jobTitle>LOS</jobTitle><jobDescription>SOL</jobDescription><experience><experience>Nothing</experience></experience><project/></item><item><jobId>0</jobId><jobTitle>LOS</jobTitle><jobDescription>SOL</jobDescription><experience><experience>Nothing</experience></experience><project/></item><item><jobId>0</jobId><jobTitle>LOS</jobTitle><jobDescription>SOL</jobDescription><experience><experience>Nothing</experience></experience><project/></item><item><jobId>45</jobId><jobTitle>QA Tester</jobTitle><jobDescription>Finding bugs</jobDescription><experience><experience>Nothing</experience></experience><project/></item><item><jobId>64</jobId><jobTitle>QA Tester</jobTitle><jobDescription>Finding bugs</jobDescription><experience><experience>Nothing</experience></experience><project/></item><item><jobId>38</jobId><jobTitle>QA Tester</jobTitle><jobDescription>Finding bugs</jobDescription><experience><experience>Nothing</experience></experience><project/></item><item><jobId>85</jobId><jobTitle>LOS</jobTitle><jobDescription>SOL</jobDescription><experience><experience>Nothing</experience></experience><project/></item><item><jobId>9</jobId><jobTitle>QA Tester</jobTitle><jobDescription>Finding bugs</jobDescription><experience><experience>Nothing</experience></experience><project/></item><item><jobId>85</jobId><jobTitle>LOS</jobTitle><jobDescription>SOL</jobDescription><experience><experience>Nothing</experience></experience><project/></item><item><jobId>36</jobId><jobTitle>LOS</jobTitle><jobDescription>SOL</jobDescription><experience><experience>Nothing</experience></experience><project/></item><item><jobId>41</jobId><jobTitle>QA Tester</jobTitle><jobDescription>Finding bugs</jobDescription><experience><experience>Nothing</experience></experience><project/></item><item><jobId>42</jobId><jobTitle>LOS</jobTitle><jobDescription>SOL</jobDescription><experience><experience>Nothing</experience></experience><project/></item><item><jobId>69</jobId><jobTitle>LOS</jobTitle><jobDescription>SOL</jobDescription><experience><experience>Nothing</experience></experience><project/></item><item><jobId>13</jobId><jobTitle>LOS</jobTitle><jobDescription>SOL</jobDescription><experience><experience>Nothing</experience></experience><project/></item><item><jobId>15</jobId><jobTitle>LOS</jobTitle><jobDescription>To develop andriod application and web application</jobDescription><experience><experience>Nothing</experience></experience><project/></item><item><jobId>19</jobId><jobTitle>LOS</jobTitle><jobDescription>SOL</jobDescription><experience><experience>Nothing</experience></experience><project/></item><item><jobId>92</jobId><jobTitle>Software Engg - 2</jobTitle><jobDescription>To develop andriod application and web application</jobDescription><experience><experience>Nothing</experience></experience><project/></item><item><jobId>54</jobId><jobTitle>LOS</jobTitle><jobDescription>SOL</jobDescription><experience><experience>Nothing</experience></experience><project/></item><item><jobId>90</jobId><jobTitle>Software Engg - 2</jobTitle><jobDescription>To develop andriod application and web application</jobDescription><experience><experience>Nothing</experience></experience><project/></item><item><jobId>38</jobId><jobTitle>LOS</jobTitle><jobDescription>SOL</jobDescription><experience><experience>Nothing</experience></experience><project/></item><item><jobId>5</jobId><jobTitle>Software Engg - 2</jobTitle><jobDescription>To develop andriod application</jobDescription><experience><experience>Google</experience><experience>Apple</experience><experience>Mobile Iron</experience><experience>Google</experience></experience><project><project><projectName>Movie App</projectName><technology><technology>Kotlin</technology><technology>SQL Lite</technology><technology>Gradle</technology><technology>Jenkins</technology></technology></project></project></item><item><jobId>623</jobId><jobTitle>Data Engg</jobTitle><jobDescription>Create machine learning apps</jobDescription><experience><experience>IBM</experience><experience>INTEL</experience></experience><project><project><projectName>SCASE</projectName><technology><technology>Python</technology><technology>R</technology></technology></project></project></item><item><jobId>3</jobId><jobTitle>Data Engg</jobTitle><jobDescription>Create machine learning apps</jobDescription><experience><experience>IBM</experience><experience>INTEL</experience></experience><project><project><projectName>SCASE</projectName><technology><technology>Python</technology><technology>R</technology></technology></project></project></item><item><jobId>4</jobId><jobTitle>QA Tester</jobTitle><jobDescription>To develop andriod application</jobDescription><experience><experience>RRD</experience><experience>ApD</experience><experience>MobileIron</experience></experience><project><project><projectName>Eccc</projectName><technology><technology>Selenium</technology><technology>Robot</technology></technology></project></project></item><item><jobId>345</jobId><jobTitle>QA Tester</jobTitle><jobDescription>To develop andriod application</jobDescription><experience><experience>RRD</experience><experience>ApD</experience><experience>MobileIron</experience></experience><project><project><projectName>Eccc</projectName><technology><technology>Selenium</technology><technology>Robot</technology></technology></project></project></item><item><jobId>7</jobId><jobTitle>Software Engg</jobTitle><jobDescription>To develop andriod application</jobDescription><experience><experience>Google</experience><experience>Apple</experience><experience>Mobile Iron</experience><experience>Subex</experience></experience><project><project><projectName>Movie App</projectName><technology><technology>Kotlin</technology><technology>SQL Lite</technology><technology>Gradle</technology><technology>Jenkins</technology></technology></project></project></item><item><jobId>7</jobId><jobTitle>Software Engg</jobTitle><jobDescription>To develop andriod application</jobDescription><experience><experience>Google</experience><experience>Apple</experience><experience>Mobile Iron</experience><experience>Subex</experience></experience><project><project><projectName>Movie App</projectName><technology><technology>Kotlin</technology><technology>SQL Lite</technology><technology>Gradle</technology><technology>Jenkins</technology></technology></project></project></item><item><jobId>50</jobId><jobTitle>Software Engg - 2</jobTitle><jobDescription>To develop andriod application</jobDescription><experience><experience>Google</experience><experience>Apple</experience><experience>Mobile Iron</experience><experience>Google</experience></experience><project><project><projectName>Movie App</projectName><technology><technology>Kotlin</technology><technology>SQL Lite</technology><technology>Gradle</technology><technology>Jenkins</technology></technology></project></project></item><item><jobId>43</jobId><jobTitle>Software Engg</jobTitle><jobDescription>To develop andriod application</jobDescription><experience><experience>Google</experience><experience>Apple</experience><experience>Mobile Iron</experience><experience>Subex</experience></experience><project><project><projectName>Movie App</projectName><technology><technology>Kotlin</technology><technology>SQL Lite</technology><technology>Gradle</technology><technology>Jenkins</technology></technology></project></project></item><item><jobId>19</jobId><jobTitle>LOS</jobTitle><jobDescription>SOL</jobDescription><experience><experience>Nothing</experience></experience><project/></item><item><jobId>7</jobId><jobTitle>LOS</jobTitle><jobDescription>SOL</jobDescription><experience><experience>Nothing</experience></experience><project/></item><item><jobId>3</jobId><jobTitle>Data Engg</jobTitle><jobDescription>Create machine learning apps</jobDescription><experience><experience>IBM</experience><experience>INTEL</experience></experience><project><project><projectName>SCASE</projectName><technology><technology>Python</technology><technology>R</technology></technology></project></project></item><item><jobId>5</jobId><jobTitle>Software Engg - 2</jobTitle><jobDescription>To develop andriod application</jobDescription><experience><experience>Google</experience><experience>Apple</experience><experience>Mobile Iron</experience><experience>Google</experience></experience><project><project><projectName>Movie App</projectName><technology><technology>Kotlin</technology><technology>SQL Lite</technology><technology>Gradle</technology><technology>Jenkins</technology></technology></project></project></item><item><jobId>4</jobId><jobTitle>QA Tester</jobTitle><jobDescription>To develop andriod application</jobDescription><experience><experience>RRD</experience><experience>ApD</experience><experience>MobileIron</experience></experience><project><project><projectName>Eccc</projectName><technology><technology>Selenium</technology><technology>Robot</technology></technology></project></project></item><item><jobId>135</jobId><jobTitle>Data Engg</jobTitle><jobDescription>Create machine learning apps</jobDescription><experience><experience>IBM</experience><experience>INTEL</experience></experience><project><project><projectName>SCASE</projectName><technology><technology>Python</technology><technology>R</technology></technology></project></project></item><item><jobId>647</jobId><jobTitle>QA Tester</jobTitle><jobDescription>To develop andriod application</jobDescription><experience><experience>RRD</experience><experience>ApD</experience><experience>MobileIron</experience></experience><project><project><projectName>Eccc</projectName><technology><technology>Selenium</technology><technology>Robot</technology></technology></project></project></item><item><jobId>7</jobId><jobTitle>Software Engg</jobTitle><jobDescription>To develop andriod application</jobDescription><experience><experience>Google</experience><experience>Apple</experience><experience>Mobile Iron</experience><experience>Subex</experience></experience><project><project><projectName>Movie App</projectName><technology><technology>Kotlin</technology><technology>SQL Lite</technology><technology>Gradle</technology><technology>Jenkins</technology></technology></project></project></item><item><jobId>7</jobId><jobTitle>Software Engg</jobTitle><jobDescription>To develop andriod application</jobDescription><experience><experience>Google</experience><experience>Apple</experience><experience>Mobile Iron</experience><experience>Subex</experience></experience><project><project><projectName>Movie App</projectName><technology><technology>Kotlin</technology><technology>SQL Lite</technology><technology>Gradle</technology><technology>Jenkins</technology></technology></project></project></item><item><jobId>36</jobId><jobTitle>Software Engg - 2</jobTitle><jobDescription>To develop andriod application</jobDescription><experience><experience>Google</experience><experience>Apple</experience><experience>Mobile Iron</experience><experience>Google</experience></experience><project><project><projectName>Movie App</projectName><technology><technology>Kotlin</technology><technology>SQL Lite</technology><technology>Gradle</technology><technology>Jenkins</technology></technology></project></project></item><item><jobId>6</jobId><jobTitle>Software Engg</jobTitle><jobDescription>To develop andriod application</jobDescription><experience><experience>Google</experience><experience>Apple</experience><experience>Mobile Iron</experience><experience>Subex</experience></experience><project><project><projectName>Movie App</projectName><technology><technology>Kotlin</technology><technology>SQL Lite</technology><technology>Gradle</technology><technology>Jenkins</technology></technology></project></project></item><item><jobId>40</jobId><jobTitle>LOS</jobTitle><jobDescription>SOL</jobDescription><experience><experience>Nothing</experience></experience><project/></item><item><jobId>59</jobId><jobTitle>LOS</jobTitle><jobDescription>SOL</jobDescription><experience><experience>Nothing</experience></experience><project/></item><item><jobId>80</jobId><jobTitle>LOS</jobTitle><jobDescription>SOL</jobDescription><experience><experience>Nothing</experience></experience><project/></item><item><jobId>4</jobId><jobTitle>LOS</jobTitle><jobDescription>SOL</jobDescription><experience><experience>Nothing</experience></experience><project/></item><item><jobId>33</jobId><jobTitle>LOS</jobTitle><jobDescription>SOL</jobDescription><experience><experience>Nothing</experience></experience><project/></item><item><jobId>70</jobId><jobTitle>Software Engg - 2</jobTitle><jobDescription>To develop andriod application and web application</jobDescription><experience><experience>Nothing</experience></experience><project/></item><item><jobId>40</jobId><jobTitle>LOS</jobTitle><jobDescription>SOL</jobDescription><experience><experience>Nothing</experience></experience><project/></item><item><jobId>32</jobId><jobTitle>LOS</jobTitle><jobDescription>SOL</jobDescription><experience><experience>Nothing</experience></experience><project/></item><item><jobId>370</jobId><jobTitle>IOS</jobTitle><jobDescription>APPLE</jobDescription><experience><experience>Nothing</experience></experience><project/></item><item><jobId>676</jobId><jobTitle>IOS</jobTitle><jobDescription>APPLE</jobDescription><experience><experience>Nothing</experience></experience><project/></item><item><jobId>704</jobId><jobTitle>IOS</jobTitle><jobDescription>APPLE</jobDescription><experience><experience>Nothing</experience></experience><project/></item><item><jobId>9980</jobId><jobTitle>Data Analyst</jobTitle><jobDescription>Develop machine learning models</jobDescription><experience><experience>Nothing</experience></experience><project/></item><item><jobId>9980</jobId><jobTitle>Data Analyst</jobTitle><jobDescription>Develop machine learning models</jobDescription><experience><experience>Nothing</experience></experience><project/></item><item><jobId>3</jobId><jobTitle>Data Engg</jobTitle><jobDescription>Create machine learning apps</jobDescription><experience><experience>IBM</experience><experience>INTEL</experience></experience><project><project><projectName>SCASE</projectName><technology><technology>Python</technology><technology>R</technology></technology></project></project></item><item><jobId>4</jobId><jobTitle>QA Tester</jobTitle><jobDescription>To develop andriod application</jobDescription><experience><experience>RRD</experience><experience>ApD</experience><experience>MobileIron</experience></experience><project><project><projectName>Eccc</projectName><technology><technology>Selenium</technology><technology>Robot</technology></technology></project></project></item><item><jobId>82</jobId><jobTitle>Data Engg</jobTitle><jobDescription>Create machine learning apps</jobDescription><experience><experience>IBM</experience><experience>INTEL</experience></experience><project><project><projectName>SCASE</projectName><technology><technology>Python</technology><technology>R</technology></technology></project></project></item><item><jobId>291</jobId><jobTitle>QA Tester</jobTitle><jobDescription>To develop andriod application</jobDescription><experience><experience>RRD</experience><experience>ApD</experience><experience>MobileIron</experience></experience><project><project><projectName>Eccc</projectName><technology><technology>Selenium</technology><technology>Robot</technology></technology></project></project></item><item><jobId>3</jobId><jobTitle>Data Engg</jobTitle><jobDescription>Create machine learning apps</jobDescription><experience><experience>IBM</experience><experience>INTEL</experience></experience><project><project><projectName>SCASE</projectName><technology><technology>Python</technology><technology>R</technology></technology></project></project></item><item><jobId>3</jobId><jobTitle>Data Engg</jobTitle><jobDescription>Create machine learning apps</jobDescription><experience><experience>IBM</experience><experience>INTEL</experience></experience><project><project><projectName>SCASE</projectName><technology><technology>Python</technology><technology>R</technology></technology></project></project></item><item><jobId>251</jobId><jobTitle>LOS</jobTitle><jobDescription>SOL</jobDescription><experience><experience>Nothing</experience></experience><project/></item></List>

14:22:57.341 [pool-2-thread-4] DEBUG com.intuit.karate - response time in milliseconds: 91
1 < 201
1 < X-Content-Type-Options: nosniff
1 < X-XSS-Protection: 1; mode=block
1 < Cache-Control: no-cache, no-store, max-age=0, must-revalidate
1 < Pragma: no-cache
1 < Expires: 0
1 < X-Frame-Options: DENY
1 < Content-Type: application/json
1 < Transfer-Encoding: chunked
1 < Date: Thu, 27 Jun 2024 19:22:57 GMT
1 < Keep-Alive: timeout=60
1 < Connection: keep-alive
{"jobId":19,"jobTitle":"LOS","jobDescription":"SOL","experience":["Nothing"],"project":[]}

14:22:57.475 [pool-2-thread-5] INFO  com.intuit.karate - [print] [
  {
    "jobId": 1,
    "jobTitle": "Software Engg",
    "jobDescription": "To develop andriod application",
    "experience": [
      "Google",
      "Apple",
      "Mobile Iron"
    ],
    "project": [
      {
        "projectName": "Movie App",
        "technology": [
          "Kotlin",
          "SQL Lite",
          "Gradle"
        ]
      }
    ]
  },
  {
    "jobId": 3,
    "jobTitle": "Data Engg",
    "jobDescription": "Create machine learning apps",
    "experience": [
      "IBM",
      "INTEL"
    ],
    "project": [
      {
        "projectName": "SCASE",
        "technology": [
          "Python",
          "R"
        ]
      }
    ]
  },
  {
    "jobId": 4,
    "jobTitle": "Software Engg - 2",
    "jobDescription": "To develop andriod application and web application",
    "experience": [
      "RRD",
      "ApD",
      "MobileIron"
    ],
    "project": [
      {
        "projectName": "Eccc",
        "technology": [
          "Selenium",
          "Robot"
        ]
      }
    ]
  },
  {
    "jobId": 640,
    "jobTitle": "Data Engg",
    "jobDescription": "Create machine learning apps",
    "experience": [
      "IBM",
      "INTEL"
    ],
    "project": [
      {
        "projectName": "SCASE",
        "technology": [
          "Python",
          "R"
        ]
      }
    ]
  },
  {
    "jobId": 430,
    "jobTitle": "QA Tester",
    "jobDescription": "To develop andriod application",
    "experience": [
      "RRD",
      "ApD",
      "MobileIron"
    ],
    "project": [
      {
        "projectName": "Eccc",
        "technology": [
          "Selenium",
          "Robot"
        ]
      }
    ]
  },
  {
    "jobId": 3,
    "jobTitle": "Data Engg",
    "jobDescription": "Create machine learning apps",
    "experience": [
      "IBM",
      "INTEL"
    ],
    "project": [
      {
        "projectName": "SCASE",
        "technology": [
          "Python",
          "R"
        ]
      }
    ]
  },
  {
    "jobId": 3,
    "jobTitle": "Data Engg",
    "jobDescription": "Create machine learning apps",
    "experience": [
      "IBM",
      "INTEL"
    ],
    "project": [
      {
        "projectName": "SCASE",
        "technology": [
          "Python",
          "R"
        ]
      }
    ]
  },
  {
    "jobId": 4,
    "jobTitle": "QA Tester",
    "jobDescription": "To develop andriod application",
    "experience": [
      "RRD",
      "ApD",
      "MobileIron"
    ],
    "project": [
      {
        "projectName": "Eccc",
        "technology": [
          "Selenium",
          "Robot"
        ]
      }
    ]
  },
  {
    "jobId": 404,
    "jobTitle": "Data Engg",
    "jobDescription": "Create machine learning apps",
    "experience": [
      "IBM",
      "INTEL"
    ],
    "project": [
      {
        "projectName": "SCASE",
        "technology": [
          "Python",
          "R"
        ]
      }
    ]
  },
  {
    "jobId": 412,
    "jobTitle": "QA Tester",
    "jobDescription": "To develop andriod application",
    "experience": [
      "RRD",
      "ApD",
      "MobileIron"
    ],
    "project": [
      {
        "projectName": "Eccc",
        "technology": [
          "Selenium",
          "Robot"
        ]
      }
    ]
  },
  {
    "jobId": 3,
    "jobTitle": "Data Engg",
    "jobDescription": "Create machine learning apps",
    "experience": [
      "IBM",
      "INTEL"
    ],
    "project": [
      {
        "projectName": "SCASE",
        "technology": [
          "Python",
          "R"
        ]
      }
    ]
  },
  {
    "jobId": 3,
    "jobTitle": "Data Engg",
    "jobDescription": "Create machine learning apps",
    "experience": [
      "IBM",
      "INTEL"
    ],
    "project": [
      {
        "projectName": "SCASE",
        "technology": [
          "Python",
          "R"
        ]
      }
    ]
  },
  {
    "jobId": 4,
    "jobTitle": "QA Tester",
    "jobDescription": "To develop andriod application",
    "experience": [
      "RRD",
      "ApD",
      "MobileIron"
    ],
    "project": [
      {
        "projectName": "Eccc",
        "technology": [
          "Selenium",
          "Robot"
        ]
      }
    ]
  },
  {
    "jobId": 612,
    "jobTitle": "Data Engg",
    "jobDescription": "Create machine learning apps",
    "experience": [
      "IBM",
      "INTEL"
    ],
    "project": [
      {
        "projectName": "SCASE",
        "technology": [
          "Python",
          "R"
        ]
      }
    ]
  },
  {
    "jobId": 124,
    "jobTitle": "QA Tester",
    "jobDescription": "To develop andriod application",
    "experience": [
      "RRD",
      "ApD",
      "MobileIron"
    ],
    "project": [
      {
        "projectName": "Eccc",
        "technology": [
          "Selenium",
          "Robot"
        ]
      }
    ]
  },
  {
    "jobId": 3,
    "jobTitle": "Data Engg",
    "jobDescription": "Create machine learning apps",
    "experience": [
      "IBM",
      "INTEL"
    ],
    "project": [
      {
        "projectName": "SCASE",
        "technology": [
          "Python",
          "R"
        ]
      }
    ]
  },
  {
    "jobId": 3,
    "jobTitle": "Data Engg",
    "jobDescription": "Create machine learning apps",
    "experience": [
      "IBM",
      "INTEL"
    ],
    "project": [
      {
        "projectName": "SCASE",
        "technology": [
          "Python",
          "R"
        ]
      }
    ]
  },
  {
    "jobId": 4,
    "jobTitle": "QA Tester",
    "jobDescription": "To develop andriod application",
    "experience": [
      "RRD",
      "ApD",
      "MobileIron"
    ],
    "project": [
      {
        "projectName": "Eccc",
        "technology": [
          "Selenium",
          "Robot"
        ]
      }
    ]
  },
  {
    "jobId": 27,
    "jobTitle": "Data Engg",
    "jobDescription": "Create machine learning apps",
    "experience": [
      "IBM",
      "INTEL"
    ],
    "project": [
      {
        "projectName": "SCASE",
        "technology": [
          "Python",
          "R"
        ]
      }
    ]
  },
  {
    "jobId": 276,
    "jobTitle": "QA Tester",
    "jobDescription": "To develop andriod application",
    "experience": [
      "RRD",
      "ApD",
      "MobileIron"
    ],
    "project": [
      {
        "projectName": "Eccc",
        "technology": [
          "Selenium",
          "Robot"
        ]
      }
    ]
  },
  {
    "jobId": 3,
    "jobTitle": "Data Engg",
    "jobDescription": "Create machine learning apps",
    "experience": [
      "IBM",
      "INTEL"
    ],
    "project": [
      {
        "projectName": "SCASE",
        "technology": [
          "Python",
          "R"
        ]
      }
    ]
  },
  {
    "jobId": 47,
    "jobTitle": "LOS",
    "jobDescription": "SOL",
    "experience": [
      "Nothing"
    ],
    "project": [
    ]
  },
  {
    "jobId": 99,
    "jobTitle": "LOS",
    "jobDescription": "SOL",
    "experience": [
      "Nothing"
    ],
    "project": [
    ]
  },
  {
    "jobId": 49,
    "jobTitle": "LOS",
    "jobDescription": "SOL",
    "experience": [
      "Nothing"
    ],
    "project": [
    ]
  },
  {
    "jobId": 99,
    "jobTitle": "LOS",
    "jobDescription": "SOL",
    "experience": [
      "Nothing"
    ],
    "project": [
    ]
  },
  {
    "jobId": 80,
    "jobTitle": "LOS",
    "jobDescription": "SOL",
    "experience": [
      "Nothing"
    ],
    "project": [
    ]
  },
  {
    "jobId": 0,
    "jobTitle": "LOS",
    "jobDescription": "SOL",
    "experience": [
      "Nothing"
    ],
    "project": [
    ]
  },
  {
    "jobId": 0,
    "jobTitle": "LOS",
    "jobDescription": "SOL",
    "experience": [
      "Nothing"
    ],
    "project": [
    ]
  },
  {
    "jobId": 0,
    "jobTitle": "LOS",
    "jobDescription": "SOL",
    "experience": [
      "Nothing"
    ],
    "project": [
    ]
  },
  {
    "jobId": 45,
    "jobTitle": "QA Tester",
    "jobDescription": "Finding bugs",
    "experience": [
      "Nothing"
    ],
    "project": [
    ]
  },
  {
    "jobId": 64,
    "jobTitle": "QA Tester",
    "jobDescription": "Finding bugs",
    "experience": [
      "Nothing"
    ],
    "project": [
    ]
  },
  {
    "jobId": 38,
    "jobTitle": "QA Tester",
    "jobDescription": "Finding bugs",
    "experience": [
      "Nothing"
    ],
    "project": [
    ]
  },
  {
    "jobId": 85,
    "jobTitle": "LOS",
    "jobDescription": "SOL",
    "experience": [
      "Nothing"
    ],
    "project": [
    ]
  },
  {
    "jobId": 9,
    "jobTitle": "QA Tester",
    "jobDescription": "Finding bugs",
    "experience": [
      "Nothing"
    ],
    "project": [
    ]
  },
  {
    "jobId": 85,
    "jobTitle": "LOS",
    "jobDescription": "SOL",
    "experience": [
      "Nothing"
    ],
    "project": [
    ]
  },
  {
    "jobId": 36,
    "jobTitle": "LOS",
    "jobDescription": "SOL",
    "experience": [
      "Nothing"
    ],
    "project": [
    ]
  },
  {
    "jobId": 41,
    "jobTitle": "QA Tester",
    "jobDescription": "Finding bugs",
    "experience": [
      "Nothing"
    ],
    "project": [
    ]
  },
  {
    "jobId": 42,
    "jobTitle": "LOS",
    "jobDescription": "SOL",
    "experience": [
      "Nothing"
    ],
    "project": [
    ]
  },
  {
    "jobId": 69,
    "jobTitle": "LOS",
    "jobDescription": "SOL",
    "experience": [
      "Nothing"
    ],
    "project": [
    ]
  },
  {
    "jobId": 13,
    "jobTitle": "LOS",
    "jobDescription": "SOL",
    "experience": [
      "Nothing"
    ],
    "project": [
    ]
  },
  {
    "jobId": 15,
    "jobTitle": "LOS",
    "jobDescription": "To develop andriod application and web application",
    "experience": [
      "Nothing"
    ],
    "project": [
    ]
  },
  {
    "jobId": 19,
    "jobTitle": "LOS",
    "jobDescription": "SOL",
    "experience": [
      "Nothing"
    ],
    "project": [
    ]
  },
  {
    "jobId": 92,
    "jobTitle": "Software Engg - 2",
    "jobDescription": "To develop andriod application and web application",
    "experience": [
      "Nothing"
    ],
    "project": [
    ]
  },
  {
    "jobId": 54,
    "jobTitle": "LOS",
    "jobDescription": "SOL",
    "experience": [
      "Nothing"
    ],
    "project": [
    ]
  },
  {
    "jobId": 90,
    "jobTitle": "Software Engg - 2",
    "jobDescription": "To develop andriod application and web application",
    "experience": [
      "Nothing"
    ],
    "project": [
    ]
  },
  {
    "jobId": 38,
    "jobTitle": "LOS",
    "jobDescription": "SOL",
    "experience": [
      "Nothing"
    ],
    "project": [
    ]
  },
  {
    "jobId": 5,
    "jobTitle": "Software Engg - 2",
    "jobDescription": "To develop andriod application",
    "experience": [
      "Google",
      "Apple",
      "Mobile Iron",
      "Google"
    ],
    "project": [
      {
        "projectName": "Movie App",
        "technology": [
          "Kotlin",
          "SQL Lite",
          "Gradle",
          "Jenkins"
        ]
      }
    ]
  },
  {
    "jobId": 623,
    "jobTitle": "Data Engg",
    "jobDescription": "Create machine learning apps",
    "experience": [
      "IBM",
      "INTEL"
    ],
    "project": [
      {
        "projectName": "SCASE",
        "technology": [
          "Python",
          "R"
        ]
      }
    ]
  },
  {
    "jobId": 3,
    "jobTitle": "Data Engg",
    "jobDescription": "Create machine learning apps",
    "experience": [
      "IBM",
      "INTEL"
    ],
    "project": [
      {
        "projectName": "SCASE",
        "technology": [
          "Python",
          "R"
        ]
      }
    ]
  },
  {
    "jobId": 4,
    "jobTitle": "QA Tester",
    "jobDescription": "To develop andriod application",
    "experience": [
      "RRD",
      "ApD",
      "MobileIron"
    ],
    "project": [
      {
        "projectName": "Eccc",
        "technology": [
          "Selenium",
          "Robot"
        ]
      }
    ]
  },
  {
    "jobId": 345,
    "jobTitle": "QA Tester",
    "jobDescription": "To develop andriod application",
    "experience": [
      "RRD",
      "ApD",
      "MobileIron"
    ],
    "project": [
      {
        "projectName": "Eccc",
        "technology": [
          "Selenium",
          "Robot"
        ]
      }
    ]
  },
  {
    "jobId": 7,
    "jobTitle": "Software Engg",
    "jobDescription": "To develop andriod application",
    "experience": [
      "Google",
      "Apple",
      "Mobile Iron",
      "Subex"
    ],
    "project": [
      {
        "projectName": "Movie App",
        "technology": [
          "Kotlin",
          "SQL Lite",
          "Gradle",
          "Jenkins"
        ]
      }
    ]
  },
  {
    "jobId": 7,
    "jobTitle": "Software Engg",
    "jobDescription": "To develop andriod application",
    "experience": [
      "Google",
      "Apple",
      "Mobile Iron",
      "Subex"
    ],
    "project": [
      {
        "projectName": "Movie App",
        "technology": [
          "Kotlin",
          "SQL Lite",
          "Gradle",
          "Jenkins"
        ]
      }
    ]
  },
  {
    "jobId": 50,
    "jobTitle": "Software Engg - 2",
    "jobDescription": "To develop andriod application",
    "experience": [
      "Google",
      "Apple",
      "Mobile Iron",
      "Google"
    ],
    "project": [
      {
        "projectName": "Movie App",
        "technology": [
          "Kotlin",
          "SQL Lite",
          "Gradle",
          "Jenkins"
        ]
      }
    ]
  },
  {
    "jobId": 43,
    "jobTitle": "Software Engg",
    "jobDescription": "To develop andriod application",
    "experience": [
      "Google",
      "Apple",
      "Mobile Iron",
      "Subex"
    ],
    "project": [
      {
        "projectName": "Movie App",
        "technology": [
          "Kotlin",
          "SQL Lite",
          "Gradle",
          "Jenkins"
        ]
      }
    ]
  },
  {
    "jobId": 19,
    "jobTitle": "LOS",
    "jobDescription": "SOL",
    "experience": [
      "Nothing"
    ],
    "project": [
    ]
  },
  {
    "jobId": 7,
    "jobTitle": "LOS",
    "jobDescription": "SOL",
    "experience": [
      "Nothing"
    ],
    "project": [
    ]
  },
  {
    "jobId": 3,
    "jobTitle": "Data Engg",
    "jobDescription": "Create machine learning apps",
    "experience": [
      "IBM",
      "INTEL"
    ],
    "project": [
      {
        "projectName": "SCASE",
        "technology": [
          "Python",
          "R"
        ]
      }
    ]
  },
  {
    "jobId": 5,
    "jobTitle": "Software Engg - 2",
    "jobDescription": "To develop andriod application",
    "experience": [
      "Google",
      "Apple",
      "Mobile Iron",
      "Google"
    ],
    "project": [
      {
        "projectName": "Movie App",
        "technology": [
          "Kotlin",
          "SQL Lite",
          "Gradle",
          "Jenkins"
        ]
      }
    ]
  },
  {
    "jobId": 4,
    "jobTitle": "QA Tester",
    "jobDescription": "To develop andriod application",
    "experience": [
      "RRD",
      "ApD",
      "MobileIron"
    ],
    "project": [
      {
        "projectName": "Eccc",
        "technology": [
          "Selenium",
          "Robot"
        ]
      }
    ]
  },
  {
    "jobId": 135,
    "jobTitle": "Data Engg",
    "jobDescription": "Create machine learning apps",
    "experience": [
      "IBM",
      "INTEL"
    ],
    "project": [
      {
        "projectName": "SCASE",
        "technology": [
          "Python",
          "R"
        ]
      }
    ]
  },
  {
    "jobId": 647,
    "jobTitle": "QA Tester",
    "jobDescription": "To develop andriod application",
    "experience": [
      "RRD",
      "ApD",
      "MobileIron"
    ],
    "project": [
      {
        "projectName": "Eccc",
        "technology": [
          "Selenium",
          "Robot"
        ]
      }
    ]
  },
  {
    "jobId": 7,
    "jobTitle": "Software Engg",
    "jobDescription": "To develop andriod application",
    "experience": [
      "Google",
      "Apple",
      "Mobile Iron",
      "Subex"
    ],
    "project": [
      {
        "projectName": "Movie App",
        "technology": [
          "Kotlin",
          "SQL Lite",
          "Gradle",
          "Jenkins"
        ]
      }
    ]
  },
  {
    "jobId": 7,
    "jobTitle": "Software Engg",
    "jobDescription": "To develop andriod application",
    "experience": [
      "Google",
      "Apple",
      "Mobile Iron",
      "Subex"
    ],
    "project": [
      {
        "projectName": "Movie App",
        "technology": [
          "Kotlin",
          "SQL Lite",
          "Gradle",
          "Jenkins"
        ]
      }
    ]
  },
  {
    "jobId": 36,
    "jobTitle": "Software Engg - 2",
    "jobDescription": "To develop andriod application",
    "experience": [
      "Google",
      "Apple",
      "Mobile Iron",
      "Google"
    ],
    "project": [
      {
        "projectName": "Movie App",
        "technology": [
          "Kotlin",
          "SQL Lite",
          "Gradle",
          "Jenkins"
        ]
      }
    ]
  },
  {
    "jobId": 6,
    "jobTitle": "Software Engg",
    "jobDescription": "To develop andriod application",
    "experience": [
      "Google",
      "Apple",
      "Mobile Iron",
      "Subex"
    ],
    "project": [
      {
        "projectName": "Movie App",
        "technology": [
          "Kotlin",
          "SQL Lite",
          "Gradle",
          "Jenkins"
        ]
      }
    ]
  },
  {
    "jobId": 40,
    "jobTitle": "LOS",
    "jobDescription": "SOL",
    "experience": [
      "Nothing"
    ],
    "project": [
    ]
  },
  {
    "jobId": 59,
    "jobTitle": "LOS",
    "jobDescription": "SOL",
    "experience": [
      "Nothing"
    ],
    "project": [
    ]
  },
  {
    "jobId": 80,
    "jobTitle": "LOS",
    "jobDescription": "SOL",
    "experience": [
      "Nothing"
    ],
    "project": [
    ]
  },
  {
    "jobId": 4,
    "jobTitle": "LOS",
    "jobDescription": "SOL",
    "experience": [
      "Nothing"
    ],
    "project": [
    ]
  },
  {
    "jobId": 33,
    "jobTitle": "LOS",
    "jobDescription": "SOL",
    "experience": [
      "Nothing"
    ],
    "project": [
    ]
  },
  {
    "jobId": 70,
    "jobTitle": "Software Engg - 2",
    "jobDescription": "To develop andriod application and web application",
    "experience": [
      "Nothing"
    ],
    "project": [
    ]
  },
  {
    "jobId": 40,
    "jobTitle": "LOS",
    "jobDescription": "SOL",
    "experience": [
      "Nothing"
    ],
    "project": [
    ]
  },
  {
    "jobId": 32,
    "jobTitle": "LOS",
    "jobDescription": "SOL",
    "experience": [
      "Nothing"
    ],
    "project": [
    ]
  },
  {
    "jobId": 370,
    "jobTitle": "IOS",
    "jobDescription": "APPLE",
    "experience": [
      "Nothing"
    ],
    "project": [
    ]
  },
  {
    "jobId": 676,
    "jobTitle": "IOS",
    "jobDescription": "APPLE",
    "experience": [
      "Nothing"
    ],
    "project": [
    ]
  },
  {
    "jobId": 704,
    "jobTitle": "IOS",
    "jobDescription": "APPLE",
    "experience": [
      "Nothing"
    ],
    "project": [
    ]
  },
  {
    "jobId": 9980,
    "jobTitle": "Data Analyst",
    "jobDescription": "Develop machine learning models",
    "experience": [
      "Nothing"
    ],
    "project": [
    ]
  },
  {
    "jobId": 9980,
    "jobTitle": "Data Analyst",
    "jobDescription": "Develop machine learning models",
    "experience": [
      "Nothing"
    ],
    "project": [
    ]
  },
  {
    "jobId": 3,
    "jobTitle": "Data Engg",
    "jobDescription": "Create machine learning apps",
    "experience": [
      "IBM",
      "INTEL"
    ],
    "project": [
      {
        "projectName": "SCASE",
        "technology": [
          "Python",
          "R"
        ]
      }
    ]
  },
  {
    "jobId": 4,
    "jobTitle": "QA Tester",
    "jobDescription": "To develop andriod application",
    "experience": [
      "RRD",
      "ApD",
      "MobileIron"
    ],
    "project": [
      {
        "projectName": "Eccc",
        "technology": [
          "Selenium",
          "Robot"
        ]
      }
    ]
  },
  {
    "jobId": 82,
    "jobTitle": "Data Engg",
    "jobDescription": "Create machine learning apps",
    "experience": [
      "IBM",
      "INTEL"
    ],
    "project": [
      {
        "projectName": "SCASE",
        "technology": [
          "Python",
          "R"
        ]
      }
    ]
  },
  {
    "jobId": 291,
    "jobTitle": "QA Tester",
    "jobDescription": "To develop andriod application",
    "experience": [
      "RRD",
      "ApD",
      "MobileIron"
    ],
    "project": [
      {
        "projectName": "Eccc",
        "technology": [
          "Selenium",
          "Robot"
        ]
      }
    ]
  },
  {
    "jobId": 3,
    "jobTitle": "Data Engg",
    "jobDescription": "Create machine learning apps",
    "experience": [
      "IBM",
      "INTEL"
    ],
    "project": [
      {
        "projectName": "SCASE",
        "technology": [
          "Python",
          "R"
        ]
      }
    ]
  },
  {
    "jobId": 3,
    "jobTitle": "Data Engg",
    "jobDescription": "Create machine learning apps",
    "experience": [
      "IBM",
      "INTEL"
    ],
    "project": [
      {
        "projectName": "SCASE",
        "technology": [
          "Python",
          "R"
        ]
      }
    ]
  },
  {
    "jobId": 251,
    "jobTitle": "LOS",
    "jobDescription": "SOL",
    "experience": [
      "Nothing"
    ],
    "project": [
    ]
  }
]
 
14:22:57.739 [pool-2-thread-1] INFO  com.intuit.karate - karate.env system property was: null 
14:22:57.783 [pool-2-thread-3] DEBUG com.intuit.karate - request:
1 > DELETE http://localhost:9897/normal/webapi/remove/2
1 > Accept: application/json
1 > Host: localhost:9897
1 > Connection: Keep-Alive
1 > User-Agent: Apache-HttpClient/4.5.14 (Java/16.0.1)
1 > Accept-Encoding: gzip,deflate


14:22:57.807 [pool-2-thread-3] DEBUG com.intuit.karate - response time in milliseconds: 20
1 < 200
1 < X-Content-Type-Options: nosniff
1 < X-XSS-Protection: 1; mode=block
1 < Cache-Control: no-cache, no-store, max-age=0, must-revalidate
1 < Pragma: no-cache
1 < Expires: 0
1 < X-Frame-Options: DENY
1 < Content-Type: application/json
1 < Transfer-Encoding: chunked
1 < Date: Thu, 27 Jun 2024 19:22:57 GMT
1 < Keep-Alive: timeout=60
1 < Connection: keep-alive
{"jobId":2,"jobTitle":"LOS","jobDescription":"SOL","experience":["Nothing"],"project":[]}

14:22:57.820 [pool-2-thread-5] ERROR com.intuit.karate - classpath:com/api/automation/getrequest/ReadExternalFiles.feature:15
And match response == actualResponseJson
match failed: EQUALS
  $ | not equal | actual array length is not equal to expected - 86:1 (LIST:LIST)
  [{"jobId":1,"jobTitle":"Software Engg","jobDescription":"To develop andriod application","experience":["Google","Apple","Mobile Iron"],"project":[{"projectName":"Movie App","technology":["Kotlin","SQL Lite","Gradle"]}]},{"jobId":3,"jobTitle":"Data Engg","jobDescription":"Create machine learning apps","experience":["IBM","INTEL"],"project":[{"projectName":"SCASE","technology":["Python","R"]}]},{"jobId":4,"jobTitle":"Software Engg - 2","jobDescription":"To develop andriod application and web application","experience":["RRD","ApD","MobileIron"],"project":[{"projectName":"Eccc","technology":["Selenium","Robot"]}]},{"jobId":640,"jobTitle":"Data Engg","jobDescription":"Create machine learning apps","experience":["IBM","INTEL"],"project":[{"projectName":"SCASE","technology":["Python","R"]}]},{"jobId":430,"jobTitle":"QA Tester","jobDescription":"To develop andriod application","experience":["RRD","ApD","MobileIron"],"project":[{"projectName":"Eccc","technology":["Selenium","Robot"]}]},{"jobId":3,"jobTitle":"Data Engg","jobDescription":"Create machine learning apps","experience":["IBM","INTEL"],"project":[{"projectName":"SCASE","technology":["Python","R"]}]},{"jobId":3,"jobTitle":"Data Engg","jobDescription":"Create machine learning apps","experience":["IBM","INTEL"],"project":[{"projectName":"SCASE","technology":["Python","R"]}]},{"jobId":4,"jobTitle":"QA Tester","jobDescription":"To develop andriod application","experience":["RRD","ApD","MobileIron"],"project":[{"projectName":"Eccc","technology":["Selenium","Robot"]}]},{"jobId":404,"jobTitle":"Data Engg","jobDescription":"Create machine learning apps","experience":["IBM","INTEL"],"project":[{"projectName":"SCASE","technology":["Python","R"]}]},{"jobId":412,"jobTitle":"QA Tester","jobDescription":"To develop andriod application","experience":["RRD","ApD","MobileIron"],"project":[{"projectName":"Eccc","technology":["Selenium","Robot"]}]},{"jobId":3,"jobTitle":"Data Engg","jobDescription":"Create machine learning apps","experience":["IBM","INTEL"],"project":[{"projectName":"SCASE","technology":["Python","R"]}]},{"jobId":3,"jobTitle":"Data Engg","jobDescription":"Create machine learning apps","experience":["IBM","INTEL"],"project":[{"projectName":"SCASE","technology":["Python","R"]}]},{"jobId":4,"jobTitle":"QA Tester","jobDescription":"To develop andriod application","experience":["RRD","ApD","MobileIron"],"project":[{"projectName":"Eccc","technology":["Selenium","Robot"]}]},{"jobId":612,"jobTitle":"Data Engg","jobDescription":"Create machine learning apps","experience":["IBM","INTEL"],"project":[{"projectName":"SCASE","technology":["Python","R"]}]},{"jobId":124,"jobTitle":"QA Tester","jobDescription":"To develop andriod application","experience":["RRD","ApD","MobileIron"],"project":[{"projectName":"Eccc","technology":["Selenium","Robot"]}]},{"jobId":3,"jobTitle":"Data Engg","jobDescription":"Create machine learning apps","experience":["IBM","INTEL"],"project":[{"projectName":"SCASE","technology":["Python","R"]}]},{"jobId":3,"jobTitle":"Data Engg","jobDescription":"Create machine learning apps","experience":["IBM","INTEL"],"project":[{"projectName":"SCASE","technology":["Python","R"]}]},{"jobId":4,"jobTitle":"QA Tester","jobDescription":"To develop andriod application","experience":["RRD","ApD","MobileIron"],"project":[{"projectName":"Eccc","technology":["Selenium","Robot"]}]},{"jobId":27,"jobTitle":"Data Engg","jobDescription":"Create machine learning apps","experience":["IBM","INTEL"],"project":[{"projectName":"SCASE","technology":["Python","R"]}]},{"jobId":276,"jobTitle":"QA Tester","jobDescription":"To develop andriod application","experience":["RRD","ApD","MobileIron"],"project":[{"projectName":"Eccc","technology":["Selenium","Robot"]}]},{"jobId":3,"jobTitle":"Data Engg","jobDescription":"Create machine learning apps","experience":["IBM","INTEL"],"project":[{"projectName":"SCASE","technology":["Python","R"]}]},{"jobId":47,"jobTitle":"LOS","jobDescription":"SOL","experience":["Nothing"],"project":[]},{"jobId":99,"jobTitle":"LOS","jobDescription":"SOL","experience":["Nothing"],"project":[]},{"jobId":49,"jobTitle":"LOS","jobDescription":"SOL","experience":["Nothing"],"project":[]},{"jobId":99,"jobTitle":"LOS","jobDescription":"SOL","experience":["Nothing"],"project":[]},{"jobId":80,"jobTitle":"LOS","jobDescription":"SOL","experience":["Nothing"],"project":[]},{"jobId":0,"jobTitle":"LOS","jobDescription":"SOL","experience":["Nothing"],"project":[]},{"jobId":0,"jobTitle":"LOS","jobDescription":"SOL","experience":["Nothing"],"project":[]},{"jobId":0,"jobTitle":"LOS","jobDescription":"SOL","experience":["Nothing"],"project":[]},{"jobId":45,"jobTitle":"QA Tester","jobDescription":"Finding bugs","experience":["Nothing"],"project":[]},{"jobId":64,"jobTitle":"QA Tester","jobDescription":"Finding bugs","experience":["Nothing"],"project":[]},{"jobId":38,"jobTitle":"QA Tester","jobDescription":"Finding bugs","experience":["Nothing"],"project":[]},{"jobId":85,"jobTitle":"LOS","jobDescription":"SOL","experience":["Nothing"],"project":[]},{"jobId":9,"jobTitle":"QA Tester","jobDescription":"Finding bugs","experience":["Nothing"],"project":[]},{"jobId":85,"jobTitle":"LOS","jobDescription":"SOL","experience":["Nothing"],"project":[]},{"jobId":36,"jobTitle":"LOS","jobDescription":"SOL","experience":["Nothing"],"project":[]},{"jobId":41,"jobTitle":"QA Tester","jobDescription":"Finding bugs","experience":["Nothing"],"project":[]},{"jobId":42,"jobTitle":"LOS","jobDescription":"SOL","experience":["Nothing"],"project":[]},{"jobId":69,"jobTitle":"LOS","jobDescription":"SOL","experience":["Nothing"],"project":[]},{"jobId":13,"jobTitle":"LOS","jobDescription":"SOL","experience":["Nothing"],"project":[]},{"jobId":15,"jobTitle":"LOS","jobDescription":"To develop andriod application and web application","experience":["Nothing"],"project":[]},{"jobId":19,"jobTitle":"LOS","jobDescription":"SOL","experience":["Nothing"],"project":[]},{"jobId":92,"jobTitle":"Software Engg - 2","jobDescription":"To develop andriod application and web application","experience":["Nothing"],"project":[]},{"jobId":54,"jobTitle":"LOS","jobDescription":"SOL","experience":["Nothing"],"project":[]},{"jobId":90,"jobTitle":"Software Engg - 2","jobDescription":"To develop andriod application and web application","experience":["Nothing"],"project":[]},{"jobId":38,"jobTitle":"LOS","jobDescription":"SOL","experience":["Nothing"],"project":[]},{"jobId":5,"jobTitle":"Software Engg - 2","jobDescription":"To develop andriod application","experience":["Google","Apple","Mobile Iron","Google"],"project":[{"projectName":"Movie App","technology":["Kotlin","SQL Lite","Gradle","Jenkins"]}]},{"jobId":623,"jobTitle":"Data Engg","jobDescription":"Create machine learning apps","experience":["IBM","INTEL"],"project":[{"projectName":"SCASE","technology":["Python","R"]}]},{"jobId":3,"jobTitle":"Data Engg","jobDescription":"Create machine learning apps","experience":["IBM","INTEL"],"project":[{"projectName":"SCASE","technology":["Python","R"]}]},{"jobId":4,"jobTitle":"QA Tester","jobDescription":"To develop andriod application","experience":["RRD","ApD","MobileIron"],"project":[{"projectName":"Eccc","technology":["Selenium","Robot"]}]},{"jobId":345,"jobTitle":"QA Tester","jobDescription":"To develop andriod application","experience":["RRD","ApD","MobileIron"],"project":[{"projectName":"Eccc","technology":["Selenium","Robot"]}]},{"jobId":7,"jobTitle":"Software Engg","jobDescription":"To develop andriod application","experience":["Google","Apple","Mobile Iron","Subex"],"project":[{"projectName":"Movie App","technology":["Kotlin","SQL Lite","Gradle","Jenkins"]}]},{"jobId":7,"jobTitle":"Software Engg","jobDescription":"To develop andriod application","experience":["Google","Apple","Mobile Iron","Subex"],"project":[{"projectName":"Movie App","technology":["Kotlin","SQL Lite","Gradle","Jenkins"]}]},{"jobId":50,"jobTitle":"Software Engg - 2","jobDescription":"To develop andriod application","experience":["Google","Apple","Mobile Iron","Google"],"project":[{"projectName":"Movie App","technology":["Kotlin","SQL Lite","Gradle","Jenkins"]}]},{"jobId":43,"jobTitle":"Software Engg","jobDescription":"To develop andriod application","experience":["Google","Apple","Mobile Iron","Subex"],"project":[{"projectName":"Movie App","technology":["Kotlin","SQL Lite","Gradle","Jenkins"]}]},{"jobId":19,"jobTitle":"LOS","jobDescription":"SOL","experience":["Nothing"],"project":[]},{"jobId":7,"jobTitle":"LOS","jobDescription":"SOL","experience":["Nothing"],"project":[]},{"jobId":3,"jobTitle":"Data Engg","jobDescription":"Create machine learning apps","experience":["IBM","INTEL"],"project":[{"projectName":"SCASE","technology":["Python","R"]}]},{"jobId":5,"jobTitle":"Software Engg - 2","jobDescription":"To develop andriod application","experience":["Google","Apple","Mobile Iron","Google"],"project":[{"projectName":"Movie App","technology":["Kotlin","SQL Lite","Gradle","Jenkins"]}]},{"jobId":4,"jobTitle":"QA Tester","jobDescription":"To develop andriod application","experience":["RRD","ApD","MobileIron"],"project":[{"projectName":"Eccc","technology":["Selenium","Robot"]}]},{"jobId":135,"jobTitle":"Data Engg","jobDescription":"Create machine learning apps","experience":["IBM","INTEL"],"project":[{"projectName":"SCASE","technology":["Python","R"]}]},{"jobId":647,"jobTitle":"QA Tester","jobDescription":"To develop andriod application","experience":["RRD","ApD","MobileIron"],"project":[{"projectName":"Eccc","technology":["Selenium","Robot"]}]},{"jobId":7,"jobTitle":"Software Engg","jobDescription":"To develop andriod application","experience":["Google","Apple","Mobile Iron","Subex"],"project":[{"projectName":"Movie App","technology":["Kotlin","SQL Lite","Gradle","Jenkins"]}]},{"jobId":7,"jobTitle":"Software Engg","jobDescription":"To develop andriod application","experience":["Google","Apple","Mobile Iron","Subex"],"project":[{"projectName":"Movie App","technology":["Kotlin","SQL Lite","Gradle","Jenkins"]}]},{"jobId":36,"jobTitle":"Software Engg - 2","jobDescription":"To develop andriod application","experience":["Google","Apple","Mobile Iron","Google"],"project":[{"projectName":"Movie App","technology":["Kotlin","SQL Lite","Gradle","Jenkins"]}]},{"jobId":6,"jobTitle":"Software Engg","jobDescription":"To develop andriod application","experience":["Google","Apple","Mobile Iron","Subex"],"project":[{"projectName":"Movie App","technology":["Kotlin","SQL Lite","Gradle","Jenkins"]}]},{"jobId":40,"jobTitle":"LOS","jobDescription":"SOL","experience":["Nothing"],"project":[]},{"jobId":59,"jobTitle":"LOS","jobDescription":"SOL","experience":["Nothing"],"project":[]},{"jobId":80,"jobTitle":"LOS","jobDescription":"SOL","experience":["Nothing"],"project":[]},{"jobId":4,"jobTitle":"LOS","jobDescription":"SOL","experience":["Nothing"],"project":[]},{"jobId":33,"jobTitle":"LOS","jobDescription":"SOL","experience":["Nothing"],"project":[]},{"jobId":70,"jobTitle":"Software Engg - 2","jobDescription":"To develop andriod application and web application","experience":["Nothing"],"project":[]},{"jobId":40,"jobTitle":"LOS","jobDescription":"SOL","experience":["Nothing"],"project":[]},{"jobId":32,"jobTitle":"LOS","jobDescription":"SOL","experience":["Nothing"],"project":[]},{"jobId":370,"jobTitle":"IOS","jobDescription":"APPLE","experience":["Nothing"],"project":[]},{"jobId":676,"jobTitle":"IOS","jobDescription":"APPLE","experience":["Nothing"],"project":[]},{"jobId":704,"jobTitle":"IOS","jobDescription":"APPLE","experience":["Nothing"],"project":[]},{"jobId":9980,"jobTitle":"Data Analyst","jobDescription":"Develop machine learning models","experience":["Nothing"],"project":[]},{"jobId":9980,"jobTitle":"Data Analyst","jobDescription":"Develop machine learning models","experience":["Nothing"],"project":[]},{"jobId":3,"jobTitle":"Data Engg","jobDescription":"Create machine learning apps","experience":["IBM","INTEL"],"project":[{"projectName":"SCASE","technology":["Python","R"]}]},{"jobId":4,"jobTitle":"QA Tester","jobDescription":"To develop andriod application","experience":["RRD","ApD","MobileIron"],"project":[{"projectName":"Eccc","technology":["Selenium","Robot"]}]},{"jobId":82,"jobTitle":"Data Engg","jobDescription":"Create machine learning apps","experience":["IBM","INTEL"],"project":[{"projectName":"SCASE","technology":["Python","R"]}]},{"jobId":291,"jobTitle":"QA Tester","jobDescription":"To develop andriod application","experience":["RRD","ApD","MobileIron"],"project":[{"projectName":"Eccc","technology":["Selenium","Robot"]}]},{"jobId":3,"jobTitle":"Data Engg","jobDescription":"Create machine learning apps","experience":["IBM","INTEL"],"project":[{"projectName":"SCASE","technology":["Python","R"]}]},{"jobId":3,"jobTitle":"Data Engg","jobDescription":"Create machine learning apps","experience":["IBM","INTEL"],"project":[{"projectName":"SCASE","technology":["Python","R"]}]},{"jobId":251,"jobTitle":"LOS","jobDescription":"SOL","experience":["Nothing"],"project":[]}]
[...]
      <jobId>1</jobId>

classpath:com/api/automation/getrequest/responseMatcher.feature:46
match failed: EQUALS
  $ | data types don't match (LIST:STRING)
  ["1","3","4","640","430","3","3","4","404","412","3","3","4","612","124","3","3","4","27","276","3","47","99","49","99","80","0","0","0","45","64","38","85","9","85","36","41","42","69","13","15","19","92","54","90","38","5","623","3","4","345","7","7","50","43","19","7","3","5","4","135","647","7","7","36","6","40","59","80","4","33","70","40","32","370","676","704","9980","9980","3","4","82","291","3","3","251","19"]
  '1'

classpath:com/api/automation/getrequest/validateXMLContent.feature:15
js failed:
>>>>
01: response.List.item.experience.experience[0]
<<<<
org.graalvm.polyglot.PolyglotException: TypeError: Cannot read property "experience" from undefined
- <js>.:program(Unnamed:1)

classpath:com/api/automation/getrequest/validateXMLContent.feature:34
match failed: EQUALS
  $ | all array elements matched (LIST:STRING)
  [{"jobId":1,"jobTitle":"Software Engg","jobDescription":"To develop andriod application","experience":["Google","Apple","Mobile Iron"],"project":[{"projectName":"Movie App","technology":["Kotlin","SQL Lite","Gradle"]}]},{"jobId":3,"jobTitle":"Data Engg","jobDescription":"Create machine learning apps","experience":["IBM","INTEL"],"project":[{"projectName":"SCASE","technology":["Python","R"]}]},{"jobId":4,"jobTitle":"Software Engg - 2","jobDescription":"To develop andriod application and web application","experience":["RRD","ApD","MobileIron"],"project":[{"projectName":"Eccc","technology":["Selenium","Robot"]}]},{"jobId":640,"jobTitle":"Data Engg","jobDescription":"Create machine learning apps","experience":["IBM","INTEL"],"project":[{"projectName":"SCASE","technology":["Python","R"]}]},{"jobId":430,"jobTitle":"QA Tester","jobDescription":"To develop andriod application","experience":["RRD","ApD","MobileIron"],"project":[{"projectName":"Eccc","technology":["Selenium","Robot"]}]},{"jobId":3,"jobTitle":"Data Engg","jobDescription":"Create machine learning apps","experience":["IBM","INTEL"],"project":[{"projectName":"SCASE","technology":["Python","R"]}]},{"jobId":3,"jobTitle":"Data Engg","jobDescription":"Create machine learning apps","experience":["IBM","INTEL"],"project":[{"projectName":"SCASE","technology":["Python","R"]}]},{"jobId":4,"jobTitle":"QA Tester","jobDescription":"To develop andriod application","experience":["RRD","ApD","MobileIron"],"project":[{"projectName":"Eccc","technology":["Selenium","Robot"]}]},{"jobId":404,"jobTitle":"Data Engg","jobDescription":"Create machine learning apps","experience":["IBM","INTEL"],"project":[{"projectName":"SCASE","technology":["Python","R"]}]},{"jobId":412,"jobTitle":"QA Tester","jobDescription":"To develop andriod application","experience":["RRD","ApD","MobileIron"],"project":[{"projectName":"Eccc","technology":["Selenium","Robot"]}]},{"jobId":3,"jobTitle":"Data Engg","jobDescription":"Create machine learning apps","experience":["IBM","INTEL"],"project":[{"projectName":"SCASE","technology":["Python","R"]}]},{"jobId":3,"jobTitle":"Data Engg","jobDescription":"Create machine learning apps","experience":["IBM","INTEL"],"project":[{"projectName":"SCASE","technology":["Python","R"]}]},{"jobId":4,"jobTitle":"QA Tester","jobDescription":"To develop andriod application","experience":["RRD","ApD","MobileIron"],"project":[{"projectName":"Eccc","technology":["Selenium","Robot"]}]},{"jobId":612,"jobTitle":"Data Engg","jobDescription":"Create machine learning apps","experience":["IBM","INTEL"],"project":[{"projectName":"SCASE","technology":["Python","R"]}]},{"jobId":124,"jobTitle":"QA Tester","jobDescription":"To develop andriod application","experience":["RRD","ApD","MobileIron"],"project":[{"projectName":"Eccc","technology":["Selenium","Robot"]}]},{"jobId":3,"jobTitle":"Data Engg","jobDescription":"Create machine learning apps","experience":["IBM","INTEL"],"project":[{"projectName":"SCASE","technology":["Python","R"]}]},{"jobId":3,"jobTitle":"Data Engg","jobDescription":"Create machine learning apps","experience":["IBM","INTEL"],"project":[{"projectName":"SCASE","technology":["Python","R"]}]},{"jobId":4,"jobTitle":"QA Tester","jobDescription":"To develop andriod application","experience":["RRD","ApD","MobileIron"],"project":[{"projectName":"Eccc","technology":["Selenium","Robot"]}]},{"jobId":27,"jobTitle":"Data Engg","jobDescription":"Create machine learning apps","experience":["IBM","INTEL"],"project":[{"projectName":"SCASE","technology":["Python","R"]}]},{"jobId":276,"jobTitle":"QA Tester","jobDescription":"To develop andriod application","experience":["RRD","ApD","MobileIron"],"project":[{"projectName":"Eccc","technology":["Selenium","Robot"]}]},{"jobId":3,"jobTitle":"Data Engg","jobDescription":"Create machine learning apps","experience":["IBM","INTEL"],"project":[{"projectName":"SCASE","technology":["Python","R"]}]},{"jobId":47,"jobTitle":"LOS","jobDescription":"SOL","experience":["Nothing"],"project":[]},{"jobId":99,"jobTitle":"LOS","jobDescription":"SOL","experience":["Nothing"],"project":[]},{"jobId":49,"jobTitle":"LOS","jobDescription":"SOL","experience":["Nothing"],"project":[]},{"jobId":99,"jobTitle":"LOS","jobDescription":"SOL","experience":["Nothing"],"project":[]},{"jobId":80,"jobTitle":"LOS","jobDescription":"SOL","experience":["Nothing"],"project":[]},{"jobId":0,"jobTitle":"QA Tester","jobDescription":"Finding bugs","experience":["Nothing"],"project":[]},{"jobId":0,"jobTitle":"LOS","jobDescription":"SOL","experience":["Nothing"],"project":[]},{"jobId":0,"jobTitle":"LOS","jobDescription":"SOL","experience":["Nothing"],"project":[]},{"jobId":45,"jobTitle":"QA Tester","jobDescription":"Finding bugs","experience":["Nothing"],"project":[]},{"jobId":64,"jobTitle":"QA Tester","jobDescription":"Finding bugs","experience":["Nothing"],"project":[]},{"jobId":38,"jobTitle":"QA Tester","jobDescription":"Finding bugs","experience":["Nothing"],"project":[]},{"jobId":85,"jobTitle":"LOS","jobDescription":"SOL","experience":["Nothing"],"project":[]},{"jobId":9,"jobTitle":"QA Tester","jobDescription":"Finding bugs","experience":["Nothing"],"project":[]},{"jobId":85,"jobTitle":"LOS","jobDescription":"SOL","experience":["Nothing"],"project":[]},{"jobId":36,"jobTitle":"LOS","jobDescription":"SOL","experience":["Nothing"],"project":[]},{"jobId":41,"jobTitle":"QA Tester","jobDescription":"Finding bugs","experience":["Nothing"],"project":[]},{"jobId":42,"jobTitle":"LOS","jobDescription":"SOL","experience":["Nothing"],"project":[]},{"jobId":69,"jobTitle":"LOS","jobDescription":"SOL","experience":["Nothing"],"project":[]},{"jobId":13,"jobTitle":"LOS","jobDescription":"SOL","experience":["Nothing"],"project":[]},{"jobId":15,"jobTitle":"LOS","jobDescription":"To develop andriod application and web application","experience":["Nothing"],"project":[]},{"jobId":19,"jobTitle":"LOS","jobDescription":"To develop andriod application and web application","experience":["Nothing"],"project":[]},{"jobId":92,"jobTitle":"Software Engg - 2","jobDescription":"To develop andriod application and web application","experience":["Nothing"],"project":[]},{"jobId":54,"jobTitle":"LOS","jobDescription":"SOL","experience":["Nothing"],"project":[]},{"jobId":90,"jobTitle":"Software Engg - 2","jobDescription":"To develop andriod application and web application","experience":["Nothing"],"project":[]},{"jobId":38,"jobTitle":"LOS","jobDescription":"SOL","experience":["Nothing"],"project":[]},{"jobId":5,"jobTitle":"Software Engg - 2","jobDescription":"To develop andriod application","experience":["Google","Apple","Mobile Iron","Google"],"project":[{"projectName":"Movie App","technology":["Kotlin","SQL Lite","Gradle","Jenkins"]}]},{"jobId":623,"jobTitle":"Data Engg","jobDescription":"Create machine learning apps","experience":["IBM","INTEL"],"project":[{"projectName":"SCASE","technology":["Python","R"]}]},{"jobId":3,"jobTitle":"Data Engg","jobDescription":"Create machine learning apps","experience":["IBM","INTEL"],"project":[{"projectName":"SCASE","technology":["Python","R"]}]},{"jobId":4,"jobTitle":"QA Tester","jobDescription":"To develop andriod application","experience":["RRD","ApD","MobileIron"],"project":[{"projectName":"Eccc","technology":["Selenium","Robot"]}]},{"jobId":345,"jobTitle":"QA Tester","jobDescription":"To develop andriod application","experience":["RRD","ApD","MobileIron"],"project":[{"projectName":"Eccc","technology":["Selenium","Robot"]}]},{"jobId":7,"jobTitle":"Software Engg","jobDescription":"To develop andriod application","experience":["Google","Apple","Mobile Iron","Subex"],"project":[{"projectName":"Movie App","technology":["Kotlin","SQL Lite","Gradle","Jenkins"]}]},{"jobId":7,"jobTitle":"Software Engg","jobDescription":"To develop andriod application","experience":["Google","Apple","Mobile Iron","Subex"],"project":[{"projectName":"Movie App","technology":["Kotlin","SQL Lite","Gradle","Jenkins"]}]},{"jobId":50,"jobTitle":"Software Engg - 2","jobDescription":"To develop andriod application","experience":["Google","Apple","Mobile Iron","Google"],"project":[{"projectName":"Movie App","technology":["Kotlin","SQL Lite","Gradle","Jenkins"]}]},{"jobId":43,"jobTitle":"Software Engg","jobDescription":"To develop andriod application","experience":["Google","Apple","Mobile Iron","Subex"],"project":[{"projectName":"Movie App","technology":["Kotlin","SQL Lite","Gradle","Jenkins"]}]},{"jobId":19,"jobTitle":"LOS","jobDescription":"SOL","experience":["Nothing"],"project":[]},{"jobId":7,"jobTitle":"LOS","jobDescription":"SOL","experience":["Nothing"],"project":[]},{"jobId":3,"jobTitle":"Data Engg","jobDescription":"Create machine learning apps","experience":["IBM","INTEL"],"project":[{"projectName":"SCASE","technology":["Python","R"]}]},{"jobId":5,"jobTitle":"Software Engg - 2","jobDescription":"To develop andriod application","experience":["Google","Apple","Mobile Iron","Google"],"project":[{"projectName":"Movie App","technology":["Kotlin","SQL Lite","Gradle","Jenkins"]}]},{"jobId":4,"jobTitle":"QA Tester","jobDescription":"To develop andriod application","experience":["RRD","ApD","MobileIron"],"project":[{"projectName":"Eccc","technology":["Selenium","Robot"]}]},{"jobId":135,"jobTitle":"Data Engg","jobDescription":"Create machine learning apps","experience":["IBM","INTEL"],"project":[{"projectName":"SCASE","technology":["Python","R"]}]},{"jobId":647,"jobTitle":"QA Tester","jobDescription":"To develop andriod application","experience":["RRD","ApD","MobileIron"],"project":[{"projectName":"Eccc","technology":["Selenium","Robot"]}]},{"jobId":7,"jobTitle":"Software Engg","jobDescription":"To develop andriod application","experience":["Google","Apple","Mobile Iron","Subex"],"project":[{"projectName":"Movie App","technology":["Kotlin","SQL Lite","Gradle","Jenkins"]}]},{"jobId":7,"jobTitle":"Software Engg","jobDescription":"To develop andriod application","experience":["Google","Apple","Mobile Iron","Subex"],"project":[{"projectName":"Movie App","technology":["Kotlin","SQL Lite","Gradle","Jenkins"]}]},{"jobId":36,"jobTitle":"Software Engg - 2","jobDescription":"To develop andriod application","experience":["Google","Apple","Mobile Iron","Google"],"project":[{"projectName":"Movie App","technology":["Kotlin","SQL Lite","Gradle","Jenkins"]}]},{"jobId":6,"jobTitle":"Software Engg","jobDescription":"To develop andriod application","experience":["Google","Apple","Mobile Iron","Subex"],"project":[{"projectName":"Movie App","technology":["Kotlin","SQL Lite","Gradle","Jenkins"]}]},{"jobId":40,"jobTitle":"LOS","jobDescription":"SOL","experience":["Nothing"],"project":[]},{"jobId":59,"jobTitle":"LOS","jobDescription":"SOL","experience":["Nothing"],"project":[]},{"jobId":80,"jobTitle":"LOS","jobDescription":"SOL","experience":["Nothing"],"project":[]},{"jobId":4,"jobTitle":"LOS","jobDescription":"SOL","experience":["Nothing"],"project":[]},{"jobId":33,"jobTitle":"LOS","jobDescription":"SOL","experience":["Nothing"],"project":[]},{"jobId":70,"jobTitle":"Software Engg - 2","jobDescription":"To develop andriod application and web application","experience":["Nothing"],"project":[]},{"jobId":40,"jobTitle":"LOS","jobDescription":"SOL","experience":["Nothing"],"project":[]},{"jobId":32,"jobTitle":"LOS","jobDescription":"SOL","experience":["Nothing"],"project":[]},{"jobId":370,"jobTitle":"IOS","jobDescription":"APPLE","experience":["Nothing"],"project":[]},{"jobId":676,"jobTitle":"IOS","jobDescription":"APPLE","experience":["Nothing"],"project":[]},{"jobId":704,"jobTitle":"IOS","jobDescription":"APPLE","experience":["Nothing"],"project":[]},{"jobId":9980,"jobTitle":"Data Analyst","jobDescription":"Develop machine learning models","experience":["Nothing"],"project":[]},{"jobId":9980,"jobTitle":"Data Analyst","jobDescription":"Develop machine learning models","experience":["Nothing"],"project":[]},{"jobId":3,"jobTitle":"Data Engg","jobDescription":"Create machine learning apps","experience":["IBM","INTEL"],"project":[{"projectName":"SCASE","technology":["Python","R"]}]},{"jobId":4,"jobTitle":"QA Tester","jobDescription":"To develop andriod application","experience":["RRD","ApD","MobileIron"],"project":[{"projectName":"Eccc","technology":["Selenium","Robot"]}]},{"jobId":82,"jobTitle":"Data Engg","jobDescription":"Create machine learning apps","experience":["IBM","INTEL"],"project":[{"projectName":"SCASE","technology":["Python","R"]}]},{"jobId":291,"jobTitle":"QA Tester","jobDescription":"To develop andriod application","experience":["RRD","ApD","MobileIron"],"project":[{"projectName":"Eccc","technology":["Selenium","Robot"]}]},{"jobId":3,"jobTitle":"Data Engg","jobDescription":"Create machine learning apps","experience":["IBM","INTEL"],"project":[{"projectName":"SCASE","technology":["Python","R"]}]},{"jobId":3,"jobTitle":"Data Engg","jobDescription":"Create machine learning apps","experience":["IBM","INTEL"],"project":[{"projectName":"SCASE","technology":["Python","R"]}]},{"jobId":251,"jobTitle":"LOS","jobDescription":"SOL","experience":["Nothing"],"project":[]},{"jobId":19,"jobTitle":"LOS","jobDescription":"SOL","experience":["Nothing"],"project":[]},{"jobId":91,"jobTitle":"LOS","jobDescription":"SOL","experience":["Nothing"],"project":[]},{"jobId":69,"jobTitle":"LOS","jobDescription":"SOL","experience":["Nothing"],"project":[]},{"jobId":0,"jobTitle":"LOS","jobDescription":"SOL","experience":["Nothing"],"project":[]},{"jobId":3,"jobTitle":"Data Engg","jobDescription":"Create machine learning apps","experience":["IBM","INTEL"],"project":[{"projectName":"SCASE","technology":["Python","R"]}]},{"jobId":35,"jobTitle":"LOS","jobDescription":"SOL","experience":["Nothing"],"project":[]},{"jobId":540,"jobTitle":"Data Engg","jobDescription":"Create machine learning apps","experience":["IBM","INTEL"],"project":[{"projectName":"SCASE","technology":["Python","R"]}]},{"jobId":4,"jobTitle":"QA Tester","jobDescription":"To develop andriod application","experience":["RRD","ApD","MobileIron"],"project":[{"projectName":"Eccc","technology":["Selenium","Robot"]}]},{"jobId":3,"jobTitle":"Data Engg","jobDescription":"Create machine learning apps","experience":["IBM","INTEL"],"project":[{"projectName":"SCASE","technology":["Python","R"]}]},{"jobId":952,"jobTitle":"QA Tester","jobDescription":"To develop andriod application","experience":["RRD","ApD","MobileIron"],"project":[{"projectName":"Eccc","technology":["Selenium","Robot"]}]}]
  '#[] ##(mainSchema)'

    $[21] | not equal | match failed for name: 'project' (MAP:MAP)
    {"jobId":47,"jobTitle":"LOS","jobDescription":"SOL","experience":["Nothing"],"project":[]}
    {"jobId":"#number","jobTitle":"#string","jobDescription":"#string","experience":"#[] #string","project":"#[] ##(projectSchema)"}

      $[21].project | all array elements matched (LIST:STRING)
      []
      '#[] ##(projectSchema)'


classpath:com/api/automation/postrequest/schemaValidation.feature:26
js failed:
>>>>
01: read("data/jobEntry.json")
<<<<
org.graalvm.polyglot.PolyglotException: java.io.FileNotFoundException: /Users/jaredsalinas/IdeaProjects/KarateFrameworkTest/target/test-classes/com/api/automation/tags/data/jobEntry.json (No such file or directory)
- com.intuit.karate.resource.FileResource.getStream(FileResource.java:98)
- com.intuit.karate.core.ScenarioFileReader.readFileAsStream(ScenarioFileReader.java:99)
- com.intuit.karate.core.ScenarioFileReader.readFileAsString(ScenarioFileReader.java:95)
- com.intuit.karate.core.ScenarioFileReader.readFile(ScenarioFileReader.java:54)
- com.intuit.karate.core.ScenarioEngine.lambda$new$0(ScenarioEngine.java:124)
- <js>.:program(Unnamed:1)

classpath:com/api/automation/tags/createJobEntry.feature:38
js failed:
>>>>
01: read("data/jobEntry.xml")
<<<<
org.graalvm.polyglot.PolyglotException: java.io.FileNotFoundException: /Users/jaredsalinas/IdeaProjects/KarateFrameworkTest/target/test-classes/com/api/automation/tags/data/jobEntry.xml (No such file or directory)
- com.intuit.karate.resource.FileResource.getStream(FileResource.java:98)
- com.intuit.karate.core.ScenarioFileReader.readFileAsStream(ScenarioFileReader.java:99)
- com.intuit.karate.core.ScenarioFileReader.readFileAsString(ScenarioFileReader.java:95)
- com.intuit.karate.core.ScenarioFileReader.readFile(ScenarioFileReader.java:54)
- com.intuit.karate.core.ScenarioEngine.lambda$new$0(ScenarioEngine.java:124)
- <js>.:program(Unnamed:1)

classpath:com/api/automation/tags/createJobEntry.feature:48
status code was: 404, expected: 200, response time in milliseconds: 17, url: http://localhost:9897/normal/webapi/find?jobTitle=Software+Engg+-+2&id=95, response: 
{"message":"Failed to find job with id=95, jobTitle=Software Engg - 2"}
classpath:com/api/automation/tags/queryParameter.feature:21
<<<

HTML report: (paste into browser to view) | Karate version: 1.4.1
file:///Users/jaredsalinas/IdeaProjects/KarateFrameworkTest/target/karate-reports/karate-summary.html
===================================================================

Total Feature => 22
Total Scenarios => 57
Passed Scenarios => 46
]]></system-out>
  </testcase>
</testsuite>